[2022-12-28 16:30:21,175] {taskinstance.py:851} INFO - Dependencies all met for <TaskInstance: crypto_data_etl_auto_train_model.get_tweet_and_analysis_sentiment 2022-12-27T07:00:00+00:00 [queued]>
[2022-12-28 16:30:21,186] {taskinstance.py:851} INFO - Dependencies all met for <TaskInstance: crypto_data_etl_auto_train_model.get_tweet_and_analysis_sentiment 2022-12-27T07:00:00+00:00 [queued]>
[2022-12-28 16:30:21,186] {taskinstance.py:1042} INFO - 
--------------------------------------------------------------------------------
[2022-12-28 16:30:21,186] {taskinstance.py:1043} INFO - Starting attempt 1 of 6
[2022-12-28 16:30:21,187] {taskinstance.py:1044} INFO - 
--------------------------------------------------------------------------------
[2022-12-28 16:30:21,200] {taskinstance.py:1063} INFO - Executing <Task(PythonOperator): get_tweet_and_analysis_sentiment> on 2022-12-27T07:00:00+00:00
[2022-12-28 16:30:21,207] {standard_task_runner.py:52} INFO - Started process 251 to run task
[2022-12-28 16:30:21,212] {standard_task_runner.py:76} INFO - Running: ['airflow', 'tasks', 'run', 'crypto_data_etl_auto_train_model', 'get_tweet_and_analysis_sentiment', '2022-12-27T07:00:00+00:00', '--job-id', '1103', '--pool', 'default_pool', '--raw', '--subdir', 'DAGS_FOLDER/crypto_etl.py', '--cfg-path', '/tmp/tmphfevg66a', '--error-file', '/tmp/tmpm1xdmyjp']
[2022-12-28 16:30:21,217] {standard_task_runner.py:77} INFO - Job 1103: Subtask get_tweet_and_analysis_sentiment
[2022-12-28 16:30:21,258] {logging_mixin.py:104} INFO - Running <TaskInstance: crypto_data_etl_auto_train_model.get_tweet_and_analysis_sentiment 2022-12-27T07:00:00+00:00 [running]> on host 2a76951a993b
[2022-12-28 16:30:21,295] {taskinstance.py:1257} INFO - Exporting the following env vars:
AIRFLOW_CTX_DAG_OWNER=VMD
AIRFLOW_CTX_DAG_ID=crypto_data_etl_auto_train_model
AIRFLOW_CTX_TASK_ID=get_tweet_and_analysis_sentiment
AIRFLOW_CTX_EXECUTION_DATE=2022-12-27T07:00:00+00:00
AIRFLOW_CTX_DAG_RUN_ID=scheduled__2022-12-27T07:00:00+00:00
[2022-12-28 16:30:21,298] {logging_mixin.py:104} INFO - scrawling for VitalikButerin
[2022-12-28 16:30:21,298] {logging_mixin.py:104} INFO - 
[2022-12-28 16:30:21,299] {twitter.py:100} INFO - Retrieving guest token from search page
[2022-12-28 16:30:21,301] {base.py:56} INFO - Retrieving https://twitter.com/search?f=live&lang=en&q=from%3AVitalikButerin%0Abitcoin+since%3A2022-12-27+until%3A2022-12-28&src=spelling_expansion_revert_click
[2022-12-28 16:30:22,007] {twitter.py:135} INFO - Retrieving scroll page None
[2022-12-28 16:30:22,008] {base.py:56} INFO - Retrieving https://api.twitter.com/2/search/adaptive.json?include_profile_interstitial_type=1&include_blocking=1&include_blocked_by=1&include_followed_by=1&include_want_retweets=1&include_mute_edge=1&include_can_dm=1&include_can_media_tag=1&skip_status=1&cards_platform=Web-12&include_cards=1&include_composer_source=true&include_ext_alt_text=true&include_reply_count=1&tweet_mode=extended&include_entities=true&include_user_entities=true&include_ext_media_color=true&include_ext_media_availability=true&send_error_codes=true&simple_quoted_tweets=true&q=from%3AVitalikButerin%0Abitcoin+since%3A2022-12-27+until%3A2022-12-28&tweet_search_mode=live&count=100&query_source=spelling_expansion_revert_click&pc=1&spelling_corrections=1&ext=mediaStats%252CcameraMoment
[2022-12-28 16:30:22,358] {twitter.py:135} INFO - Retrieving scroll page scroll:thGAVUV0VFVBYBFgEScRWAiXoVgIl6GARVU0VSNQEVABUAAA==
[2022-12-28 16:30:22,360] {base.py:56} INFO - Retrieving https://api.twitter.com/2/search/adaptive.json?include_profile_interstitial_type=1&include_blocking=1&include_blocked_by=1&include_followed_by=1&include_want_retweets=1&include_mute_edge=1&include_can_dm=1&include_can_media_tag=1&skip_status=1&cards_platform=Web-12&include_cards=1&include_composer_source=true&include_ext_alt_text=true&include_reply_count=1&tweet_mode=extended&include_entities=true&include_user_entities=true&include_ext_media_color=true&include_ext_media_availability=true&send_error_codes=true&simple_quoted_tweets=true&q=from%3AVitalikButerin%0Abitcoin+since%3A2022-12-27+until%3A2022-12-28&tweet_search_mode=live&count=100&query_source=spelling_expansion_revert_click&cursor=scroll%3AthGAVUV0VFVBYBFgEScRWAiXoVgIl6GARVU0VSNQEVABUAAA%3D%3D&pc=1&spelling_corrections=1&ext=mediaStats%252CcameraMoment
[2022-12-28 16:30:22,620] {twitter.py:100} INFO - Retrieving guest token from search page
[2022-12-28 16:30:22,623] {base.py:56} INFO - Retrieving https://twitter.com/search?f=live&lang=en&q=from%3AVitalikButerin%0Abtc+since%3A2022-12-27+until%3A2022-12-28&src=spelling_expansion_revert_click
[2022-12-28 16:30:23,268] {twitter.py:135} INFO - Retrieving scroll page None
[2022-12-28 16:30:23,269] {base.py:56} INFO - Retrieving https://api.twitter.com/2/search/adaptive.json?include_profile_interstitial_type=1&include_blocking=1&include_blocked_by=1&include_followed_by=1&include_want_retweets=1&include_mute_edge=1&include_can_dm=1&include_can_media_tag=1&skip_status=1&cards_platform=Web-12&include_cards=1&include_composer_source=true&include_ext_alt_text=true&include_reply_count=1&tweet_mode=extended&include_entities=true&include_user_entities=true&include_ext_media_color=true&include_ext_media_availability=true&send_error_codes=true&simple_quoted_tweets=true&q=from%3AVitalikButerin%0Abtc+since%3A2022-12-27+until%3A2022-12-28&tweet_search_mode=live&count=100&query_source=spelling_expansion_revert_click&pc=1&spelling_corrections=1&ext=mediaStats%252CcameraMoment
[2022-12-28 16:30:23,643] {twitter.py:135} INFO - Retrieving scroll page scroll:thGAVUV0VFVBYBFgEScRWAiXoVgIl6GARVU0VSNQEVABUAAA==
[2022-12-28 16:30:23,644] {base.py:56} INFO - Retrieving https://api.twitter.com/2/search/adaptive.json?include_profile_interstitial_type=1&include_blocking=1&include_blocked_by=1&include_followed_by=1&include_want_retweets=1&include_mute_edge=1&include_can_dm=1&include_can_media_tag=1&skip_status=1&cards_platform=Web-12&include_cards=1&include_composer_source=true&include_ext_alt_text=true&include_reply_count=1&tweet_mode=extended&include_entities=true&include_user_entities=true&include_ext_media_color=true&include_ext_media_availability=true&send_error_codes=true&simple_quoted_tweets=true&q=from%3AVitalikButerin%0Abtc+since%3A2022-12-27+until%3A2022-12-28&tweet_search_mode=live&count=100&query_source=spelling_expansion_revert_click&cursor=scroll%3AthGAVUV0VFVBYBFgEScRWAiXoVgIl6GARVU0VSNQEVABUAAA%3D%3D&pc=1&spelling_corrections=1&ext=mediaStats%252CcameraMoment
[2022-12-28 16:30:23,900] {logging_mixin.py:104} INFO - scrawling for rogerkver
[2022-12-28 16:30:23,900] {logging_mixin.py:104} INFO - 
[2022-12-28 16:30:23,901] {twitter.py:100} INFO - Retrieving guest token from search page
[2022-12-28 16:30:23,901] {base.py:56} INFO - Retrieving https://twitter.com/search?f=live&lang=en&q=from%3Arogerkver%0Abitcoin+since%3A2022-12-27+until%3A2022-12-28&src=spelling_expansion_revert_click
[2022-12-28 16:30:24,628] {twitter.py:135} INFO - Retrieving scroll page None
[2022-12-28 16:30:24,629] {base.py:56} INFO - Retrieving https://api.twitter.com/2/search/adaptive.json?include_profile_interstitial_type=1&include_blocking=1&include_blocked_by=1&include_followed_by=1&include_want_retweets=1&include_mute_edge=1&include_can_dm=1&include_can_media_tag=1&skip_status=1&cards_platform=Web-12&include_cards=1&include_composer_source=true&include_ext_alt_text=true&include_reply_count=1&tweet_mode=extended&include_entities=true&include_user_entities=true&include_ext_media_color=true&include_ext_media_availability=true&send_error_codes=true&simple_quoted_tweets=true&q=from%3Arogerkver%0Abitcoin+since%3A2022-12-27+until%3A2022-12-28&tweet_search_mode=live&count=100&query_source=spelling_expansion_revert_click&pc=1&spelling_corrections=1&ext=mediaStats%252CcameraMoment
[2022-12-28 16:30:24,947] {twitter.py:135} INFO - Retrieving scroll page scroll:thGAVUV0VFVBYBFgEScRWAiXoVgIl6GARVU0VSNQEVABUAAA==
[2022-12-28 16:30:24,949] {base.py:56} INFO - Retrieving https://api.twitter.com/2/search/adaptive.json?include_profile_interstitial_type=1&include_blocking=1&include_blocked_by=1&include_followed_by=1&include_want_retweets=1&include_mute_edge=1&include_can_dm=1&include_can_media_tag=1&skip_status=1&cards_platform=Web-12&include_cards=1&include_composer_source=true&include_ext_alt_text=true&include_reply_count=1&tweet_mode=extended&include_entities=true&include_user_entities=true&include_ext_media_color=true&include_ext_media_availability=true&send_error_codes=true&simple_quoted_tweets=true&q=from%3Arogerkver%0Abitcoin+since%3A2022-12-27+until%3A2022-12-28&tweet_search_mode=live&count=100&query_source=spelling_expansion_revert_click&cursor=scroll%3AthGAVUV0VFVBYBFgEScRWAiXoVgIl6GARVU0VSNQEVABUAAA%3D%3D&pc=1&spelling_corrections=1&ext=mediaStats%252CcameraMoment
[2022-12-28 16:30:25,192] {twitter.py:100} INFO - Retrieving guest token from search page
[2022-12-28 16:30:25,193] {base.py:56} INFO - Retrieving https://twitter.com/search?f=live&lang=en&q=from%3Arogerkver%0Abtc+since%3A2022-12-27+until%3A2022-12-28&src=spelling_expansion_revert_click
[2022-12-28 16:30:25,819] {twitter.py:135} INFO - Retrieving scroll page None
[2022-12-28 16:30:25,820] {base.py:56} INFO - Retrieving https://api.twitter.com/2/search/adaptive.json?include_profile_interstitial_type=1&include_blocking=1&include_blocked_by=1&include_followed_by=1&include_want_retweets=1&include_mute_edge=1&include_can_dm=1&include_can_media_tag=1&skip_status=1&cards_platform=Web-12&include_cards=1&include_composer_source=true&include_ext_alt_text=true&include_reply_count=1&tweet_mode=extended&include_entities=true&include_user_entities=true&include_ext_media_color=true&include_ext_media_availability=true&send_error_codes=true&simple_quoted_tweets=true&q=from%3Arogerkver%0Abtc+since%3A2022-12-27+until%3A2022-12-28&tweet_search_mode=live&count=100&query_source=spelling_expansion_revert_click&pc=1&spelling_corrections=1&ext=mediaStats%252CcameraMoment
[2022-12-28 16:30:26,195] {twitter.py:135} INFO - Retrieving scroll page scroll:thGAVUV0VFVBYBFgEScRWAiXoVgIl6GARVU0VSNQEVABUAAA==
[2022-12-28 16:30:26,196] {base.py:56} INFO - Retrieving https://api.twitter.com/2/search/adaptive.json?include_profile_interstitial_type=1&include_blocking=1&include_blocked_by=1&include_followed_by=1&include_want_retweets=1&include_mute_edge=1&include_can_dm=1&include_can_media_tag=1&skip_status=1&cards_platform=Web-12&include_cards=1&include_composer_source=true&include_ext_alt_text=true&include_reply_count=1&tweet_mode=extended&include_entities=true&include_user_entities=true&include_ext_media_color=true&include_ext_media_availability=true&send_error_codes=true&simple_quoted_tweets=true&q=from%3Arogerkver%0Abtc+since%3A2022-12-27+until%3A2022-12-28&tweet_search_mode=live&count=100&query_source=spelling_expansion_revert_click&cursor=scroll%3AthGAVUV0VFVBYBFgEScRWAiXoVgIl6GARVU0VSNQEVABUAAA%3D%3D&pc=1&spelling_corrections=1&ext=mediaStats%252CcameraMoment
[2022-12-28 16:30:26,452] {logging_mixin.py:104} INFO - scrawling for Apompliano
[2022-12-28 16:30:26,452] {logging_mixin.py:104} INFO - 
[2022-12-28 16:30:26,452] {twitter.py:100} INFO - Retrieving guest token from search page
[2022-12-28 16:30:26,453] {base.py:56} INFO - Retrieving https://twitter.com/search?f=live&lang=en&q=from%3AApompliano%0Abitcoin+since%3A2022-12-27+until%3A2022-12-28&src=spelling_expansion_revert_click
[2022-12-28 16:30:27,183] {twitter.py:135} INFO - Retrieving scroll page None
[2022-12-28 16:30:27,184] {base.py:56} INFO - Retrieving https://api.twitter.com/2/search/adaptive.json?include_profile_interstitial_type=1&include_blocking=1&include_blocked_by=1&include_followed_by=1&include_want_retweets=1&include_mute_edge=1&include_can_dm=1&include_can_media_tag=1&skip_status=1&cards_platform=Web-12&include_cards=1&include_composer_source=true&include_ext_alt_text=true&include_reply_count=1&tweet_mode=extended&include_entities=true&include_user_entities=true&include_ext_media_color=true&include_ext_media_availability=true&send_error_codes=true&simple_quoted_tweets=true&q=from%3AApompliano%0Abitcoin+since%3A2022-12-27+until%3A2022-12-28&tweet_search_mode=live&count=100&query_source=spelling_expansion_revert_click&pc=1&spelling_corrections=1&ext=mediaStats%252CcameraMoment
[2022-12-28 16:30:27,562] {twitter.py:135} INFO - Retrieving scroll page scroll:thGAVUV0VFVBaAwL6NiYOi0CwWgMC-jYmDotAsEnEV7Ih6FYCJehgEVVNFUjUBFQAVAAA=
[2022-12-28 16:30:27,564] {base.py:56} INFO - Retrieving https://api.twitter.com/2/search/adaptive.json?include_profile_interstitial_type=1&include_blocking=1&include_blocked_by=1&include_followed_by=1&include_want_retweets=1&include_mute_edge=1&include_can_dm=1&include_can_media_tag=1&skip_status=1&cards_platform=Web-12&include_cards=1&include_composer_source=true&include_ext_alt_text=true&include_reply_count=1&tweet_mode=extended&include_entities=true&include_user_entities=true&include_ext_media_color=true&include_ext_media_availability=true&send_error_codes=true&simple_quoted_tweets=true&q=from%3AApompliano%0Abitcoin+since%3A2022-12-27+until%3A2022-12-28&tweet_search_mode=live&count=100&query_source=spelling_expansion_revert_click&cursor=scroll%3AthGAVUV0VFVBaAwL6NiYOi0CwWgMC-jYmDotAsEnEV7Ih6FYCJehgEVVNFUjUBFQAVAAA%3D&pc=1&spelling_corrections=1&ext=mediaStats%252CcameraMoment
[2022-12-28 16:30:27,799] {twitter.py:100} INFO - Retrieving guest token from search page
[2022-12-28 16:30:27,800] {base.py:56} INFO - Retrieving https://twitter.com/search?f=live&lang=en&q=from%3AApompliano%0Abtc+since%3A2022-12-27+until%3A2022-12-28&src=spelling_expansion_revert_click
[2022-12-28 16:30:28,535] {twitter.py:135} INFO - Retrieving scroll page None
[2022-12-28 16:30:28,536] {base.py:56} INFO - Retrieving https://api.twitter.com/2/search/adaptive.json?include_profile_interstitial_type=1&include_blocking=1&include_blocked_by=1&include_followed_by=1&include_want_retweets=1&include_mute_edge=1&include_can_dm=1&include_can_media_tag=1&skip_status=1&cards_platform=Web-12&include_cards=1&include_composer_source=true&include_ext_alt_text=true&include_reply_count=1&tweet_mode=extended&include_entities=true&include_user_entities=true&include_ext_media_color=true&include_ext_media_availability=true&send_error_codes=true&simple_quoted_tweets=true&q=from%3AApompliano%0Abtc+since%3A2022-12-27+until%3A2022-12-28&tweet_search_mode=live&count=100&query_source=spelling_expansion_revert_click&pc=1&spelling_corrections=1&ext=mediaStats%252CcameraMoment
[2022-12-28 16:30:28,895] {twitter.py:135} INFO - Retrieving scroll page scroll:thGAVUV0VFVBYBFgEScRWAiXoVgIl6GARVU0VSNQEVABUAAA==
[2022-12-28 16:30:28,896] {base.py:56} INFO - Retrieving https://api.twitter.com/2/search/adaptive.json?include_profile_interstitial_type=1&include_blocking=1&include_blocked_by=1&include_followed_by=1&include_want_retweets=1&include_mute_edge=1&include_can_dm=1&include_can_media_tag=1&skip_status=1&cards_platform=Web-12&include_cards=1&include_composer_source=true&include_ext_alt_text=true&include_reply_count=1&tweet_mode=extended&include_entities=true&include_user_entities=true&include_ext_media_color=true&include_ext_media_availability=true&send_error_codes=true&simple_quoted_tweets=true&q=from%3AApompliano%0Abtc+since%3A2022-12-27+until%3A2022-12-28&tweet_search_mode=live&count=100&query_source=spelling_expansion_revert_click&cursor=scroll%3AthGAVUV0VFVBYBFgEScRWAiXoVgIl6GARVU0VSNQEVABUAAA%3D%3D&pc=1&spelling_corrections=1&ext=mediaStats%252CcameraMoment
[2022-12-28 16:30:29,149] {logging_mixin.py:104} INFO - scrawling for brian_armstrong
[2022-12-28 16:30:29,150] {logging_mixin.py:104} INFO - 
[2022-12-28 16:30:29,151] {twitter.py:100} INFO - Retrieving guest token from search page
[2022-12-28 16:30:29,151] {base.py:56} INFO - Retrieving https://twitter.com/search?f=live&lang=en&q=from%3Abrian_armstrong%0Abitcoin+since%3A2022-12-27+until%3A2022-12-28&src=spelling_expansion_revert_click
[2022-12-28 16:30:29,872] {twitter.py:135} INFO - Retrieving scroll page None
[2022-12-28 16:30:29,873] {base.py:56} INFO - Retrieving https://api.twitter.com/2/search/adaptive.json?include_profile_interstitial_type=1&include_blocking=1&include_blocked_by=1&include_followed_by=1&include_want_retweets=1&include_mute_edge=1&include_can_dm=1&include_can_media_tag=1&skip_status=1&cards_platform=Web-12&include_cards=1&include_composer_source=true&include_ext_alt_text=true&include_reply_count=1&tweet_mode=extended&include_entities=true&include_user_entities=true&include_ext_media_color=true&include_ext_media_availability=true&send_error_codes=true&simple_quoted_tweets=true&q=from%3Abrian_armstrong%0Abitcoin+since%3A2022-12-27+until%3A2022-12-28&tweet_search_mode=live&count=100&query_source=spelling_expansion_revert_click&pc=1&spelling_corrections=1&ext=mediaStats%252CcameraMoment
[2022-12-28 16:30:30,198] {twitter.py:135} INFO - Retrieving scroll page scroll:thGAVUV0VFVBYBFgEScRWAiXoVgIl6GARVU0VSNQEVABUAAA==
[2022-12-28 16:30:30,199] {base.py:56} INFO - Retrieving https://api.twitter.com/2/search/adaptive.json?include_profile_interstitial_type=1&include_blocking=1&include_blocked_by=1&include_followed_by=1&include_want_retweets=1&include_mute_edge=1&include_can_dm=1&include_can_media_tag=1&skip_status=1&cards_platform=Web-12&include_cards=1&include_composer_source=true&include_ext_alt_text=true&include_reply_count=1&tweet_mode=extended&include_entities=true&include_user_entities=true&include_ext_media_color=true&include_ext_media_availability=true&send_error_codes=true&simple_quoted_tweets=true&q=from%3Abrian_armstrong%0Abitcoin+since%3A2022-12-27+until%3A2022-12-28&tweet_search_mode=live&count=100&query_source=spelling_expansion_revert_click&cursor=scroll%3AthGAVUV0VFVBYBFgEScRWAiXoVgIl6GARVU0VSNQEVABUAAA%3D%3D&pc=1&spelling_corrections=1&ext=mediaStats%252CcameraMoment
[2022-12-28 16:30:30,432] {twitter.py:100} INFO - Retrieving guest token from search page
[2022-12-28 16:30:30,433] {base.py:56} INFO - Retrieving https://twitter.com/search?f=live&lang=en&q=from%3Abrian_armstrong%0Abtc+since%3A2022-12-27+until%3A2022-12-28&src=spelling_expansion_revert_click
[2022-12-28 16:30:31,090] {twitter.py:135} INFO - Retrieving scroll page None
[2022-12-28 16:30:31,091] {base.py:56} INFO - Retrieving https://api.twitter.com/2/search/adaptive.json?include_profile_interstitial_type=1&include_blocking=1&include_blocked_by=1&include_followed_by=1&include_want_retweets=1&include_mute_edge=1&include_can_dm=1&include_can_media_tag=1&skip_status=1&cards_platform=Web-12&include_cards=1&include_composer_source=true&include_ext_alt_text=true&include_reply_count=1&tweet_mode=extended&include_entities=true&include_user_entities=true&include_ext_media_color=true&include_ext_media_availability=true&send_error_codes=true&simple_quoted_tweets=true&q=from%3Abrian_armstrong%0Abtc+since%3A2022-12-27+until%3A2022-12-28&tweet_search_mode=live&count=100&query_source=spelling_expansion_revert_click&pc=1&spelling_corrections=1&ext=mediaStats%252CcameraMoment
[2022-12-28 16:30:31,414] {twitter.py:135} INFO - Retrieving scroll page scroll:thGAVUV0VFVBYBFgEScRWAiXoVgIl6GARVU0VSNQEVABUAAA==
[2022-12-28 16:30:31,415] {base.py:56} INFO - Retrieving https://api.twitter.com/2/search/adaptive.json?include_profile_interstitial_type=1&include_blocking=1&include_blocked_by=1&include_followed_by=1&include_want_retweets=1&include_mute_edge=1&include_can_dm=1&include_can_media_tag=1&skip_status=1&cards_platform=Web-12&include_cards=1&include_composer_source=true&include_ext_alt_text=true&include_reply_count=1&tweet_mode=extended&include_entities=true&include_user_entities=true&include_ext_media_color=true&include_ext_media_availability=true&send_error_codes=true&simple_quoted_tweets=true&q=from%3Abrian_armstrong%0Abtc+since%3A2022-12-27+until%3A2022-12-28&tweet_search_mode=live&count=100&query_source=spelling_expansion_revert_click&cursor=scroll%3AthGAVUV0VFVBYBFgEScRWAiXoVgIl6GARVU0VSNQEVABUAAA%3D%3D&pc=1&spelling_corrections=1&ext=mediaStats%252CcameraMoment
[2022-12-28 16:30:31,672] {logging_mixin.py:104} INFO - scrawling for BarrySilbert
[2022-12-28 16:30:31,673] {logging_mixin.py:104} INFO - 
[2022-12-28 16:30:31,673] {twitter.py:100} INFO - Retrieving guest token from search page
[2022-12-28 16:30:31,674] {base.py:56} INFO - Retrieving https://twitter.com/search?f=live&lang=en&q=from%3ABarrySilbert%0Abitcoin+since%3A2022-12-27+until%3A2022-12-28&src=spelling_expansion_revert_click
[2022-12-28 16:30:32,329] {twitter.py:135} INFO - Retrieving scroll page None
[2022-12-28 16:30:32,330] {base.py:56} INFO - Retrieving https://api.twitter.com/2/search/adaptive.json?include_profile_interstitial_type=1&include_blocking=1&include_blocked_by=1&include_followed_by=1&include_want_retweets=1&include_mute_edge=1&include_can_dm=1&include_can_media_tag=1&skip_status=1&cards_platform=Web-12&include_cards=1&include_composer_source=true&include_ext_alt_text=true&include_reply_count=1&tweet_mode=extended&include_entities=true&include_user_entities=true&include_ext_media_color=true&include_ext_media_availability=true&send_error_codes=true&simple_quoted_tweets=true&q=from%3ABarrySilbert%0Abitcoin+since%3A2022-12-27+until%3A2022-12-28&tweet_search_mode=live&count=100&query_source=spelling_expansion_revert_click&pc=1&spelling_corrections=1&ext=mediaStats%252CcameraMoment
[2022-12-28 16:30:32,687] {twitter.py:135} INFO - Retrieving scroll page scroll:thGAVUV0VFVBYBFgEScRWAiXoVgIl6GARVU0VSNQEVABUAAA==
[2022-12-28 16:30:32,689] {base.py:56} INFO - Retrieving https://api.twitter.com/2/search/adaptive.json?include_profile_interstitial_type=1&include_blocking=1&include_blocked_by=1&include_followed_by=1&include_want_retweets=1&include_mute_edge=1&include_can_dm=1&include_can_media_tag=1&skip_status=1&cards_platform=Web-12&include_cards=1&include_composer_source=true&include_ext_alt_text=true&include_reply_count=1&tweet_mode=extended&include_entities=true&include_user_entities=true&include_ext_media_color=true&include_ext_media_availability=true&send_error_codes=true&simple_quoted_tweets=true&q=from%3ABarrySilbert%0Abitcoin+since%3A2022-12-27+until%3A2022-12-28&tweet_search_mode=live&count=100&query_source=spelling_expansion_revert_click&cursor=scroll%3AthGAVUV0VFVBYBFgEScRWAiXoVgIl6GARVU0VSNQEVABUAAA%3D%3D&pc=1&spelling_corrections=1&ext=mediaStats%252CcameraMoment
[2022-12-28 16:30:32,943] {twitter.py:100} INFO - Retrieving guest token from search page
[2022-12-28 16:30:32,944] {base.py:56} INFO - Retrieving https://twitter.com/search?f=live&lang=en&q=from%3ABarrySilbert%0Abtc+since%3A2022-12-27+until%3A2022-12-28&src=spelling_expansion_revert_click
[2022-12-28 16:30:33,669] {twitter.py:135} INFO - Retrieving scroll page None
[2022-12-28 16:30:33,671] {base.py:56} INFO - Retrieving https://api.twitter.com/2/search/adaptive.json?include_profile_interstitial_type=1&include_blocking=1&include_blocked_by=1&include_followed_by=1&include_want_retweets=1&include_mute_edge=1&include_can_dm=1&include_can_media_tag=1&skip_status=1&cards_platform=Web-12&include_cards=1&include_composer_source=true&include_ext_alt_text=true&include_reply_count=1&tweet_mode=extended&include_entities=true&include_user_entities=true&include_ext_media_color=true&include_ext_media_availability=true&send_error_codes=true&simple_quoted_tweets=true&q=from%3ABarrySilbert%0Abtc+since%3A2022-12-27+until%3A2022-12-28&tweet_search_mode=live&count=100&query_source=spelling_expansion_revert_click&pc=1&spelling_corrections=1&ext=mediaStats%252CcameraMoment
[2022-12-28 16:30:34,016] {twitter.py:135} INFO - Retrieving scroll page scroll:thGAVUV0VFVBYBFgEScRWAiXoVgIl6GARVU0VSNQEVABUAAA==
[2022-12-28 16:30:34,017] {base.py:56} INFO - Retrieving https://api.twitter.com/2/search/adaptive.json?include_profile_interstitial_type=1&include_blocking=1&include_blocked_by=1&include_followed_by=1&include_want_retweets=1&include_mute_edge=1&include_can_dm=1&include_can_media_tag=1&skip_status=1&cards_platform=Web-12&include_cards=1&include_composer_source=true&include_ext_alt_text=true&include_reply_count=1&tweet_mode=extended&include_entities=true&include_user_entities=true&include_ext_media_color=true&include_ext_media_availability=true&send_error_codes=true&simple_quoted_tweets=true&q=from%3ABarrySilbert%0Abtc+since%3A2022-12-27+until%3A2022-12-28&tweet_search_mode=live&count=100&query_source=spelling_expansion_revert_click&cursor=scroll%3AthGAVUV0VFVBYBFgEScRWAiXoVgIl6GARVU0VSNQEVABUAAA%3D%3D&pc=1&spelling_corrections=1&ext=mediaStats%252CcameraMoment
[2022-12-28 16:30:34,259] {logging_mixin.py:104} INFO - scrawling for aantonop
[2022-12-28 16:30:34,260] {logging_mixin.py:104} INFO - 
[2022-12-28 16:30:34,260] {twitter.py:100} INFO - Retrieving guest token from search page
[2022-12-28 16:30:34,261] {base.py:56} INFO - Retrieving https://twitter.com/search?f=live&lang=en&q=from%3Aaantonop%0Abitcoin+since%3A2022-12-27+until%3A2022-12-28&src=spelling_expansion_revert_click
[2022-12-28 16:30:34,883] {twitter.py:135} INFO - Retrieving scroll page None
[2022-12-28 16:30:34,885] {base.py:56} INFO - Retrieving https://api.twitter.com/2/search/adaptive.json?include_profile_interstitial_type=1&include_blocking=1&include_blocked_by=1&include_followed_by=1&include_want_retweets=1&include_mute_edge=1&include_can_dm=1&include_can_media_tag=1&skip_status=1&cards_platform=Web-12&include_cards=1&include_composer_source=true&include_ext_alt_text=true&include_reply_count=1&tweet_mode=extended&include_entities=true&include_user_entities=true&include_ext_media_color=true&include_ext_media_availability=true&send_error_codes=true&simple_quoted_tweets=true&q=from%3Aaantonop%0Abitcoin+since%3A2022-12-27+until%3A2022-12-28&tweet_search_mode=live&count=100&query_source=spelling_expansion_revert_click&pc=1&spelling_corrections=1&ext=mediaStats%252CcameraMoment
[2022-12-28 16:30:35,256] {twitter.py:135} INFO - Retrieving scroll page scroll:thGAVUV0VFVBYBFgEScRWAiXoVgIl6GARVU0VSNQEVABUAAA==
[2022-12-28 16:30:35,257] {base.py:56} INFO - Retrieving https://api.twitter.com/2/search/adaptive.json?include_profile_interstitial_type=1&include_blocking=1&include_blocked_by=1&include_followed_by=1&include_want_retweets=1&include_mute_edge=1&include_can_dm=1&include_can_media_tag=1&skip_status=1&cards_platform=Web-12&include_cards=1&include_composer_source=true&include_ext_alt_text=true&include_reply_count=1&tweet_mode=extended&include_entities=true&include_user_entities=true&include_ext_media_color=true&include_ext_media_availability=true&send_error_codes=true&simple_quoted_tweets=true&q=from%3Aaantonop%0Abitcoin+since%3A2022-12-27+until%3A2022-12-28&tweet_search_mode=live&count=100&query_source=spelling_expansion_revert_click&cursor=scroll%3AthGAVUV0VFVBYBFgEScRWAiXoVgIl6GARVU0VSNQEVABUAAA%3D%3D&pc=1&spelling_corrections=1&ext=mediaStats%252CcameraMoment
[2022-12-28 16:30:35,518] {twitter.py:100} INFO - Retrieving guest token from search page
[2022-12-28 16:30:35,519] {base.py:56} INFO - Retrieving https://twitter.com/search?f=live&lang=en&q=from%3Aaantonop%0Abtc+since%3A2022-12-27+until%3A2022-12-28&src=spelling_expansion_revert_click
[2022-12-28 16:30:36,206] {twitter.py:135} INFO - Retrieving scroll page None
[2022-12-28 16:30:36,208] {base.py:56} INFO - Retrieving https://api.twitter.com/2/search/adaptive.json?include_profile_interstitial_type=1&include_blocking=1&include_blocked_by=1&include_followed_by=1&include_want_retweets=1&include_mute_edge=1&include_can_dm=1&include_can_media_tag=1&skip_status=1&cards_platform=Web-12&include_cards=1&include_composer_source=true&include_ext_alt_text=true&include_reply_count=1&tweet_mode=extended&include_entities=true&include_user_entities=true&include_ext_media_color=true&include_ext_media_availability=true&send_error_codes=true&simple_quoted_tweets=true&q=from%3Aaantonop%0Abtc+since%3A2022-12-27+until%3A2022-12-28&tweet_search_mode=live&count=100&query_source=spelling_expansion_revert_click&pc=1&spelling_corrections=1&ext=mediaStats%252CcameraMoment
[2022-12-28 16:30:36,562] {twitter.py:135} INFO - Retrieving scroll page scroll:thGAVUV0VFVBYBFgEScRWAiXoVgIl6GARVU0VSNQEVABUAAA==
[2022-12-28 16:30:36,564] {base.py:56} INFO - Retrieving https://api.twitter.com/2/search/adaptive.json?include_profile_interstitial_type=1&include_blocking=1&include_blocked_by=1&include_followed_by=1&include_want_retweets=1&include_mute_edge=1&include_can_dm=1&include_can_media_tag=1&skip_status=1&cards_platform=Web-12&include_cards=1&include_composer_source=true&include_ext_alt_text=true&include_reply_count=1&tweet_mode=extended&include_entities=true&include_user_entities=true&include_ext_media_color=true&include_ext_media_availability=true&send_error_codes=true&simple_quoted_tweets=true&q=from%3Aaantonop%0Abtc+since%3A2022-12-27+until%3A2022-12-28&tweet_search_mode=live&count=100&query_source=spelling_expansion_revert_click&cursor=scroll%3AthGAVUV0VFVBYBFgEScRWAiXoVgIl6GARVU0VSNQEVABUAAA%3D%3D&pc=1&spelling_corrections=1&ext=mediaStats%252CcameraMoment
[2022-12-28 16:30:36,796] {logging_mixin.py:104} INFO - scrawling for saylor
[2022-12-28 16:30:36,797] {logging_mixin.py:104} INFO - 
[2022-12-28 16:30:36,797] {twitter.py:100} INFO - Retrieving guest token from search page
[2022-12-28 16:30:36,798] {base.py:56} INFO - Retrieving https://twitter.com/search?f=live&lang=en&q=from%3Asaylor%0Abitcoin+since%3A2022-12-27+until%3A2022-12-28&src=spelling_expansion_revert_click
[2022-12-28 16:30:37,518] {twitter.py:135} INFO - Retrieving scroll page None
[2022-12-28 16:30:37,519] {base.py:56} INFO - Retrieving https://api.twitter.com/2/search/adaptive.json?include_profile_interstitial_type=1&include_blocking=1&include_blocked_by=1&include_followed_by=1&include_want_retweets=1&include_mute_edge=1&include_can_dm=1&include_can_media_tag=1&skip_status=1&cards_platform=Web-12&include_cards=1&include_composer_source=true&include_ext_alt_text=true&include_reply_count=1&tweet_mode=extended&include_entities=true&include_user_entities=true&include_ext_media_color=true&include_ext_media_availability=true&send_error_codes=true&simple_quoted_tweets=true&q=from%3Asaylor%0Abitcoin+since%3A2022-12-27+until%3A2022-12-28&tweet_search_mode=live&count=100&query_source=spelling_expansion_revert_click&pc=1&spelling_corrections=1&ext=mediaStats%252CcameraMoment
[2022-12-28 16:30:37,894] {twitter.py:135} INFO - Retrieving scroll page scroll:thGAVUV0VFVBaAwL6V_9rvzywWgMC-lf_a788sEnEV7Ih6FYCJehgEVVNFUjUBFQAVAAA=
[2022-12-28 16:30:37,896] {base.py:56} INFO - Retrieving https://api.twitter.com/2/search/adaptive.json?include_profile_interstitial_type=1&include_blocking=1&include_blocked_by=1&include_followed_by=1&include_want_retweets=1&include_mute_edge=1&include_can_dm=1&include_can_media_tag=1&skip_status=1&cards_platform=Web-12&include_cards=1&include_composer_source=true&include_ext_alt_text=true&include_reply_count=1&tweet_mode=extended&include_entities=true&include_user_entities=true&include_ext_media_color=true&include_ext_media_availability=true&send_error_codes=true&simple_quoted_tweets=true&q=from%3Asaylor%0Abitcoin+since%3A2022-12-27+until%3A2022-12-28&tweet_search_mode=live&count=100&query_source=spelling_expansion_revert_click&cursor=scroll%3AthGAVUV0VFVBaAwL6V_9rvzywWgMC-lf_a788sEnEV7Ih6FYCJehgEVVNFUjUBFQAVAAA%3D&pc=1&spelling_corrections=1&ext=mediaStats%252CcameraMoment
[2022-12-28 16:30:38,151] {twitter.py:100} INFO - Retrieving guest token from search page
[2022-12-28 16:30:38,152] {base.py:56} INFO - Retrieving https://twitter.com/search?f=live&lang=en&q=from%3Asaylor%0Abtc+since%3A2022-12-27+until%3A2022-12-28&src=spelling_expansion_revert_click
[2022-12-28 16:30:38,835] {twitter.py:135} INFO - Retrieving scroll page None
[2022-12-28 16:30:38,836] {base.py:56} INFO - Retrieving https://api.twitter.com/2/search/adaptive.json?include_profile_interstitial_type=1&include_blocking=1&include_blocked_by=1&include_followed_by=1&include_want_retweets=1&include_mute_edge=1&include_can_dm=1&include_can_media_tag=1&skip_status=1&cards_platform=Web-12&include_cards=1&include_composer_source=true&include_ext_alt_text=true&include_reply_count=1&tweet_mode=extended&include_entities=true&include_user_entities=true&include_ext_media_color=true&include_ext_media_availability=true&send_error_codes=true&simple_quoted_tweets=true&q=from%3Asaylor%0Abtc+since%3A2022-12-27+until%3A2022-12-28&tweet_search_mode=live&count=100&query_source=spelling_expansion_revert_click&pc=1&spelling_corrections=1&ext=mediaStats%252CcameraMoment
[2022-12-28 16:30:39,199] {twitter.py:135} INFO - Retrieving scroll page scroll:thGAVUV0VFVBYBFgEScRWAiXoVgIl6GARVU0VSNQEVABUAAA==
[2022-12-28 16:30:39,200] {base.py:56} INFO - Retrieving https://api.twitter.com/2/search/adaptive.json?include_profile_interstitial_type=1&include_blocking=1&include_blocked_by=1&include_followed_by=1&include_want_retweets=1&include_mute_edge=1&include_can_dm=1&include_can_media_tag=1&skip_status=1&cards_platform=Web-12&include_cards=1&include_composer_source=true&include_ext_alt_text=true&include_reply_count=1&tweet_mode=extended&include_entities=true&include_user_entities=true&include_ext_media_color=true&include_ext_media_availability=true&send_error_codes=true&simple_quoted_tweets=true&q=from%3Asaylor%0Abtc+since%3A2022-12-27+until%3A2022-12-28&tweet_search_mode=live&count=100&query_source=spelling_expansion_revert_click&cursor=scroll%3AthGAVUV0VFVBYBFgEScRWAiXoVgIl6GARVU0VSNQEVABUAAA%3D%3D&pc=1&spelling_corrections=1&ext=mediaStats%252CcameraMoment
[2022-12-28 16:30:39,468] {logging_mixin.py:104} INFO - scrawling for TimDraper
[2022-12-28 16:30:39,468] {logging_mixin.py:104} INFO - 
[2022-12-28 16:30:39,469] {twitter.py:100} INFO - Retrieving guest token from search page
[2022-12-28 16:30:39,469] {base.py:56} INFO - Retrieving https://twitter.com/search?f=live&lang=en&q=from%3ATimDraper%0Abitcoin+since%3A2022-12-27+until%3A2022-12-28&src=spelling_expansion_revert_click
[2022-12-28 16:30:40,125] {twitter.py:135} INFO - Retrieving scroll page None
[2022-12-28 16:30:40,126] {base.py:56} INFO - Retrieving https://api.twitter.com/2/search/adaptive.json?include_profile_interstitial_type=1&include_blocking=1&include_blocked_by=1&include_followed_by=1&include_want_retweets=1&include_mute_edge=1&include_can_dm=1&include_can_media_tag=1&skip_status=1&cards_platform=Web-12&include_cards=1&include_composer_source=true&include_ext_alt_text=true&include_reply_count=1&tweet_mode=extended&include_entities=true&include_user_entities=true&include_ext_media_color=true&include_ext_media_availability=true&send_error_codes=true&simple_quoted_tweets=true&q=from%3ATimDraper%0Abitcoin+since%3A2022-12-27+until%3A2022-12-28&tweet_search_mode=live&count=100&query_source=spelling_expansion_revert_click&pc=1&spelling_corrections=1&ext=mediaStats%252CcameraMoment
[2022-12-28 16:30:40,499] {twitter.py:135} INFO - Retrieving scroll page scroll:thGAVUV0VFVBYBFgEScRWAiXoVgIl6GARVU0VSNQEVABUAAA==
[2022-12-28 16:30:40,500] {base.py:56} INFO - Retrieving https://api.twitter.com/2/search/adaptive.json?include_profile_interstitial_type=1&include_blocking=1&include_blocked_by=1&include_followed_by=1&include_want_retweets=1&include_mute_edge=1&include_can_dm=1&include_can_media_tag=1&skip_status=1&cards_platform=Web-12&include_cards=1&include_composer_source=true&include_ext_alt_text=true&include_reply_count=1&tweet_mode=extended&include_entities=true&include_user_entities=true&include_ext_media_color=true&include_ext_media_availability=true&send_error_codes=true&simple_quoted_tweets=true&q=from%3ATimDraper%0Abitcoin+since%3A2022-12-27+until%3A2022-12-28&tweet_search_mode=live&count=100&query_source=spelling_expansion_revert_click&cursor=scroll%3AthGAVUV0VFVBYBFgEScRWAiXoVgIl6GARVU0VSNQEVABUAAA%3D%3D&pc=1&spelling_corrections=1&ext=mediaStats%252CcameraMoment
[2022-12-28 16:30:40,741] {twitter.py:100} INFO - Retrieving guest token from search page
[2022-12-28 16:30:40,742] {base.py:56} INFO - Retrieving https://twitter.com/search?f=live&lang=en&q=from%3ATimDraper%0Abtc+since%3A2022-12-27+until%3A2022-12-28&src=spelling_expansion_revert_click
[2022-12-28 16:30:41,402] {twitter.py:135} INFO - Retrieving scroll page None
[2022-12-28 16:30:41,403] {base.py:56} INFO - Retrieving https://api.twitter.com/2/search/adaptive.json?include_profile_interstitial_type=1&include_blocking=1&include_blocked_by=1&include_followed_by=1&include_want_retweets=1&include_mute_edge=1&include_can_dm=1&include_can_media_tag=1&skip_status=1&cards_platform=Web-12&include_cards=1&include_composer_source=true&include_ext_alt_text=true&include_reply_count=1&tweet_mode=extended&include_entities=true&include_user_entities=true&include_ext_media_color=true&include_ext_media_availability=true&send_error_codes=true&simple_quoted_tweets=true&q=from%3ATimDraper%0Abtc+since%3A2022-12-27+until%3A2022-12-28&tweet_search_mode=live&count=100&query_source=spelling_expansion_revert_click&pc=1&spelling_corrections=1&ext=mediaStats%252CcameraMoment
[2022-12-28 16:30:41,751] {twitter.py:135} INFO - Retrieving scroll page scroll:thGAVUV0VFVBYBFgEScRWAiXoVgIl6GARVU0VSNQEVABUAAA==
[2022-12-28 16:30:41,752] {base.py:56} INFO - Retrieving https://api.twitter.com/2/search/adaptive.json?include_profile_interstitial_type=1&include_blocking=1&include_blocked_by=1&include_followed_by=1&include_want_retweets=1&include_mute_edge=1&include_can_dm=1&include_can_media_tag=1&skip_status=1&cards_platform=Web-12&include_cards=1&include_composer_source=true&include_ext_alt_text=true&include_reply_count=1&tweet_mode=extended&include_entities=true&include_user_entities=true&include_ext_media_color=true&include_ext_media_availability=true&send_error_codes=true&simple_quoted_tweets=true&q=from%3ATimDraper%0Abtc+since%3A2022-12-27+until%3A2022-12-28&tweet_search_mode=live&count=100&query_source=spelling_expansion_revert_click&cursor=scroll%3AthGAVUV0VFVBYBFgEScRWAiXoVgIl6GARVU0VSNQEVABUAAA%3D%3D&pc=1&spelling_corrections=1&ext=mediaStats%252CcameraMoment
[2022-12-28 16:30:41,998] {logging_mixin.py:104} INFO - scrawling for SatoshiLite
[2022-12-28 16:30:41,999] {logging_mixin.py:104} INFO - 
[2022-12-28 16:30:41,999] {twitter.py:100} INFO - Retrieving guest token from search page
[2022-12-28 16:30:42,000] {base.py:56} INFO - Retrieving https://twitter.com/search?f=live&lang=en&q=from%3ASatoshiLite%0Abitcoin+since%3A2022-12-27+until%3A2022-12-28&src=spelling_expansion_revert_click
[2022-12-28 16:30:42,691] {twitter.py:135} INFO - Retrieving scroll page None
[2022-12-28 16:30:42,693] {base.py:56} INFO - Retrieving https://api.twitter.com/2/search/adaptive.json?include_profile_interstitial_type=1&include_blocking=1&include_blocked_by=1&include_followed_by=1&include_want_retweets=1&include_mute_edge=1&include_can_dm=1&include_can_media_tag=1&skip_status=1&cards_platform=Web-12&include_cards=1&include_composer_source=true&include_ext_alt_text=true&include_reply_count=1&tweet_mode=extended&include_entities=true&include_user_entities=true&include_ext_media_color=true&include_ext_media_availability=true&send_error_codes=true&simple_quoted_tweets=true&q=from%3ASatoshiLite%0Abitcoin+since%3A2022-12-27+until%3A2022-12-28&tweet_search_mode=live&count=100&query_source=spelling_expansion_revert_click&pc=1&spelling_corrections=1&ext=mediaStats%252CcameraMoment
[2022-12-28 16:30:43,020] {twitter.py:135} INFO - Retrieving scroll page scroll:thGAVUV0VFVBYBFgEScRWAiXoVgIl6GARVU0VSNQEVABUAAA==
[2022-12-28 16:30:43,021] {base.py:56} INFO - Retrieving https://api.twitter.com/2/search/adaptive.json?include_profile_interstitial_type=1&include_blocking=1&include_blocked_by=1&include_followed_by=1&include_want_retweets=1&include_mute_edge=1&include_can_dm=1&include_can_media_tag=1&skip_status=1&cards_platform=Web-12&include_cards=1&include_composer_source=true&include_ext_alt_text=true&include_reply_count=1&tweet_mode=extended&include_entities=true&include_user_entities=true&include_ext_media_color=true&include_ext_media_availability=true&send_error_codes=true&simple_quoted_tweets=true&q=from%3ASatoshiLite%0Abitcoin+since%3A2022-12-27+until%3A2022-12-28&tweet_search_mode=live&count=100&query_source=spelling_expansion_revert_click&cursor=scroll%3AthGAVUV0VFVBYBFgEScRWAiXoVgIl6GARVU0VSNQEVABUAAA%3D%3D&pc=1&spelling_corrections=1&ext=mediaStats%252CcameraMoment
[2022-12-28 16:30:43,262] {twitter.py:100} INFO - Retrieving guest token from search page
[2022-12-28 16:30:43,263] {base.py:56} INFO - Retrieving https://twitter.com/search?f=live&lang=en&q=from%3ASatoshiLite%0Abtc+since%3A2022-12-27+until%3A2022-12-28&src=spelling_expansion_revert_click
[2022-12-28 16:30:43,962] {twitter.py:135} INFO - Retrieving scroll page None
[2022-12-28 16:30:43,963] {base.py:56} INFO - Retrieving https://api.twitter.com/2/search/adaptive.json?include_profile_interstitial_type=1&include_blocking=1&include_blocked_by=1&include_followed_by=1&include_want_retweets=1&include_mute_edge=1&include_can_dm=1&include_can_media_tag=1&skip_status=1&cards_platform=Web-12&include_cards=1&include_composer_source=true&include_ext_alt_text=true&include_reply_count=1&tweet_mode=extended&include_entities=true&include_user_entities=true&include_ext_media_color=true&include_ext_media_availability=true&send_error_codes=true&simple_quoted_tweets=true&q=from%3ASatoshiLite%0Abtc+since%3A2022-12-27+until%3A2022-12-28&tweet_search_mode=live&count=100&query_source=spelling_expansion_revert_click&pc=1&spelling_corrections=1&ext=mediaStats%252CcameraMoment
[2022-12-28 16:30:44,350] {twitter.py:135} INFO - Retrieving scroll page scroll:thGAVUV0VFVBYBFgEScRWAiXoVgIl6GARVU0VSNQEVABUAAA==
[2022-12-28 16:30:44,352] {base.py:56} INFO - Retrieving https://api.twitter.com/2/search/adaptive.json?include_profile_interstitial_type=1&include_blocking=1&include_blocked_by=1&include_followed_by=1&include_want_retweets=1&include_mute_edge=1&include_can_dm=1&include_can_media_tag=1&skip_status=1&cards_platform=Web-12&include_cards=1&include_composer_source=true&include_ext_alt_text=true&include_reply_count=1&tweet_mode=extended&include_entities=true&include_user_entities=true&include_ext_media_color=true&include_ext_media_availability=true&send_error_codes=true&simple_quoted_tweets=true&q=from%3ASatoshiLite%0Abtc+since%3A2022-12-27+until%3A2022-12-28&tweet_search_mode=live&count=100&query_source=spelling_expansion_revert_click&cursor=scroll%3AthGAVUV0VFVBYBFgEScRWAiXoVgIl6GARVU0VSNQEVABUAAA%3D%3D&pc=1&spelling_corrections=1&ext=mediaStats%252CcameraMoment
[2022-12-28 16:30:44,604] {logging_mixin.py:104} INFO - scrawling for elonmusk
[2022-12-28 16:30:44,604] {logging_mixin.py:104} INFO - 
[2022-12-28 16:30:44,605] {twitter.py:100} INFO - Retrieving guest token from search page
[2022-12-28 16:30:44,605] {base.py:56} INFO - Retrieving https://twitter.com/search?f=live&lang=en&q=from%3Aelonmusk%0Abitcoin+since%3A2022-12-27+until%3A2022-12-28&src=spelling_expansion_revert_click
[2022-12-28 16:30:45,228] {twitter.py:135} INFO - Retrieving scroll page None
[2022-12-28 16:30:45,230] {base.py:56} INFO - Retrieving https://api.twitter.com/2/search/adaptive.json?include_profile_interstitial_type=1&include_blocking=1&include_blocked_by=1&include_followed_by=1&include_want_retweets=1&include_mute_edge=1&include_can_dm=1&include_can_media_tag=1&skip_status=1&cards_platform=Web-12&include_cards=1&include_composer_source=true&include_ext_alt_text=true&include_reply_count=1&tweet_mode=extended&include_entities=true&include_user_entities=true&include_ext_media_color=true&include_ext_media_availability=true&send_error_codes=true&simple_quoted_tweets=true&q=from%3Aelonmusk%0Abitcoin+since%3A2022-12-27+until%3A2022-12-28&tweet_search_mode=live&count=100&query_source=spelling_expansion_revert_click&pc=1&spelling_corrections=1&ext=mediaStats%252CcameraMoment
[2022-12-28 16:30:45,607] {twitter.py:135} INFO - Retrieving scroll page scroll:thGAVUV0VFVBYBFgEScRWAiXoVgIl6GARVU0VSNQEVABUAAA==
[2022-12-28 16:30:45,608] {base.py:56} INFO - Retrieving https://api.twitter.com/2/search/adaptive.json?include_profile_interstitial_type=1&include_blocking=1&include_blocked_by=1&include_followed_by=1&include_want_retweets=1&include_mute_edge=1&include_can_dm=1&include_can_media_tag=1&skip_status=1&cards_platform=Web-12&include_cards=1&include_composer_source=true&include_ext_alt_text=true&include_reply_count=1&tweet_mode=extended&include_entities=true&include_user_entities=true&include_ext_media_color=true&include_ext_media_availability=true&send_error_codes=true&simple_quoted_tweets=true&q=from%3Aelonmusk%0Abitcoin+since%3A2022-12-27+until%3A2022-12-28&tweet_search_mode=live&count=100&query_source=spelling_expansion_revert_click&cursor=scroll%3AthGAVUV0VFVBYBFgEScRWAiXoVgIl6GARVU0VSNQEVABUAAA%3D%3D&pc=1&spelling_corrections=1&ext=mediaStats%252CcameraMoment
[2022-12-28 16:30:45,850] {twitter.py:100} INFO - Retrieving guest token from search page
[2022-12-28 16:30:45,851] {base.py:56} INFO - Retrieving https://twitter.com/search?f=live&lang=en&q=from%3Aelonmusk%0Abtc+since%3A2022-12-27+until%3A2022-12-28&src=spelling_expansion_revert_click
[2022-12-28 16:30:46,506] {twitter.py:135} INFO - Retrieving scroll page None
[2022-12-28 16:30:46,507] {base.py:56} INFO - Retrieving https://api.twitter.com/2/search/adaptive.json?include_profile_interstitial_type=1&include_blocking=1&include_blocked_by=1&include_followed_by=1&include_want_retweets=1&include_mute_edge=1&include_can_dm=1&include_can_media_tag=1&skip_status=1&cards_platform=Web-12&include_cards=1&include_composer_source=true&include_ext_alt_text=true&include_reply_count=1&tweet_mode=extended&include_entities=true&include_user_entities=true&include_ext_media_color=true&include_ext_media_availability=true&send_error_codes=true&simple_quoted_tweets=true&q=from%3Aelonmusk%0Abtc+since%3A2022-12-27+until%3A2022-12-28&tweet_search_mode=live&count=100&query_source=spelling_expansion_revert_click&pc=1&spelling_corrections=1&ext=mediaStats%252CcameraMoment
[2022-12-28 16:30:46,907] {twitter.py:135} INFO - Retrieving scroll page scroll:thGAVUV0VFVBYBFgEScRWAiXoVgIl6GARVU0VSNQEVABUAAA==
[2022-12-28 16:30:46,909] {base.py:56} INFO - Retrieving https://api.twitter.com/2/search/adaptive.json?include_profile_interstitial_type=1&include_blocking=1&include_blocked_by=1&include_followed_by=1&include_want_retweets=1&include_mute_edge=1&include_can_dm=1&include_can_media_tag=1&skip_status=1&cards_platform=Web-12&include_cards=1&include_composer_source=true&include_ext_alt_text=true&include_reply_count=1&tweet_mode=extended&include_entities=true&include_user_entities=true&include_ext_media_color=true&include_ext_media_availability=true&send_error_codes=true&simple_quoted_tweets=true&q=from%3Aelonmusk%0Abtc+since%3A2022-12-27+until%3A2022-12-28&tweet_search_mode=live&count=100&query_source=spelling_expansion_revert_click&cursor=scroll%3AthGAVUV0VFVBYBFgEScRWAiXoVgIl6GARVU0VSNQEVABUAAA%3D%3D&pc=1&spelling_corrections=1&ext=mediaStats%252CcameraMoment
[2022-12-28 16:30:47,153] {logging_mixin.py:104} INFO - scrawling for ToneVays
[2022-12-28 16:30:47,154] {logging_mixin.py:104} INFO - 
[2022-12-28 16:30:47,154] {twitter.py:100} INFO - Retrieving guest token from search page
[2022-12-28 16:30:47,155] {base.py:56} INFO - Retrieving https://twitter.com/search?f=live&lang=en&q=from%3AToneVays%0Abitcoin+since%3A2022-12-27+until%3A2022-12-28&src=spelling_expansion_revert_click
[2022-12-28 16:30:47,844] {twitter.py:135} INFO - Retrieving scroll page None
[2022-12-28 16:30:47,845] {base.py:56} INFO - Retrieving https://api.twitter.com/2/search/adaptive.json?include_profile_interstitial_type=1&include_blocking=1&include_blocked_by=1&include_followed_by=1&include_want_retweets=1&include_mute_edge=1&include_can_dm=1&include_can_media_tag=1&skip_status=1&cards_platform=Web-12&include_cards=1&include_composer_source=true&include_ext_alt_text=true&include_reply_count=1&tweet_mode=extended&include_entities=true&include_user_entities=true&include_ext_media_color=true&include_ext_media_availability=true&send_error_codes=true&simple_quoted_tweets=true&q=from%3AToneVays%0Abitcoin+since%3A2022-12-27+until%3A2022-12-28&tweet_search_mode=live&count=100&query_source=spelling_expansion_revert_click&pc=1&spelling_corrections=1&ext=mediaStats%252CcameraMoment
[2022-12-28 16:30:48,186] {twitter.py:135} INFO - Retrieving scroll page scroll:thGAVUV0VFVBYBFgEScRWAiXoVgIl6GARVU0VSNQEVABUAAA==
[2022-12-28 16:30:48,188] {base.py:56} INFO - Retrieving https://api.twitter.com/2/search/adaptive.json?include_profile_interstitial_type=1&include_blocking=1&include_blocked_by=1&include_followed_by=1&include_want_retweets=1&include_mute_edge=1&include_can_dm=1&include_can_media_tag=1&skip_status=1&cards_platform=Web-12&include_cards=1&include_composer_source=true&include_ext_alt_text=true&include_reply_count=1&tweet_mode=extended&include_entities=true&include_user_entities=true&include_ext_media_color=true&include_ext_media_availability=true&send_error_codes=true&simple_quoted_tweets=true&q=from%3AToneVays%0Abitcoin+since%3A2022-12-27+until%3A2022-12-28&tweet_search_mode=live&count=100&query_source=spelling_expansion_revert_click&cursor=scroll%3AthGAVUV0VFVBYBFgEScRWAiXoVgIl6GARVU0VSNQEVABUAAA%3D%3D&pc=1&spelling_corrections=1&ext=mediaStats%252CcameraMoment
[2022-12-28 16:30:48,429] {twitter.py:100} INFO - Retrieving guest token from search page
[2022-12-28 16:30:48,430] {base.py:56} INFO - Retrieving https://twitter.com/search?f=live&lang=en&q=from%3AToneVays%0Abtc+since%3A2022-12-27+until%3A2022-12-28&src=spelling_expansion_revert_click
[2022-12-28 16:30:49,141] {twitter.py:135} INFO - Retrieving scroll page None
[2022-12-28 16:30:49,142] {base.py:56} INFO - Retrieving https://api.twitter.com/2/search/adaptive.json?include_profile_interstitial_type=1&include_blocking=1&include_blocked_by=1&include_followed_by=1&include_want_retweets=1&include_mute_edge=1&include_can_dm=1&include_can_media_tag=1&skip_status=1&cards_platform=Web-12&include_cards=1&include_composer_source=true&include_ext_alt_text=true&include_reply_count=1&tweet_mode=extended&include_entities=true&include_user_entities=true&include_ext_media_color=true&include_ext_media_availability=true&send_error_codes=true&simple_quoted_tweets=true&q=from%3AToneVays%0Abtc+since%3A2022-12-27+until%3A2022-12-28&tweet_search_mode=live&count=100&query_source=spelling_expansion_revert_click&pc=1&spelling_corrections=1&ext=mediaStats%252CcameraMoment
[2022-12-28 16:30:49,471] {twitter.py:135} INFO - Retrieving scroll page scroll:thGAVUV0VFVBYBFgEScRWAiXoVgIl6GARVU0VSNQEVABUAAA==
[2022-12-28 16:30:49,473] {base.py:56} INFO - Retrieving https://api.twitter.com/2/search/adaptive.json?include_profile_interstitial_type=1&include_blocking=1&include_blocked_by=1&include_followed_by=1&include_want_retweets=1&include_mute_edge=1&include_can_dm=1&include_can_media_tag=1&skip_status=1&cards_platform=Web-12&include_cards=1&include_composer_source=true&include_ext_alt_text=true&include_reply_count=1&tweet_mode=extended&include_entities=true&include_user_entities=true&include_ext_media_color=true&include_ext_media_availability=true&send_error_codes=true&simple_quoted_tweets=true&q=from%3AToneVays%0Abtc+since%3A2022-12-27+until%3A2022-12-28&tweet_search_mode=live&count=100&query_source=spelling_expansion_revert_click&cursor=scroll%3AthGAVUV0VFVBYBFgEScRWAiXoVgIl6GARVU0VSNQEVABUAAA%3D%3D&pc=1&spelling_corrections=1&ext=mediaStats%252CcameraMoment
[2022-12-28 16:30:49,729] {logging_mixin.py:104} INFO - scrawling for CathieDWood
[2022-12-28 16:30:49,730] {logging_mixin.py:104} INFO - 
[2022-12-28 16:30:49,730] {twitter.py:100} INFO - Retrieving guest token from search page
[2022-12-28 16:30:49,731] {base.py:56} INFO - Retrieving https://twitter.com/search?f=live&lang=en&q=from%3ACathieDWood%0Abitcoin+since%3A2022-12-27+until%3A2022-12-28&src=spelling_expansion_revert_click
[2022-12-28 16:30:50,379] {twitter.py:135} INFO - Retrieving scroll page None
[2022-12-28 16:30:50,380] {base.py:56} INFO - Retrieving https://api.twitter.com/2/search/adaptive.json?include_profile_interstitial_type=1&include_blocking=1&include_blocked_by=1&include_followed_by=1&include_want_retweets=1&include_mute_edge=1&include_can_dm=1&include_can_media_tag=1&skip_status=1&cards_platform=Web-12&include_cards=1&include_composer_source=true&include_ext_alt_text=true&include_reply_count=1&tweet_mode=extended&include_entities=true&include_user_entities=true&include_ext_media_color=true&include_ext_media_availability=true&send_error_codes=true&simple_quoted_tweets=true&q=from%3ACathieDWood%0Abitcoin+since%3A2022-12-27+until%3A2022-12-28&tweet_search_mode=live&count=100&query_source=spelling_expansion_revert_click&pc=1&spelling_corrections=1&ext=mediaStats%252CcameraMoment
[2022-12-28 16:30:50,718] {twitter.py:135} INFO - Retrieving scroll page scroll:thGAVUV0VFVBYBFgEScRWAiXoVgIl6GARVU0VSNQEVABUAAA==
[2022-12-28 16:30:50,719] {base.py:56} INFO - Retrieving https://api.twitter.com/2/search/adaptive.json?include_profile_interstitial_type=1&include_blocking=1&include_blocked_by=1&include_followed_by=1&include_want_retweets=1&include_mute_edge=1&include_can_dm=1&include_can_media_tag=1&skip_status=1&cards_platform=Web-12&include_cards=1&include_composer_source=true&include_ext_alt_text=true&include_reply_count=1&tweet_mode=extended&include_entities=true&include_user_entities=true&include_ext_media_color=true&include_ext_media_availability=true&send_error_codes=true&simple_quoted_tweets=true&q=from%3ACathieDWood%0Abitcoin+since%3A2022-12-27+until%3A2022-12-28&tweet_search_mode=live&count=100&query_source=spelling_expansion_revert_click&cursor=scroll%3AthGAVUV0VFVBYBFgEScRWAiXoVgIl6GARVU0VSNQEVABUAAA%3D%3D&pc=1&spelling_corrections=1&ext=mediaStats%252CcameraMoment
[2022-12-28 16:30:50,952] {twitter.py:100} INFO - Retrieving guest token from search page
[2022-12-28 16:30:50,953] {base.py:56} INFO - Retrieving https://twitter.com/search?f=live&lang=en&q=from%3ACathieDWood%0Abtc+since%3A2022-12-27+until%3A2022-12-28&src=spelling_expansion_revert_click
[2022-12-28 16:30:51,639] {twitter.py:135} INFO - Retrieving scroll page None
[2022-12-28 16:30:51,640] {base.py:56} INFO - Retrieving https://api.twitter.com/2/search/adaptive.json?include_profile_interstitial_type=1&include_blocking=1&include_blocked_by=1&include_followed_by=1&include_want_retweets=1&include_mute_edge=1&include_can_dm=1&include_can_media_tag=1&skip_status=1&cards_platform=Web-12&include_cards=1&include_composer_source=true&include_ext_alt_text=true&include_reply_count=1&tweet_mode=extended&include_entities=true&include_user_entities=true&include_ext_media_color=true&include_ext_media_availability=true&send_error_codes=true&simple_quoted_tweets=true&q=from%3ACathieDWood%0Abtc+since%3A2022-12-27+until%3A2022-12-28&tweet_search_mode=live&count=100&query_source=spelling_expansion_revert_click&pc=1&spelling_corrections=1&ext=mediaStats%252CcameraMoment
[2022-12-28 16:30:51,982] {twitter.py:135} INFO - Retrieving scroll page scroll:thGAVUV0VFVBYBFgEScRWAiXoVgIl6GARVU0VSNQEVABUAAA==
[2022-12-28 16:30:51,984] {base.py:56} INFO - Retrieving https://api.twitter.com/2/search/adaptive.json?include_profile_interstitial_type=1&include_blocking=1&include_blocked_by=1&include_followed_by=1&include_want_retweets=1&include_mute_edge=1&include_can_dm=1&include_can_media_tag=1&skip_status=1&cards_platform=Web-12&include_cards=1&include_composer_source=true&include_ext_alt_text=true&include_reply_count=1&tweet_mode=extended&include_entities=true&include_user_entities=true&include_ext_media_color=true&include_ext_media_availability=true&send_error_codes=true&simple_quoted_tweets=true&q=from%3ACathieDWood%0Abtc+since%3A2022-12-27+until%3A2022-12-28&tweet_search_mode=live&count=100&query_source=spelling_expansion_revert_click&cursor=scroll%3AthGAVUV0VFVBYBFgEScRWAiXoVgIl6GARVU0VSNQEVABUAAA%3D%3D&pc=1&spelling_corrections=1&ext=mediaStats%252CcameraMoment
[2022-12-28 16:30:52,227] {logging_mixin.py:104} INFO - scrawling for jack
[2022-12-28 16:30:52,228] {logging_mixin.py:104} INFO - 
[2022-12-28 16:30:52,228] {twitter.py:100} INFO - Retrieving guest token from search page
[2022-12-28 16:30:52,229] {base.py:56} INFO - Retrieving https://twitter.com/search?f=live&lang=en&q=from%3Ajack%0Abitcoin+since%3A2022-12-27+until%3A2022-12-28&src=spelling_expansion_revert_click
[2022-12-28 16:30:52,881] {twitter.py:135} INFO - Retrieving scroll page None
[2022-12-28 16:30:52,882] {base.py:56} INFO - Retrieving https://api.twitter.com/2/search/adaptive.json?include_profile_interstitial_type=1&include_blocking=1&include_blocked_by=1&include_followed_by=1&include_want_retweets=1&include_mute_edge=1&include_can_dm=1&include_can_media_tag=1&skip_status=1&cards_platform=Web-12&include_cards=1&include_composer_source=true&include_ext_alt_text=true&include_reply_count=1&tweet_mode=extended&include_entities=true&include_user_entities=true&include_ext_media_color=true&include_ext_media_availability=true&send_error_codes=true&simple_quoted_tweets=true&q=from%3Ajack%0Abitcoin+since%3A2022-12-27+until%3A2022-12-28&tweet_search_mode=live&count=100&query_source=spelling_expansion_revert_click&pc=1&spelling_corrections=1&ext=mediaStats%252CcameraMoment
[2022-12-28 16:30:53,228] {twitter.py:135} INFO - Retrieving scroll page scroll:thGAVUV0VFVBYBFgEScRWAiXoVgIl6GARVU0VSNQEVABUAAA==
[2022-12-28 16:30:53,230] {base.py:56} INFO - Retrieving https://api.twitter.com/2/search/adaptive.json?include_profile_interstitial_type=1&include_blocking=1&include_blocked_by=1&include_followed_by=1&include_want_retweets=1&include_mute_edge=1&include_can_dm=1&include_can_media_tag=1&skip_status=1&cards_platform=Web-12&include_cards=1&include_composer_source=true&include_ext_alt_text=true&include_reply_count=1&tweet_mode=extended&include_entities=true&include_user_entities=true&include_ext_media_color=true&include_ext_media_availability=true&send_error_codes=true&simple_quoted_tweets=true&q=from%3Ajack%0Abitcoin+since%3A2022-12-27+until%3A2022-12-28&tweet_search_mode=live&count=100&query_source=spelling_expansion_revert_click&cursor=scroll%3AthGAVUV0VFVBYBFgEScRWAiXoVgIl6GARVU0VSNQEVABUAAA%3D%3D&pc=1&spelling_corrections=1&ext=mediaStats%252CcameraMoment
[2022-12-28 16:30:53,483] {twitter.py:100} INFO - Retrieving guest token from search page
[2022-12-28 16:30:53,484] {base.py:56} INFO - Retrieving https://twitter.com/search?f=live&lang=en&q=from%3Ajack%0Abtc+since%3A2022-12-27+until%3A2022-12-28&src=spelling_expansion_revert_click
[2022-12-28 16:30:54,159] {twitter.py:135} INFO - Retrieving scroll page None
[2022-12-28 16:30:54,160] {base.py:56} INFO - Retrieving https://api.twitter.com/2/search/adaptive.json?include_profile_interstitial_type=1&include_blocking=1&include_blocked_by=1&include_followed_by=1&include_want_retweets=1&include_mute_edge=1&include_can_dm=1&include_can_media_tag=1&skip_status=1&cards_platform=Web-12&include_cards=1&include_composer_source=true&include_ext_alt_text=true&include_reply_count=1&tweet_mode=extended&include_entities=true&include_user_entities=true&include_ext_media_color=true&include_ext_media_availability=true&send_error_codes=true&simple_quoted_tweets=true&q=from%3Ajack%0Abtc+since%3A2022-12-27+until%3A2022-12-28&tweet_search_mode=live&count=100&query_source=spelling_expansion_revert_click&pc=1&spelling_corrections=1&ext=mediaStats%252CcameraMoment
[2022-12-28 16:30:54,528] {twitter.py:135} INFO - Retrieving scroll page scroll:thGAVUV0VFVBYBFgEScRWAiXoVgIl6GARVU0VSNQEVABUAAA==
[2022-12-28 16:30:54,530] {base.py:56} INFO - Retrieving https://api.twitter.com/2/search/adaptive.json?include_profile_interstitial_type=1&include_blocking=1&include_blocked_by=1&include_followed_by=1&include_want_retweets=1&include_mute_edge=1&include_can_dm=1&include_can_media_tag=1&skip_status=1&cards_platform=Web-12&include_cards=1&include_composer_source=true&include_ext_alt_text=true&include_reply_count=1&tweet_mode=extended&include_entities=true&include_user_entities=true&include_ext_media_color=true&include_ext_media_availability=true&send_error_codes=true&simple_quoted_tweets=true&q=from%3Ajack%0Abtc+since%3A2022-12-27+until%3A2022-12-28&tweet_search_mode=live&count=100&query_source=spelling_expansion_revert_click&cursor=scroll%3AthGAVUV0VFVBYBFgEScRWAiXoVgIl6GARVU0VSNQEVABUAAA%3D%3D&pc=1&spelling_corrections=1&ext=mediaStats%252CcameraMoment
[2022-12-28 16:30:54,777] {logging_mixin.py:104} INFO - scrawling for ErikVoorhees
[2022-12-28 16:30:54,778] {logging_mixin.py:104} INFO - 
[2022-12-28 16:30:54,778] {twitter.py:100} INFO - Retrieving guest token from search page
[2022-12-28 16:30:54,779] {base.py:56} INFO - Retrieving https://twitter.com/search?f=live&lang=en&q=from%3AErikVoorhees%0Abitcoin+since%3A2022-12-27+until%3A2022-12-28&src=spelling_expansion_revert_click
[2022-12-28 16:30:55,430] {twitter.py:135} INFO - Retrieving scroll page None
[2022-12-28 16:30:55,431] {base.py:56} INFO - Retrieving https://api.twitter.com/2/search/adaptive.json?include_profile_interstitial_type=1&include_blocking=1&include_blocked_by=1&include_followed_by=1&include_want_retweets=1&include_mute_edge=1&include_can_dm=1&include_can_media_tag=1&skip_status=1&cards_platform=Web-12&include_cards=1&include_composer_source=true&include_ext_alt_text=true&include_reply_count=1&tweet_mode=extended&include_entities=true&include_user_entities=true&include_ext_media_color=true&include_ext_media_availability=true&send_error_codes=true&simple_quoted_tweets=true&q=from%3AErikVoorhees%0Abitcoin+since%3A2022-12-27+until%3A2022-12-28&tweet_search_mode=live&count=100&query_source=spelling_expansion_revert_click&pc=1&spelling_corrections=1&ext=mediaStats%252CcameraMoment
[2022-12-28 16:30:55,769] {twitter.py:135} INFO - Retrieving scroll page scroll:thGAVUV0VFVBYBFgEScRWAiXoVgIl6GARVU0VSNQEVABUAAA==
[2022-12-28 16:30:55,770] {base.py:56} INFO - Retrieving https://api.twitter.com/2/search/adaptive.json?include_profile_interstitial_type=1&include_blocking=1&include_blocked_by=1&include_followed_by=1&include_want_retweets=1&include_mute_edge=1&include_can_dm=1&include_can_media_tag=1&skip_status=1&cards_platform=Web-12&include_cards=1&include_composer_source=true&include_ext_alt_text=true&include_reply_count=1&tweet_mode=extended&include_entities=true&include_user_entities=true&include_ext_media_color=true&include_ext_media_availability=true&send_error_codes=true&simple_quoted_tweets=true&q=from%3AErikVoorhees%0Abitcoin+since%3A2022-12-27+until%3A2022-12-28&tweet_search_mode=live&count=100&query_source=spelling_expansion_revert_click&cursor=scroll%3AthGAVUV0VFVBYBFgEScRWAiXoVgIl6GARVU0VSNQEVABUAAA%3D%3D&pc=1&spelling_corrections=1&ext=mediaStats%252CcameraMoment
[2022-12-28 16:30:56,016] {twitter.py:100} INFO - Retrieving guest token from search page
[2022-12-28 16:30:56,017] {base.py:56} INFO - Retrieving https://twitter.com/search?f=live&lang=en&q=from%3AErikVoorhees%0Abtc+since%3A2022-12-27+until%3A2022-12-28&src=spelling_expansion_revert_click
[2022-12-28 16:30:56,698] {twitter.py:135} INFO - Retrieving scroll page None
[2022-12-28 16:30:56,699] {base.py:56} INFO - Retrieving https://api.twitter.com/2/search/adaptive.json?include_profile_interstitial_type=1&include_blocking=1&include_blocked_by=1&include_followed_by=1&include_want_retweets=1&include_mute_edge=1&include_can_dm=1&include_can_media_tag=1&skip_status=1&cards_platform=Web-12&include_cards=1&include_composer_source=true&include_ext_alt_text=true&include_reply_count=1&tweet_mode=extended&include_entities=true&include_user_entities=true&include_ext_media_color=true&include_ext_media_availability=true&send_error_codes=true&simple_quoted_tweets=true&q=from%3AErikVoorhees%0Abtc+since%3A2022-12-27+until%3A2022-12-28&tweet_search_mode=live&count=100&query_source=spelling_expansion_revert_click&pc=1&spelling_corrections=1&ext=mediaStats%252CcameraMoment
[2022-12-28 16:30:57,122] {twitter.py:135} INFO - Retrieving scroll page scroll:thGAVUV0VFVBYBFgEScRWAiXoVgIl6GARVU0VSNQEVABUAAA==
[2022-12-28 16:30:57,123] {base.py:56} INFO - Retrieving https://api.twitter.com/2/search/adaptive.json?include_profile_interstitial_type=1&include_blocking=1&include_blocked_by=1&include_followed_by=1&include_want_retweets=1&include_mute_edge=1&include_can_dm=1&include_can_media_tag=1&skip_status=1&cards_platform=Web-12&include_cards=1&include_composer_source=true&include_ext_alt_text=true&include_reply_count=1&tweet_mode=extended&include_entities=true&include_user_entities=true&include_ext_media_color=true&include_ext_media_availability=true&send_error_codes=true&simple_quoted_tweets=true&q=from%3AErikVoorhees%0Abtc+since%3A2022-12-27+until%3A2022-12-28&tweet_search_mode=live&count=100&query_source=spelling_expansion_revert_click&cursor=scroll%3AthGAVUV0VFVBYBFgEScRWAiXoVgIl6GARVU0VSNQEVABUAAA%3D%3D&pc=1&spelling_corrections=1&ext=mediaStats%252CcameraMoment
[2022-12-28 16:30:57,377] {logging_mixin.py:104} INFO - scrawling for Bitboy_Crypto
[2022-12-28 16:30:57,378] {logging_mixin.py:104} INFO - 
[2022-12-28 16:30:57,378] {twitter.py:100} INFO - Retrieving guest token from search page
[2022-12-28 16:30:57,379] {base.py:56} INFO - Retrieving https://twitter.com/search?f=live&lang=en&q=from%3ABitboy_Crypto%0Abitcoin+since%3A2022-12-27+until%3A2022-12-28&src=spelling_expansion_revert_click
[2022-12-28 16:30:58,068] {twitter.py:135} INFO - Retrieving scroll page None
[2022-12-28 16:30:58,070] {base.py:56} INFO - Retrieving https://api.twitter.com/2/search/adaptive.json?include_profile_interstitial_type=1&include_blocking=1&include_blocked_by=1&include_followed_by=1&include_want_retweets=1&include_mute_edge=1&include_can_dm=1&include_can_media_tag=1&skip_status=1&cards_platform=Web-12&include_cards=1&include_composer_source=true&include_ext_alt_text=true&include_reply_count=1&tweet_mode=extended&include_entities=true&include_user_entities=true&include_ext_media_color=true&include_ext_media_availability=true&send_error_codes=true&simple_quoted_tweets=true&q=from%3ABitboy_Crypto%0Abitcoin+since%3A2022-12-27+until%3A2022-12-28&tweet_search_mode=live&count=100&query_source=spelling_expansion_revert_click&pc=1&spelling_corrections=1&ext=mediaStats%252CcameraMoment
[2022-12-28 16:30:58,528] {twitter.py:135} INFO - Retrieving scroll page scroll:thGAVUV0VFVBaCgLK1x4r8zywWgsDUhYnqodAsEnEVsIh6FYCJehgEVVNFUjUBFQAVAAA=
[2022-12-28 16:30:58,529] {base.py:56} INFO - Retrieving https://api.twitter.com/2/search/adaptive.json?include_profile_interstitial_type=1&include_blocking=1&include_blocked_by=1&include_followed_by=1&include_want_retweets=1&include_mute_edge=1&include_can_dm=1&include_can_media_tag=1&skip_status=1&cards_platform=Web-12&include_cards=1&include_composer_source=true&include_ext_alt_text=true&include_reply_count=1&tweet_mode=extended&include_entities=true&include_user_entities=true&include_ext_media_color=true&include_ext_media_availability=true&send_error_codes=true&simple_quoted_tweets=true&q=from%3ABitboy_Crypto%0Abitcoin+since%3A2022-12-27+until%3A2022-12-28&tweet_search_mode=live&count=100&query_source=spelling_expansion_revert_click&cursor=scroll%3AthGAVUV0VFVBaCgLK1x4r8zywWgsDUhYnqodAsEnEVsIh6FYCJehgEVVNFUjUBFQAVAAA%3D&pc=1&spelling_corrections=1&ext=mediaStats%252CcameraMoment
[2022-12-28 16:30:58,796] {twitter.py:100} INFO - Retrieving guest token from search page
[2022-12-28 16:30:58,797] {base.py:56} INFO - Retrieving https://twitter.com/search?f=live&lang=en&q=from%3ABitboy_Crypto%0Abtc+since%3A2022-12-27+until%3A2022-12-28&src=spelling_expansion_revert_click
[2022-12-28 16:30:59,453] {twitter.py:135} INFO - Retrieving scroll page None
[2022-12-28 16:30:59,455] {base.py:56} INFO - Retrieving https://api.twitter.com/2/search/adaptive.json?include_profile_interstitial_type=1&include_blocking=1&include_blocked_by=1&include_followed_by=1&include_want_retweets=1&include_mute_edge=1&include_can_dm=1&include_can_media_tag=1&skip_status=1&cards_platform=Web-12&include_cards=1&include_composer_source=true&include_ext_alt_text=true&include_reply_count=1&tweet_mode=extended&include_entities=true&include_user_entities=true&include_ext_media_color=true&include_ext_media_availability=true&send_error_codes=true&simple_quoted_tweets=true&q=from%3ABitboy_Crypto%0Abtc+since%3A2022-12-27+until%3A2022-12-28&tweet_search_mode=live&count=100&query_source=spelling_expansion_revert_click&pc=1&spelling_corrections=1&ext=mediaStats%252CcameraMoment
[2022-12-28 16:30:59,779] {twitter.py:135} INFO - Retrieving scroll page scroll:thGAVUV0VFVBYBFgEScRWAiXoVgIl6GARVU0VSNQEVABUAAA==
[2022-12-28 16:30:59,781] {base.py:56} INFO - Retrieving https://api.twitter.com/2/search/adaptive.json?include_profile_interstitial_type=1&include_blocking=1&include_blocked_by=1&include_followed_by=1&include_want_retweets=1&include_mute_edge=1&include_can_dm=1&include_can_media_tag=1&skip_status=1&cards_platform=Web-12&include_cards=1&include_composer_source=true&include_ext_alt_text=true&include_reply_count=1&tweet_mode=extended&include_entities=true&include_user_entities=true&include_ext_media_color=true&include_ext_media_availability=true&send_error_codes=true&simple_quoted_tweets=true&q=from%3ABitboy_Crypto%0Abtc+since%3A2022-12-27+until%3A2022-12-28&tweet_search_mode=live&count=100&query_source=spelling_expansion_revert_click&cursor=scroll%3AthGAVUV0VFVBYBFgEScRWAiXoVgIl6GARVU0VSNQEVABUAAA%3D%3D&pc=1&spelling_corrections=1&ext=mediaStats%252CcameraMoment
[2022-12-28 16:31:00,037] {logging_mixin.py:104} INFO - scrawling for NickSzabo4
[2022-12-28 16:31:00,038] {twitter.py:100} INFO - Retrieving guest token from search page
[2022-12-28 16:31:00,039] {base.py:56} INFO - Retrieving https://twitter.com/search?f=live&lang=en&q=from%3ANickSzabo4bitcoin+since%3A2022-12-27+until%3A2022-12-28&src=spelling_expansion_revert_click
[2022-12-28 16:31:00,703] {twitter.py:135} INFO - Retrieving scroll page None
[2022-12-28 16:31:00,704] {base.py:56} INFO - Retrieving https://api.twitter.com/2/search/adaptive.json?include_profile_interstitial_type=1&include_blocking=1&include_blocked_by=1&include_followed_by=1&include_want_retweets=1&include_mute_edge=1&include_can_dm=1&include_can_media_tag=1&skip_status=1&cards_platform=Web-12&include_cards=1&include_composer_source=true&include_ext_alt_text=true&include_reply_count=1&tweet_mode=extended&include_entities=true&include_user_entities=true&include_ext_media_color=true&include_ext_media_availability=true&send_error_codes=true&simple_quoted_tweets=true&q=from%3ANickSzabo4bitcoin+since%3A2022-12-27+until%3A2022-12-28&tweet_search_mode=live&count=100&query_source=spelling_expansion_revert_click&pc=1&spelling_corrections=1&ext=mediaStats%252CcameraMoment
[2022-12-28 16:31:01,034] {twitter.py:135} INFO - Retrieving scroll page scroll:thGAVUV0VFVBYBFgEScRWAiXoVgIl6GAdERUZBVUxUNQEVABUAAA==
[2022-12-28 16:31:01,035] {base.py:56} INFO - Retrieving https://api.twitter.com/2/search/adaptive.json?include_profile_interstitial_type=1&include_blocking=1&include_blocked_by=1&include_followed_by=1&include_want_retweets=1&include_mute_edge=1&include_can_dm=1&include_can_media_tag=1&skip_status=1&cards_platform=Web-12&include_cards=1&include_composer_source=true&include_ext_alt_text=true&include_reply_count=1&tweet_mode=extended&include_entities=true&include_user_entities=true&include_ext_media_color=true&include_ext_media_availability=true&send_error_codes=true&simple_quoted_tweets=true&q=from%3ANickSzabo4bitcoin+since%3A2022-12-27+until%3A2022-12-28&tweet_search_mode=live&count=100&query_source=spelling_expansion_revert_click&cursor=scroll%3AthGAVUV0VFVBYBFgEScRWAiXoVgIl6GAdERUZBVUxUNQEVABUAAA%3D%3D&pc=1&spelling_corrections=1&ext=mediaStats%252CcameraMoment
[2022-12-28 16:31:01,274] {twitter.py:100} INFO - Retrieving guest token from search page
[2022-12-28 16:31:01,275] {base.py:56} INFO - Retrieving https://twitter.com/search?f=live&lang=en&q=from%3ANickSzabo4btc+since%3A2022-12-27+until%3A2022-12-28&src=spelling_expansion_revert_click
[2022-12-28 16:31:02,000] {twitter.py:135} INFO - Retrieving scroll page None
[2022-12-28 16:31:02,002] {base.py:56} INFO - Retrieving https://api.twitter.com/2/search/adaptive.json?include_profile_interstitial_type=1&include_blocking=1&include_blocked_by=1&include_followed_by=1&include_want_retweets=1&include_mute_edge=1&include_can_dm=1&include_can_media_tag=1&skip_status=1&cards_platform=Web-12&include_cards=1&include_composer_source=true&include_ext_alt_text=true&include_reply_count=1&tweet_mode=extended&include_entities=true&include_user_entities=true&include_ext_media_color=true&include_ext_media_availability=true&send_error_codes=true&simple_quoted_tweets=true&q=from%3ANickSzabo4btc+since%3A2022-12-27+until%3A2022-12-28&tweet_search_mode=live&count=100&query_source=spelling_expansion_revert_click&pc=1&spelling_corrections=1&ext=mediaStats%252CcameraMoment
[2022-12-28 16:31:02,328] {twitter.py:135} INFO - Retrieving scroll page scroll:thGAVUV0VFVBYBFgEScRWAiXoVgIl6GAdERUZBVUxUNQEVABUAAA==
[2022-12-28 16:31:02,329] {base.py:56} INFO - Retrieving https://api.twitter.com/2/search/adaptive.json?include_profile_interstitial_type=1&include_blocking=1&include_blocked_by=1&include_followed_by=1&include_want_retweets=1&include_mute_edge=1&include_can_dm=1&include_can_media_tag=1&skip_status=1&cards_platform=Web-12&include_cards=1&include_composer_source=true&include_ext_alt_text=true&include_reply_count=1&tweet_mode=extended&include_entities=true&include_user_entities=true&include_ext_media_color=true&include_ext_media_availability=true&send_error_codes=true&simple_quoted_tweets=true&q=from%3ANickSzabo4btc+since%3A2022-12-27+until%3A2022-12-28&tweet_search_mode=live&count=100&query_source=spelling_expansion_revert_click&cursor=scroll%3AthGAVUV0VFVBYBFgEScRWAiXoVgIl6GAdERUZBVUxUNQEVABUAAA%3D%3D&pc=1&spelling_corrections=1&ext=mediaStats%252CcameraMoment
[2022-12-28 16:31:02,724] {logging_mixin.py:104} INFO - the dataframe is inserted
[2022-12-28 16:31:02,725] {python.py:118} INFO - Done. Returned value was: None
[2022-12-28 16:31:02,732] {taskinstance.py:1166} INFO - Marking task as SUCCESS. dag_id=crypto_data_etl_auto_train_model, task_id=get_tweet_and_analysis_sentiment, execution_date=20221227T070000, start_date=20221228T163021, end_date=20221228T163102
[2022-12-28 16:31:02,795] {taskinstance.py:1220} INFO - 1 downstream tasks scheduled from follow-on schedule check
[2022-12-28 16:31:02,826] {local_task_job.py:146} INFO - Task exited with return code 0
