[2022-12-28 16:30:21,180] {taskinstance.py:851} INFO - Dependencies all met for <TaskInstance: crypto_data_etl_auto_train_model.get_crypto_trading_data 2022-12-27T07:00:00+00:00 [queued]>
[2022-12-28 16:30:21,193] {taskinstance.py:851} INFO - Dependencies all met for <TaskInstance: crypto_data_etl_auto_train_model.get_crypto_trading_data 2022-12-27T07:00:00+00:00 [queued]>
[2022-12-28 16:30:21,194] {taskinstance.py:1042} INFO - 
--------------------------------------------------------------------------------
[2022-12-28 16:30:21,194] {taskinstance.py:1043} INFO - Starting attempt 1 of 6
[2022-12-28 16:30:21,194] {taskinstance.py:1044} INFO - 
--------------------------------------------------------------------------------
[2022-12-28 16:30:21,207] {taskinstance.py:1063} INFO - Executing <Task(PythonOperator): get_crypto_trading_data> on 2022-12-27T07:00:00+00:00
[2022-12-28 16:30:21,215] {standard_task_runner.py:52} INFO - Started process 252 to run task
[2022-12-28 16:30:21,218] {standard_task_runner.py:76} INFO - Running: ['airflow', 'tasks', 'run', 'crypto_data_etl_auto_train_model', 'get_crypto_trading_data', '2022-12-27T07:00:00+00:00', '--job-id', '1104', '--pool', 'default_pool', '--raw', '--subdir', 'DAGS_FOLDER/crypto_etl.py', '--cfg-path', '/tmp/tmpwezsupso', '--error-file', '/tmp/tmpymqyw0k3']
[2022-12-28 16:30:21,223] {standard_task_runner.py:77} INFO - Job 1104: Subtask get_crypto_trading_data
[2022-12-28 16:30:21,264] {logging_mixin.py:104} INFO - Running <TaskInstance: crypto_data_etl_auto_train_model.get_crypto_trading_data 2022-12-27T07:00:00+00:00 [running]> on host 2a76951a993b
[2022-12-28 16:30:21,298] {taskinstance.py:1257} INFO - Exporting the following env vars:
AIRFLOW_CTX_DAG_OWNER=VMD
AIRFLOW_CTX_DAG_ID=crypto_data_etl_auto_train_model
AIRFLOW_CTX_TASK_ID=get_crypto_trading_data
AIRFLOW_CTX_EXECUTION_DATE=2022-12-27T07:00:00+00:00
AIRFLOW_CTX_DAG_RUN_ID=scheduled__2022-12-27T07:00:00+00:00
[2022-12-28 16:30:23,016] {logging_mixin.py:104} INFO - the dataframe is inserted
[2022-12-28 16:30:23,023] {logging_mixin.py:104} INFO - the dataframe is inserted
[2022-12-28 16:30:23,023] {python.py:118} INFO - Done. Returned value was: None
[2022-12-28 16:30:23,031] {taskinstance.py:1166} INFO - Marking task as SUCCESS. dag_id=crypto_data_etl_auto_train_model, task_id=get_crypto_trading_data, execution_date=20221227T070000, start_date=20221228T163021, end_date=20221228T163023
[2022-12-28 16:30:23,051] {taskinstance.py:1220} INFO - 0 downstream tasks scheduled from follow-on schedule check
[2022-12-28 16:30:23,075] {local_task_job.py:146} INFO - Task exited with return code 0
