[2022-12-27 16:40:46,402] {taskinstance.py:851} INFO - Dependencies all met for <TaskInstance: crypto_data_etl_auto_train_model.get_tweet_and_analysis_sentiment 2022-12-26T07:00:00+00:00 [queued]>
[2022-12-27 16:40:46,411] {taskinstance.py:851} INFO - Dependencies all met for <TaskInstance: crypto_data_etl_auto_train_model.get_tweet_and_analysis_sentiment 2022-12-26T07:00:00+00:00 [queued]>
[2022-12-27 16:40:46,412] {taskinstance.py:1042} INFO - 
--------------------------------------------------------------------------------
[2022-12-27 16:40:46,412] {taskinstance.py:1043} INFO - Starting attempt 2 of 7
[2022-12-27 16:40:46,412] {taskinstance.py:1044} INFO - 
--------------------------------------------------------------------------------
[2022-12-27 16:40:46,424] {taskinstance.py:1063} INFO - Executing <Task(PythonOperator): get_tweet_and_analysis_sentiment> on 2022-12-26T07:00:00+00:00
[2022-12-27 16:40:46,430] {standard_task_runner.py:52} INFO - Started process 31147 to run task
[2022-12-27 16:40:46,434] {standard_task_runner.py:76} INFO - Running: ['airflow', 'tasks', 'run', 'crypto_data_etl_auto_train_model', 'get_tweet_and_analysis_sentiment', '2022-12-26T07:00:00+00:00', '--job-id', '1086', '--pool', 'default_pool', '--raw', '--subdir', 'DAGS_FOLDER/crypto_etl.py', '--cfg-path', '/tmp/tmpgb_eqek8', '--error-file', '/tmp/tmplqrehphe']
[2022-12-27 16:40:46,438] {standard_task_runner.py:77} INFO - Job 1086: Subtask get_tweet_and_analysis_sentiment
[2022-12-27 16:40:46,476] {logging_mixin.py:104} INFO - Running <TaskInstance: crypto_data_etl_auto_train_model.get_tweet_and_analysis_sentiment 2022-12-26T07:00:00+00:00 [running]> on host 2a76951a993b
[2022-12-27 16:40:46,508] {taskinstance.py:1257} INFO - Exporting the following env vars:
AIRFLOW_CTX_DAG_OWNER=VMD
AIRFLOW_CTX_DAG_ID=crypto_data_etl_auto_train_model
AIRFLOW_CTX_TASK_ID=get_tweet_and_analysis_sentiment
AIRFLOW_CTX_EXECUTION_DATE=2022-12-26T07:00:00+00:00
AIRFLOW_CTX_DAG_RUN_ID=scheduled__2022-12-26T07:00:00+00:00
[2022-12-27 16:40:46,511] {logging_mixin.py:104} INFO - scrawling for VitalikButerin
[2022-12-27 16:40:46,511] {logging_mixin.py:104} INFO - 
[2022-12-27 16:40:46,512] {twitter.py:100} INFO - Retrieving guest token from search page
[2022-12-27 16:40:46,514] {base.py:56} INFO - Retrieving https://twitter.com/search?f=live&lang=en&q=from%3AVitalikButerin%0Abitcoin+since%3A2022-12-26+until%3A2022-12-27&src=spelling_expansion_revert_click
[2022-12-27 16:40:47,231] {twitter.py:135} INFO - Retrieving scroll page None
[2022-12-27 16:40:47,233] {base.py:56} INFO - Retrieving https://api.twitter.com/2/search/adaptive.json?include_profile_interstitial_type=1&include_blocking=1&include_blocked_by=1&include_followed_by=1&include_want_retweets=1&include_mute_edge=1&include_can_dm=1&include_can_media_tag=1&skip_status=1&cards_platform=Web-12&include_cards=1&include_composer_source=true&include_ext_alt_text=true&include_reply_count=1&tweet_mode=extended&include_entities=true&include_user_entities=true&include_ext_media_color=true&include_ext_media_availability=true&send_error_codes=true&simple_quoted_tweets=true&q=from%3AVitalikButerin%0Abitcoin+since%3A2022-12-26+until%3A2022-12-27&tweet_search_mode=live&count=100&query_source=spelling_expansion_revert_click&pc=1&spelling_corrections=1&ext=mediaStats%252CcameraMoment
[2022-12-27 16:40:47,614] {twitter.py:135} INFO - Retrieving scroll page scroll:thGAVUV0VFVBYBFgEScRWAiXoVgIl6GARVU0VSNQEVABUAAA==
[2022-12-27 16:40:47,615] {base.py:56} INFO - Retrieving https://api.twitter.com/2/search/adaptive.json?include_profile_interstitial_type=1&include_blocking=1&include_blocked_by=1&include_followed_by=1&include_want_retweets=1&include_mute_edge=1&include_can_dm=1&include_can_media_tag=1&skip_status=1&cards_platform=Web-12&include_cards=1&include_composer_source=true&include_ext_alt_text=true&include_reply_count=1&tweet_mode=extended&include_entities=true&include_user_entities=true&include_ext_media_color=true&include_ext_media_availability=true&send_error_codes=true&simple_quoted_tweets=true&q=from%3AVitalikButerin%0Abitcoin+since%3A2022-12-26+until%3A2022-12-27&tweet_search_mode=live&count=100&query_source=spelling_expansion_revert_click&cursor=scroll%3AthGAVUV0VFVBYBFgEScRWAiXoVgIl6GARVU0VSNQEVABUAAA%3D%3D&pc=1&spelling_corrections=1&ext=mediaStats%252CcameraMoment
[2022-12-27 16:40:47,874] {twitter.py:100} INFO - Retrieving guest token from search page
[2022-12-27 16:40:47,875] {base.py:56} INFO - Retrieving https://twitter.com/search?f=live&lang=en&q=from%3AVitalikButerin%0Abtc+since%3A2022-12-26+until%3A2022-12-27&src=spelling_expansion_revert_click
[2022-12-27 16:40:48,583] {twitter.py:135} INFO - Retrieving scroll page None
[2022-12-27 16:40:48,584] {base.py:56} INFO - Retrieving https://api.twitter.com/2/search/adaptive.json?include_profile_interstitial_type=1&include_blocking=1&include_blocked_by=1&include_followed_by=1&include_want_retweets=1&include_mute_edge=1&include_can_dm=1&include_can_media_tag=1&skip_status=1&cards_platform=Web-12&include_cards=1&include_composer_source=true&include_ext_alt_text=true&include_reply_count=1&tweet_mode=extended&include_entities=true&include_user_entities=true&include_ext_media_color=true&include_ext_media_availability=true&send_error_codes=true&simple_quoted_tweets=true&q=from%3AVitalikButerin%0Abtc+since%3A2022-12-26+until%3A2022-12-27&tweet_search_mode=live&count=100&query_source=spelling_expansion_revert_click&pc=1&spelling_corrections=1&ext=mediaStats%252CcameraMoment
[2022-12-27 16:40:48,972] {twitter.py:135} INFO - Retrieving scroll page scroll:thGAVUV0VFVBYBFgEScRWAiXoVgIl6GARVU0VSNQEVABUAAA==
[2022-12-27 16:40:48,974] {base.py:56} INFO - Retrieving https://api.twitter.com/2/search/adaptive.json?include_profile_interstitial_type=1&include_blocking=1&include_blocked_by=1&include_followed_by=1&include_want_retweets=1&include_mute_edge=1&include_can_dm=1&include_can_media_tag=1&skip_status=1&cards_platform=Web-12&include_cards=1&include_composer_source=true&include_ext_alt_text=true&include_reply_count=1&tweet_mode=extended&include_entities=true&include_user_entities=true&include_ext_media_color=true&include_ext_media_availability=true&send_error_codes=true&simple_quoted_tweets=true&q=from%3AVitalikButerin%0Abtc+since%3A2022-12-26+until%3A2022-12-27&tweet_search_mode=live&count=100&query_source=spelling_expansion_revert_click&cursor=scroll%3AthGAVUV0VFVBYBFgEScRWAiXoVgIl6GARVU0VSNQEVABUAAA%3D%3D&pc=1&spelling_corrections=1&ext=mediaStats%252CcameraMoment
[2022-12-27 16:40:49,232] {logging_mixin.py:104} INFO - scrawling for rogerkver
[2022-12-27 16:40:49,233] {logging_mixin.py:104} INFO - 
[2022-12-27 16:40:49,233] {twitter.py:100} INFO - Retrieving guest token from search page
[2022-12-27 16:40:49,234] {base.py:56} INFO - Retrieving https://twitter.com/search?f=live&lang=en&q=from%3Arogerkver%0Abitcoin+since%3A2022-12-26+until%3A2022-12-27&src=spelling_expansion_revert_click
[2022-12-27 16:40:49,934] {twitter.py:135} INFO - Retrieving scroll page None
[2022-12-27 16:40:49,935] {base.py:56} INFO - Retrieving https://api.twitter.com/2/search/adaptive.json?include_profile_interstitial_type=1&include_blocking=1&include_blocked_by=1&include_followed_by=1&include_want_retweets=1&include_mute_edge=1&include_can_dm=1&include_can_media_tag=1&skip_status=1&cards_platform=Web-12&include_cards=1&include_composer_source=true&include_ext_alt_text=true&include_reply_count=1&tweet_mode=extended&include_entities=true&include_user_entities=true&include_ext_media_color=true&include_ext_media_availability=true&send_error_codes=true&simple_quoted_tweets=true&q=from%3Arogerkver%0Abitcoin+since%3A2022-12-26+until%3A2022-12-27&tweet_search_mode=live&count=100&query_source=spelling_expansion_revert_click&pc=1&spelling_corrections=1&ext=mediaStats%252CcameraMoment
[2022-12-27 16:40:50,304] {twitter.py:135} INFO - Retrieving scroll page scroll:thGAVUV0VFVBYBFgEScRWAiXoVgIl6GARVU0VSNQEVABUAAA==
[2022-12-27 16:40:50,305] {base.py:56} INFO - Retrieving https://api.twitter.com/2/search/adaptive.json?include_profile_interstitial_type=1&include_blocking=1&include_blocked_by=1&include_followed_by=1&include_want_retweets=1&include_mute_edge=1&include_can_dm=1&include_can_media_tag=1&skip_status=1&cards_platform=Web-12&include_cards=1&include_composer_source=true&include_ext_alt_text=true&include_reply_count=1&tweet_mode=extended&include_entities=true&include_user_entities=true&include_ext_media_color=true&include_ext_media_availability=true&send_error_codes=true&simple_quoted_tweets=true&q=from%3Arogerkver%0Abitcoin+since%3A2022-12-26+until%3A2022-12-27&tweet_search_mode=live&count=100&query_source=spelling_expansion_revert_click&cursor=scroll%3AthGAVUV0VFVBYBFgEScRWAiXoVgIl6GARVU0VSNQEVABUAAA%3D%3D&pc=1&spelling_corrections=1&ext=mediaStats%252CcameraMoment
[2022-12-27 16:40:50,565] {twitter.py:100} INFO - Retrieving guest token from search page
[2022-12-27 16:40:50,566] {base.py:56} INFO - Retrieving https://twitter.com/search?f=live&lang=en&q=from%3Arogerkver%0Abtc+since%3A2022-12-26+until%3A2022-12-27&src=spelling_expansion_revert_click
[2022-12-27 16:40:51,233] {twitter.py:135} INFO - Retrieving scroll page None
[2022-12-27 16:40:51,234] {base.py:56} INFO - Retrieving https://api.twitter.com/2/search/adaptive.json?include_profile_interstitial_type=1&include_blocking=1&include_blocked_by=1&include_followed_by=1&include_want_retweets=1&include_mute_edge=1&include_can_dm=1&include_can_media_tag=1&skip_status=1&cards_platform=Web-12&include_cards=1&include_composer_source=true&include_ext_alt_text=true&include_reply_count=1&tweet_mode=extended&include_entities=true&include_user_entities=true&include_ext_media_color=true&include_ext_media_availability=true&send_error_codes=true&simple_quoted_tweets=true&q=from%3Arogerkver%0Abtc+since%3A2022-12-26+until%3A2022-12-27&tweet_search_mode=live&count=100&query_source=spelling_expansion_revert_click&pc=1&spelling_corrections=1&ext=mediaStats%252CcameraMoment
[2022-12-27 16:40:51,633] {twitter.py:135} INFO - Retrieving scroll page scroll:thGAVUV0VFVBYBFgEScRWAiXoVgIl6GARVU0VSNQEVABUAAA==
[2022-12-27 16:40:51,634] {base.py:56} INFO - Retrieving https://api.twitter.com/2/search/adaptive.json?include_profile_interstitial_type=1&include_blocking=1&include_blocked_by=1&include_followed_by=1&include_want_retweets=1&include_mute_edge=1&include_can_dm=1&include_can_media_tag=1&skip_status=1&cards_platform=Web-12&include_cards=1&include_composer_source=true&include_ext_alt_text=true&include_reply_count=1&tweet_mode=extended&include_entities=true&include_user_entities=true&include_ext_media_color=true&include_ext_media_availability=true&send_error_codes=true&simple_quoted_tweets=true&q=from%3Arogerkver%0Abtc+since%3A2022-12-26+until%3A2022-12-27&tweet_search_mode=live&count=100&query_source=spelling_expansion_revert_click&cursor=scroll%3AthGAVUV0VFVBYBFgEScRWAiXoVgIl6GARVU0VSNQEVABUAAA%3D%3D&pc=1&spelling_corrections=1&ext=mediaStats%252CcameraMoment
[2022-12-27 16:40:51,906] {logging_mixin.py:104} INFO - scrawling for Apompliano
[2022-12-27 16:40:51,906] {logging_mixin.py:104} INFO - 
[2022-12-27 16:40:51,907] {twitter.py:100} INFO - Retrieving guest token from search page
[2022-12-27 16:40:51,908] {base.py:56} INFO - Retrieving https://twitter.com/search?f=live&lang=en&q=from%3AApompliano%0Abitcoin+since%3A2022-12-26+until%3A2022-12-27&src=spelling_expansion_revert_click
[2022-12-27 16:40:52,597] {twitter.py:135} INFO - Retrieving scroll page None
[2022-12-27 16:40:52,598] {base.py:56} INFO - Retrieving https://api.twitter.com/2/search/adaptive.json?include_profile_interstitial_type=1&include_blocking=1&include_blocked_by=1&include_followed_by=1&include_want_retweets=1&include_mute_edge=1&include_can_dm=1&include_can_media_tag=1&skip_status=1&cards_platform=Web-12&include_cards=1&include_composer_source=true&include_ext_alt_text=true&include_reply_count=1&tweet_mode=extended&include_entities=true&include_user_entities=true&include_ext_media_color=true&include_ext_media_availability=true&send_error_codes=true&simple_quoted_tweets=true&q=from%3AApompliano%0Abitcoin+since%3A2022-12-26+until%3A2022-12-27&tweet_search_mode=live&count=100&query_source=spelling_expansion_revert_click&pc=1&spelling_corrections=1&ext=mediaStats%252CcameraMoment
[2022-12-27 16:40:52,926] {twitter.py:135} INFO - Retrieving scroll page scroll:thGAVUV0VFVBYBFgEScRWAiXoVgIl6GARVU0VSNQEVABUAAA==
[2022-12-27 16:40:52,927] {base.py:56} INFO - Retrieving https://api.twitter.com/2/search/adaptive.json?include_profile_interstitial_type=1&include_blocking=1&include_blocked_by=1&include_followed_by=1&include_want_retweets=1&include_mute_edge=1&include_can_dm=1&include_can_media_tag=1&skip_status=1&cards_platform=Web-12&include_cards=1&include_composer_source=true&include_ext_alt_text=true&include_reply_count=1&tweet_mode=extended&include_entities=true&include_user_entities=true&include_ext_media_color=true&include_ext_media_availability=true&send_error_codes=true&simple_quoted_tweets=true&q=from%3AApompliano%0Abitcoin+since%3A2022-12-26+until%3A2022-12-27&tweet_search_mode=live&count=100&query_source=spelling_expansion_revert_click&cursor=scroll%3AthGAVUV0VFVBYBFgEScRWAiXoVgIl6GARVU0VSNQEVABUAAA%3D%3D&pc=1&spelling_corrections=1&ext=mediaStats%252CcameraMoment
[2022-12-27 16:40:53,184] {twitter.py:100} INFO - Retrieving guest token from search page
[2022-12-27 16:40:53,185] {base.py:56} INFO - Retrieving https://twitter.com/search?f=live&lang=en&q=from%3AApompliano%0Abtc+since%3A2022-12-26+until%3A2022-12-27&src=spelling_expansion_revert_click
[2022-12-27 16:40:53,904] {twitter.py:135} INFO - Retrieving scroll page None
[2022-12-27 16:40:53,906] {base.py:56} INFO - Retrieving https://api.twitter.com/2/search/adaptive.json?include_profile_interstitial_type=1&include_blocking=1&include_blocked_by=1&include_followed_by=1&include_want_retweets=1&include_mute_edge=1&include_can_dm=1&include_can_media_tag=1&skip_status=1&cards_platform=Web-12&include_cards=1&include_composer_source=true&include_ext_alt_text=true&include_reply_count=1&tweet_mode=extended&include_entities=true&include_user_entities=true&include_ext_media_color=true&include_ext_media_availability=true&send_error_codes=true&simple_quoted_tweets=true&q=from%3AApompliano%0Abtc+since%3A2022-12-26+until%3A2022-12-27&tweet_search_mode=live&count=100&query_source=spelling_expansion_revert_click&pc=1&spelling_corrections=1&ext=mediaStats%252CcameraMoment
[2022-12-27 16:40:54,243] {twitter.py:135} INFO - Retrieving scroll page scroll:thGAVUV0VFVBYBFgEScRWAiXoVgIl6GARVU0VSNQEVABUAAA==
[2022-12-27 16:40:54,245] {base.py:56} INFO - Retrieving https://api.twitter.com/2/search/adaptive.json?include_profile_interstitial_type=1&include_blocking=1&include_blocked_by=1&include_followed_by=1&include_want_retweets=1&include_mute_edge=1&include_can_dm=1&include_can_media_tag=1&skip_status=1&cards_platform=Web-12&include_cards=1&include_composer_source=true&include_ext_alt_text=true&include_reply_count=1&tweet_mode=extended&include_entities=true&include_user_entities=true&include_ext_media_color=true&include_ext_media_availability=true&send_error_codes=true&simple_quoted_tweets=true&q=from%3AApompliano%0Abtc+since%3A2022-12-26+until%3A2022-12-27&tweet_search_mode=live&count=100&query_source=spelling_expansion_revert_click&cursor=scroll%3AthGAVUV0VFVBYBFgEScRWAiXoVgIl6GARVU0VSNQEVABUAAA%3D%3D&pc=1&spelling_corrections=1&ext=mediaStats%252CcameraMoment
[2022-12-27 16:40:54,477] {logging_mixin.py:104} INFO - scrawling for brian_armstrong
[2022-12-27 16:40:54,477] {logging_mixin.py:104} INFO - 
[2022-12-27 16:40:54,478] {twitter.py:100} INFO - Retrieving guest token from search page
[2022-12-27 16:40:54,478] {base.py:56} INFO - Retrieving https://twitter.com/search?f=live&lang=en&q=from%3Abrian_armstrong%0Abitcoin+since%3A2022-12-26+until%3A2022-12-27&src=spelling_expansion_revert_click
[2022-12-27 16:40:55,198] {twitter.py:135} INFO - Retrieving scroll page None
[2022-12-27 16:40:55,200] {base.py:56} INFO - Retrieving https://api.twitter.com/2/search/adaptive.json?include_profile_interstitial_type=1&include_blocking=1&include_blocked_by=1&include_followed_by=1&include_want_retweets=1&include_mute_edge=1&include_can_dm=1&include_can_media_tag=1&skip_status=1&cards_platform=Web-12&include_cards=1&include_composer_source=true&include_ext_alt_text=true&include_reply_count=1&tweet_mode=extended&include_entities=true&include_user_entities=true&include_ext_media_color=true&include_ext_media_availability=true&send_error_codes=true&simple_quoted_tweets=true&q=from%3Abrian_armstrong%0Abitcoin+since%3A2022-12-26+until%3A2022-12-27&tweet_search_mode=live&count=100&query_source=spelling_expansion_revert_click&pc=1&spelling_corrections=1&ext=mediaStats%252CcameraMoment
[2022-12-27 16:40:55,558] {twitter.py:135} INFO - Retrieving scroll page scroll:thGAVUV0VFVBYBFgEScRWAiXoVgIl6GARVU0VSNQEVABUAAA==
[2022-12-27 16:40:55,559] {base.py:56} INFO - Retrieving https://api.twitter.com/2/search/adaptive.json?include_profile_interstitial_type=1&include_blocking=1&include_blocked_by=1&include_followed_by=1&include_want_retweets=1&include_mute_edge=1&include_can_dm=1&include_can_media_tag=1&skip_status=1&cards_platform=Web-12&include_cards=1&include_composer_source=true&include_ext_alt_text=true&include_reply_count=1&tweet_mode=extended&include_entities=true&include_user_entities=true&include_ext_media_color=true&include_ext_media_availability=true&send_error_codes=true&simple_quoted_tweets=true&q=from%3Abrian_armstrong%0Abitcoin+since%3A2022-12-26+until%3A2022-12-27&tweet_search_mode=live&count=100&query_source=spelling_expansion_revert_click&cursor=scroll%3AthGAVUV0VFVBYBFgEScRWAiXoVgIl6GARVU0VSNQEVABUAAA%3D%3D&pc=1&spelling_corrections=1&ext=mediaStats%252CcameraMoment
[2022-12-27 16:40:55,813] {twitter.py:100} INFO - Retrieving guest token from search page
[2022-12-27 16:40:55,814] {base.py:56} INFO - Retrieving https://twitter.com/search?f=live&lang=en&q=from%3Abrian_armstrong%0Abtc+since%3A2022-12-26+until%3A2022-12-27&src=spelling_expansion_revert_click
[2022-12-27 16:40:56,551] {twitter.py:135} INFO - Retrieving scroll page None
[2022-12-27 16:40:56,553] {base.py:56} INFO - Retrieving https://api.twitter.com/2/search/adaptive.json?include_profile_interstitial_type=1&include_blocking=1&include_blocked_by=1&include_followed_by=1&include_want_retweets=1&include_mute_edge=1&include_can_dm=1&include_can_media_tag=1&skip_status=1&cards_platform=Web-12&include_cards=1&include_composer_source=true&include_ext_alt_text=true&include_reply_count=1&tweet_mode=extended&include_entities=true&include_user_entities=true&include_ext_media_color=true&include_ext_media_availability=true&send_error_codes=true&simple_quoted_tweets=true&q=from%3Abrian_armstrong%0Abtc+since%3A2022-12-26+until%3A2022-12-27&tweet_search_mode=live&count=100&query_source=spelling_expansion_revert_click&pc=1&spelling_corrections=1&ext=mediaStats%252CcameraMoment
[2022-12-27 16:40:56,928] {twitter.py:135} INFO - Retrieving scroll page scroll:thGAVUV0VFVBYBFgEScRWAiXoVgIl6GARVU0VSNQEVABUAAA==
[2022-12-27 16:40:56,930] {base.py:56} INFO - Retrieving https://api.twitter.com/2/search/adaptive.json?include_profile_interstitial_type=1&include_blocking=1&include_blocked_by=1&include_followed_by=1&include_want_retweets=1&include_mute_edge=1&include_can_dm=1&include_can_media_tag=1&skip_status=1&cards_platform=Web-12&include_cards=1&include_composer_source=true&include_ext_alt_text=true&include_reply_count=1&tweet_mode=extended&include_entities=true&include_user_entities=true&include_ext_media_color=true&include_ext_media_availability=true&send_error_codes=true&simple_quoted_tweets=true&q=from%3Abrian_armstrong%0Abtc+since%3A2022-12-26+until%3A2022-12-27&tweet_search_mode=live&count=100&query_source=spelling_expansion_revert_click&cursor=scroll%3AthGAVUV0VFVBYBFgEScRWAiXoVgIl6GARVU0VSNQEVABUAAA%3D%3D&pc=1&spelling_corrections=1&ext=mediaStats%252CcameraMoment
[2022-12-27 16:40:57,198] {logging_mixin.py:104} INFO - scrawling for BarrySilbert
[2022-12-27 16:40:57,199] {logging_mixin.py:104} INFO - 
[2022-12-27 16:40:57,199] {twitter.py:100} INFO - Retrieving guest token from search page
[2022-12-27 16:40:57,200] {base.py:56} INFO - Retrieving https://twitter.com/search?f=live&lang=en&q=from%3ABarrySilbert%0Abitcoin+since%3A2022-12-26+until%3A2022-12-27&src=spelling_expansion_revert_click
[2022-12-27 16:40:57,845] {twitter.py:135} INFO - Retrieving scroll page None
[2022-12-27 16:40:57,846] {base.py:56} INFO - Retrieving https://api.twitter.com/2/search/adaptive.json?include_profile_interstitial_type=1&include_blocking=1&include_blocked_by=1&include_followed_by=1&include_want_retweets=1&include_mute_edge=1&include_can_dm=1&include_can_media_tag=1&skip_status=1&cards_platform=Web-12&include_cards=1&include_composer_source=true&include_ext_alt_text=true&include_reply_count=1&tweet_mode=extended&include_entities=true&include_user_entities=true&include_ext_media_color=true&include_ext_media_availability=true&send_error_codes=true&simple_quoted_tweets=true&q=from%3ABarrySilbert%0Abitcoin+since%3A2022-12-26+until%3A2022-12-27&tweet_search_mode=live&count=100&query_source=spelling_expansion_revert_click&pc=1&spelling_corrections=1&ext=mediaStats%252CcameraMoment
[2022-12-27 16:40:58,270] {twitter.py:135} INFO - Retrieving scroll page scroll:thGAVUV0VFVBYBFgEScRWAiXoVgIl6GARVU0VSNQEVABUAAA==
[2022-12-27 16:40:58,272] {base.py:56} INFO - Retrieving https://api.twitter.com/2/search/adaptive.json?include_profile_interstitial_type=1&include_blocking=1&include_blocked_by=1&include_followed_by=1&include_want_retweets=1&include_mute_edge=1&include_can_dm=1&include_can_media_tag=1&skip_status=1&cards_platform=Web-12&include_cards=1&include_composer_source=true&include_ext_alt_text=true&include_reply_count=1&tweet_mode=extended&include_entities=true&include_user_entities=true&include_ext_media_color=true&include_ext_media_availability=true&send_error_codes=true&simple_quoted_tweets=true&q=from%3ABarrySilbert%0Abitcoin+since%3A2022-12-26+until%3A2022-12-27&tweet_search_mode=live&count=100&query_source=spelling_expansion_revert_click&cursor=scroll%3AthGAVUV0VFVBYBFgEScRWAiXoVgIl6GARVU0VSNQEVABUAAA%3D%3D&pc=1&spelling_corrections=1&ext=mediaStats%252CcameraMoment
[2022-12-27 16:40:58,524] {twitter.py:100} INFO - Retrieving guest token from search page
[2022-12-27 16:40:58,525] {base.py:56} INFO - Retrieving https://twitter.com/search?f=live&lang=en&q=from%3ABarrySilbert%0Abtc+since%3A2022-12-26+until%3A2022-12-27&src=spelling_expansion_revert_click
[2022-12-27 16:40:59,270] {twitter.py:135} INFO - Retrieving scroll page None
[2022-12-27 16:40:59,271] {base.py:56} INFO - Retrieving https://api.twitter.com/2/search/adaptive.json?include_profile_interstitial_type=1&include_blocking=1&include_blocked_by=1&include_followed_by=1&include_want_retweets=1&include_mute_edge=1&include_can_dm=1&include_can_media_tag=1&skip_status=1&cards_platform=Web-12&include_cards=1&include_composer_source=true&include_ext_alt_text=true&include_reply_count=1&tweet_mode=extended&include_entities=true&include_user_entities=true&include_ext_media_color=true&include_ext_media_availability=true&send_error_codes=true&simple_quoted_tweets=true&q=from%3ABarrySilbert%0Abtc+since%3A2022-12-26+until%3A2022-12-27&tweet_search_mode=live&count=100&query_source=spelling_expansion_revert_click&pc=1&spelling_corrections=1&ext=mediaStats%252CcameraMoment
[2022-12-27 16:40:59,627] {twitter.py:135} INFO - Retrieving scroll page scroll:thGAVUV0VFVBYBFgEScRWAiXoVgIl6GARVU0VSNQEVABUAAA==
[2022-12-27 16:40:59,628] {base.py:56} INFO - Retrieving https://api.twitter.com/2/search/adaptive.json?include_profile_interstitial_type=1&include_blocking=1&include_blocked_by=1&include_followed_by=1&include_want_retweets=1&include_mute_edge=1&include_can_dm=1&include_can_media_tag=1&skip_status=1&cards_platform=Web-12&include_cards=1&include_composer_source=true&include_ext_alt_text=true&include_reply_count=1&tweet_mode=extended&include_entities=true&include_user_entities=true&include_ext_media_color=true&include_ext_media_availability=true&send_error_codes=true&simple_quoted_tweets=true&q=from%3ABarrySilbert%0Abtc+since%3A2022-12-26+until%3A2022-12-27&tweet_search_mode=live&count=100&query_source=spelling_expansion_revert_click&cursor=scroll%3AthGAVUV0VFVBYBFgEScRWAiXoVgIl6GARVU0VSNQEVABUAAA%3D%3D&pc=1&spelling_corrections=1&ext=mediaStats%252CcameraMoment
[2022-12-27 16:40:59,881] {logging_mixin.py:104} INFO - scrawling for aantonop
[2022-12-27 16:40:59,881] {logging_mixin.py:104} INFO - 
[2022-12-27 16:40:59,882] {twitter.py:100} INFO - Retrieving guest token from search page
[2022-12-27 16:40:59,883] {base.py:56} INFO - Retrieving https://twitter.com/search?f=live&lang=en&q=from%3Aaantonop%0Abitcoin+since%3A2022-12-26+until%3A2022-12-27&src=spelling_expansion_revert_click
[2022-12-27 16:41:00,551] {twitter.py:135} INFO - Retrieving scroll page None
[2022-12-27 16:41:00,553] {base.py:56} INFO - Retrieving https://api.twitter.com/2/search/adaptive.json?include_profile_interstitial_type=1&include_blocking=1&include_blocked_by=1&include_followed_by=1&include_want_retweets=1&include_mute_edge=1&include_can_dm=1&include_can_media_tag=1&skip_status=1&cards_platform=Web-12&include_cards=1&include_composer_source=true&include_ext_alt_text=true&include_reply_count=1&tweet_mode=extended&include_entities=true&include_user_entities=true&include_ext_media_color=true&include_ext_media_availability=true&send_error_codes=true&simple_quoted_tweets=true&q=from%3Aaantonop%0Abitcoin+since%3A2022-12-26+until%3A2022-12-27&tweet_search_mode=live&count=100&query_source=spelling_expansion_revert_click&pc=1&spelling_corrections=1&ext=mediaStats%252CcameraMoment
[2022-12-27 16:41:00,905] {twitter.py:135} INFO - Retrieving scroll page scroll:thGAVUV0VFVBYBFgEScRWAiXoVgIl6GARVU0VSNQEVABUAAA==
[2022-12-27 16:41:00,906] {base.py:56} INFO - Retrieving https://api.twitter.com/2/search/adaptive.json?include_profile_interstitial_type=1&include_blocking=1&include_blocked_by=1&include_followed_by=1&include_want_retweets=1&include_mute_edge=1&include_can_dm=1&include_can_media_tag=1&skip_status=1&cards_platform=Web-12&include_cards=1&include_composer_source=true&include_ext_alt_text=true&include_reply_count=1&tweet_mode=extended&include_entities=true&include_user_entities=true&include_ext_media_color=true&include_ext_media_availability=true&send_error_codes=true&simple_quoted_tweets=true&q=from%3Aaantonop%0Abitcoin+since%3A2022-12-26+until%3A2022-12-27&tweet_search_mode=live&count=100&query_source=spelling_expansion_revert_click&cursor=scroll%3AthGAVUV0VFVBYBFgEScRWAiXoVgIl6GARVU0VSNQEVABUAAA%3D%3D&pc=1&spelling_corrections=1&ext=mediaStats%252CcameraMoment
[2022-12-27 16:41:01,188] {twitter.py:100} INFO - Retrieving guest token from search page
[2022-12-27 16:41:01,189] {base.py:56} INFO - Retrieving https://twitter.com/search?f=live&lang=en&q=from%3Aaantonop%0Abtc+since%3A2022-12-26+until%3A2022-12-27&src=spelling_expansion_revert_click
[2022-12-27 16:41:01,636] {base.py:69} WARNING - Error retrieving https://twitter.com/search?f=live&lang=en&q=from%3Aaantonop%0Abtc+since%3A2022-12-26+until%3A2022-12-27&src=spelling_expansion_revert_click: ChunkedEncodingError(ProtocolError('Connection broken: IncompleteRead(0 bytes read)', IncompleteRead(0 bytes read)),), retrying
[2022-12-27 16:41:01,642] {base.py:90} INFO - Waiting 1 seconds
[2022-12-27 16:41:02,646] {base.py:56} INFO - Retrieving https://twitter.com/search?f=live&lang=en&q=from%3Aaantonop%0Abtc+since%3A2022-12-26+until%3A2022-12-27&src=spelling_expansion_revert_click
[2022-12-27 16:41:02,651] {base.py:69} WARNING - Error retrieving https://twitter.com/search?f=live&lang=en&q=from%3Aaantonop%0Abtc+since%3A2022-12-26+until%3A2022-12-27&src=spelling_expansion_revert_click: ConnectionError(MaxRetryError("HTTPSConnectionPool(host='twitter.com', port=443): Max retries exceeded with url: /search?f=live&lang=en&q=from%3Aaantonop%0Abtc+since%3A2022-12-26+until%3A2022-12-27&src=spelling_expansion_revert_click (Caused by NewConnectionError('<urllib3.connection.HTTPSConnection object at 0x7fa186b0be10>: Failed to establish a new connection: [Errno -2] Name or service not known',))",),), retrying
[2022-12-27 16:41:02,652] {base.py:90} INFO - Waiting 2 seconds
[2022-12-27 16:41:04,657] {base.py:56} INFO - Retrieving https://twitter.com/search?f=live&lang=en&q=from%3Aaantonop%0Abtc+since%3A2022-12-26+until%3A2022-12-27&src=spelling_expansion_revert_click
[2022-12-27 16:41:04,663] {base.py:69} WARNING - Error retrieving https://twitter.com/search?f=live&lang=en&q=from%3Aaantonop%0Abtc+since%3A2022-12-26+until%3A2022-12-27&src=spelling_expansion_revert_click: ConnectionError(MaxRetryError("HTTPSConnectionPool(host='twitter.com', port=443): Max retries exceeded with url: /search?f=live&lang=en&q=from%3Aaantonop%0Abtc+since%3A2022-12-26+until%3A2022-12-27&src=spelling_expansion_revert_click (Caused by NewConnectionError('<urllib3.connection.HTTPSConnection object at 0x7fa186b0bb38>: Failed to establish a new connection: [Errno -2] Name or service not known',))",),), retrying
[2022-12-27 16:41:04,663] {base.py:90} INFO - Waiting 4 seconds
[2022-12-27 16:41:08,669] {base.py:56} INFO - Retrieving https://twitter.com/search?f=live&lang=en&q=from%3Aaantonop%0Abtc+since%3A2022-12-26+until%3A2022-12-27&src=spelling_expansion_revert_click
[2022-12-27 16:41:08,674] {base.py:69} ERROR - Error retrieving https://twitter.com/search?f=live&lang=en&q=from%3Aaantonop%0Abtc+since%3A2022-12-26+until%3A2022-12-27&src=spelling_expansion_revert_click: ConnectionError(MaxRetryError("HTTPSConnectionPool(host='twitter.com', port=443): Max retries exceeded with url: /search?f=live&lang=en&q=from%3Aaantonop%0Abtc+since%3A2022-12-26+until%3A2022-12-27&src=spelling_expansion_revert_click (Caused by NewConnectionError('<urllib3.connection.HTTPSConnection object at 0x7fa186b0bd68>: Failed to establish a new connection: [Errno -2] Name or service not known',))",),)
[2022-12-27 16:41:08,675] {base.py:94} CRITICAL - 4 requests to https://twitter.com/search?f=live&lang=en&q=from%3Aaantonop%0Abtc+since%3A2022-12-26+until%3A2022-12-27&src=spelling_expansion_revert_click failed, giving up.
[2022-12-27 16:41:08,675] {taskinstance.py:1455} ERROR - 4 requests to https://twitter.com/search?f=live&lang=en&q=from%3Aaantonop%0Abtc+since%3A2022-12-26+until%3A2022-12-27&src=spelling_expansion_revert_click failed, giving up.
Traceback (most recent call last):
  File "/home/airflow/.local/lib/python3.6/site-packages/airflow/models/taskinstance.py", line 1112, in _run_raw_task
    self._prepare_and_execute_task_with_callbacks(context, task)
  File "/home/airflow/.local/lib/python3.6/site-packages/airflow/models/taskinstance.py", line 1285, in _prepare_and_execute_task_with_callbacks
    result = self._execute_task(context, task_copy)
  File "/home/airflow/.local/lib/python3.6/site-packages/airflow/models/taskinstance.py", line 1315, in _execute_task
    result = task_copy.execute(context=context)
  File "/home/airflow/.local/lib/python3.6/site-packages/airflow/operators/python.py", line 117, in execute
    return_value = self.execute_callable()
  File "/home/airflow/.local/lib/python3.6/site-packages/airflow/operators/python.py", line 128, in execute_callable
    return self.python_callable(*self.op_args, **self.op_kwargs)
  File "/opt/airflow/dags/datacrawl.py", line 118, in get_tweet_and_analysis_sentiment
    for i,tweet in enumerate(sntwitter.TwitterSearchScraper("from:"+ user + 'btc' + ' since:' + yesterday + ' until:' + now).get_items()):
  File "/home/airflow/.local/lib/python3.6/site-packages/snscrape/modules/twitter.py", line 131, in get_items
    guestToken = self._get_guest_token()
  File "/home/airflow/.local/lib/python3.6/site-packages/snscrape/modules/twitter.py", line 101, in _get_guest_token
    r = self._get(self._baseUrl, headers = {'User-Agent': self._userAgent})
  File "/home/airflow/.local/lib/python3.6/site-packages/snscrape/base.py", line 99, in _get
    return self._request('GET', *args, **kwargs)
  File "/home/airflow/.local/lib/python3.6/site-packages/snscrape/base.py", line 95, in _request
    raise ScraperException(msg)
snscrape.base.ScraperException: 4 requests to https://twitter.com/search?f=live&lang=en&q=from%3Aaantonop%0Abtc+since%3A2022-12-26+until%3A2022-12-27&src=spelling_expansion_revert_click failed, giving up.
[2022-12-27 16:41:08,681] {taskinstance.py:1503} INFO - Marking task as UP_FOR_RETRY. dag_id=crypto_data_etl_auto_train_model, task_id=get_tweet_and_analysis_sentiment, execution_date=20221226T070000, start_date=20221227T164046, end_date=20221227T164108
[2022-12-27 16:41:08,739] {local_task_job.py:146} INFO - Task exited with return code 1
