[2022-12-27 18:26:13,041] {taskinstance.py:851} INFO - Dependencies all met for <TaskInstance: crypto_data_etl_auto_train_model.get_tweet_and_analysis_sentiment 2022-12-26T07:00:00+00:00 [queued]>
[2022-12-27 18:26:13,050] {taskinstance.py:851} INFO - Dependencies all met for <TaskInstance: crypto_data_etl_auto_train_model.get_tweet_and_analysis_sentiment 2022-12-26T07:00:00+00:00 [queued]>
[2022-12-27 18:26:13,050] {taskinstance.py:1042} INFO - 
--------------------------------------------------------------------------------
[2022-12-27 18:26:13,051] {taskinstance.py:1043} INFO - Starting attempt 4 of 9
[2022-12-27 18:26:13,051] {taskinstance.py:1044} INFO - 
--------------------------------------------------------------------------------
[2022-12-27 18:26:13,061] {taskinstance.py:1063} INFO - Executing <Task(PythonOperator): get_tweet_and_analysis_sentiment> on 2022-12-26T07:00:00+00:00
[2022-12-27 18:26:13,067] {standard_task_runner.py:52} INFO - Started process 11827 to run task
[2022-12-27 18:26:13,071] {standard_task_runner.py:76} INFO - Running: ['airflow', 'tasks', 'run', 'crypto_data_etl_auto_train_model', 'get_tweet_and_analysis_sentiment', '2022-12-26T07:00:00+00:00', '--job-id', '1100', '--pool', 'default_pool', '--raw', '--subdir', 'DAGS_FOLDER/crypto_etl.py', '--cfg-path', '/tmp/tmp41rfb1o8', '--error-file', '/tmp/tmpn2heyucq']
[2022-12-27 18:26:13,075] {standard_task_runner.py:77} INFO - Job 1100: Subtask get_tweet_and_analysis_sentiment
[2022-12-27 18:26:13,112] {logging_mixin.py:104} INFO - Running <TaskInstance: crypto_data_etl_auto_train_model.get_tweet_and_analysis_sentiment 2022-12-26T07:00:00+00:00 [running]> on host 2a76951a993b
[2022-12-27 18:26:13,141] {taskinstance.py:1257} INFO - Exporting the following env vars:
AIRFLOW_CTX_DAG_OWNER=VMD
AIRFLOW_CTX_DAG_ID=crypto_data_etl_auto_train_model
AIRFLOW_CTX_TASK_ID=get_tweet_and_analysis_sentiment
AIRFLOW_CTX_EXECUTION_DATE=2022-12-26T07:00:00+00:00
AIRFLOW_CTX_DAG_RUN_ID=scheduled__2022-12-26T07:00:00+00:00
[2022-12-27 18:26:13,145] {logging_mixin.py:104} INFO - scrawling for VitalikButerin
[2022-12-27 18:26:13,145] {logging_mixin.py:104} INFO - 
[2022-12-27 18:26:13,146] {twitter.py:100} INFO - Retrieving guest token from search page
[2022-12-27 18:26:13,148] {base.py:56} INFO - Retrieving https://twitter.com/search?f=live&lang=en&q=from%3AVitalikButerin%0Abitcoin+since%3A2022-12-26+until%3A2022-12-27&src=spelling_expansion_revert_click
[2022-12-27 18:26:13,874] {twitter.py:135} INFO - Retrieving scroll page None
[2022-12-27 18:26:13,875] {base.py:56} INFO - Retrieving https://api.twitter.com/2/search/adaptive.json?include_profile_interstitial_type=1&include_blocking=1&include_blocked_by=1&include_followed_by=1&include_want_retweets=1&include_mute_edge=1&include_can_dm=1&include_can_media_tag=1&skip_status=1&cards_platform=Web-12&include_cards=1&include_composer_source=true&include_ext_alt_text=true&include_reply_count=1&tweet_mode=extended&include_entities=true&include_user_entities=true&include_ext_media_color=true&include_ext_media_availability=true&send_error_codes=true&simple_quoted_tweets=true&q=from%3AVitalikButerin%0Abitcoin+since%3A2022-12-26+until%3A2022-12-27&tweet_search_mode=live&count=100&query_source=spelling_expansion_revert_click&pc=1&spelling_corrections=1&ext=mediaStats%252CcameraMoment
[2022-12-27 18:26:14,269] {twitter.py:135} INFO - Retrieving scroll page scroll:thGAVUV0VFVBYBFgEScRWAiXoVgIl6GARVU0VSNQEVABUAAA==
[2022-12-27 18:26:14,270] {base.py:56} INFO - Retrieving https://api.twitter.com/2/search/adaptive.json?include_profile_interstitial_type=1&include_blocking=1&include_blocked_by=1&include_followed_by=1&include_want_retweets=1&include_mute_edge=1&include_can_dm=1&include_can_media_tag=1&skip_status=1&cards_platform=Web-12&include_cards=1&include_composer_source=true&include_ext_alt_text=true&include_reply_count=1&tweet_mode=extended&include_entities=true&include_user_entities=true&include_ext_media_color=true&include_ext_media_availability=true&send_error_codes=true&simple_quoted_tweets=true&q=from%3AVitalikButerin%0Abitcoin+since%3A2022-12-26+until%3A2022-12-27&tweet_search_mode=live&count=100&query_source=spelling_expansion_revert_click&cursor=scroll%3AthGAVUV0VFVBYBFgEScRWAiXoVgIl6GARVU0VSNQEVABUAAA%3D%3D&pc=1&spelling_corrections=1&ext=mediaStats%252CcameraMoment
[2022-12-27 18:26:14,525] {twitter.py:100} INFO - Retrieving guest token from search page
[2022-12-27 18:26:14,526] {base.py:56} INFO - Retrieving https://twitter.com/search?f=live&lang=en&q=from%3AVitalikButerin%0Abtc+since%3A2022-12-26+until%3A2022-12-27&src=spelling_expansion_revert_click
[2022-12-27 18:26:15,189] {twitter.py:135} INFO - Retrieving scroll page None
[2022-12-27 18:26:15,190] {base.py:56} INFO - Retrieving https://api.twitter.com/2/search/adaptive.json?include_profile_interstitial_type=1&include_blocking=1&include_blocked_by=1&include_followed_by=1&include_want_retweets=1&include_mute_edge=1&include_can_dm=1&include_can_media_tag=1&skip_status=1&cards_platform=Web-12&include_cards=1&include_composer_source=true&include_ext_alt_text=true&include_reply_count=1&tweet_mode=extended&include_entities=true&include_user_entities=true&include_ext_media_color=true&include_ext_media_availability=true&send_error_codes=true&simple_quoted_tweets=true&q=from%3AVitalikButerin%0Abtc+since%3A2022-12-26+until%3A2022-12-27&tweet_search_mode=live&count=100&query_source=spelling_expansion_revert_click&pc=1&spelling_corrections=1&ext=mediaStats%252CcameraMoment
[2022-12-27 18:26:15,542] {twitter.py:135} INFO - Retrieving scroll page scroll:thGAVUV0VFVBYBFgEScRWAiXoVgIl6GARVU0VSNQEVABUAAA==
[2022-12-27 18:26:15,543] {base.py:56} INFO - Retrieving https://api.twitter.com/2/search/adaptive.json?include_profile_interstitial_type=1&include_blocking=1&include_blocked_by=1&include_followed_by=1&include_want_retweets=1&include_mute_edge=1&include_can_dm=1&include_can_media_tag=1&skip_status=1&cards_platform=Web-12&include_cards=1&include_composer_source=true&include_ext_alt_text=true&include_reply_count=1&tweet_mode=extended&include_entities=true&include_user_entities=true&include_ext_media_color=true&include_ext_media_availability=true&send_error_codes=true&simple_quoted_tweets=true&q=from%3AVitalikButerin%0Abtc+since%3A2022-12-26+until%3A2022-12-27&tweet_search_mode=live&count=100&query_source=spelling_expansion_revert_click&cursor=scroll%3AthGAVUV0VFVBYBFgEScRWAiXoVgIl6GARVU0VSNQEVABUAAA%3D%3D&pc=1&spelling_corrections=1&ext=mediaStats%252CcameraMoment
[2022-12-27 18:26:15,787] {logging_mixin.py:104} INFO - scrawling for rogerkver
[2022-12-27 18:26:15,788] {logging_mixin.py:104} INFO - 
[2022-12-27 18:26:15,788] {twitter.py:100} INFO - Retrieving guest token from search page
[2022-12-27 18:26:15,789] {base.py:56} INFO - Retrieving https://twitter.com/search?f=live&lang=en&q=from%3Arogerkver%0Abitcoin+since%3A2022-12-26+until%3A2022-12-27&src=spelling_expansion_revert_click
[2022-12-27 18:26:16,479] {twitter.py:135} INFO - Retrieving scroll page None
[2022-12-27 18:26:16,480] {base.py:56} INFO - Retrieving https://api.twitter.com/2/search/adaptive.json?include_profile_interstitial_type=1&include_blocking=1&include_blocked_by=1&include_followed_by=1&include_want_retweets=1&include_mute_edge=1&include_can_dm=1&include_can_media_tag=1&skip_status=1&cards_platform=Web-12&include_cards=1&include_composer_source=true&include_ext_alt_text=true&include_reply_count=1&tweet_mode=extended&include_entities=true&include_user_entities=true&include_ext_media_color=true&include_ext_media_availability=true&send_error_codes=true&simple_quoted_tweets=true&q=from%3Arogerkver%0Abitcoin+since%3A2022-12-26+until%3A2022-12-27&tweet_search_mode=live&count=100&query_source=spelling_expansion_revert_click&pc=1&spelling_corrections=1&ext=mediaStats%252CcameraMoment
[2022-12-27 18:26:16,859] {twitter.py:135} INFO - Retrieving scroll page scroll:thGAVUV0VFVBYBFgEScRWAiXoVgIl6GARVU0VSNQEVABUAAA==
[2022-12-27 18:26:16,861] {base.py:56} INFO - Retrieving https://api.twitter.com/2/search/adaptive.json?include_profile_interstitial_type=1&include_blocking=1&include_blocked_by=1&include_followed_by=1&include_want_retweets=1&include_mute_edge=1&include_can_dm=1&include_can_media_tag=1&skip_status=1&cards_platform=Web-12&include_cards=1&include_composer_source=true&include_ext_alt_text=true&include_reply_count=1&tweet_mode=extended&include_entities=true&include_user_entities=true&include_ext_media_color=true&include_ext_media_availability=true&send_error_codes=true&simple_quoted_tweets=true&q=from%3Arogerkver%0Abitcoin+since%3A2022-12-26+until%3A2022-12-27&tweet_search_mode=live&count=100&query_source=spelling_expansion_revert_click&cursor=scroll%3AthGAVUV0VFVBYBFgEScRWAiXoVgIl6GARVU0VSNQEVABUAAA%3D%3D&pc=1&spelling_corrections=1&ext=mediaStats%252CcameraMoment
[2022-12-27 18:26:17,105] {twitter.py:100} INFO - Retrieving guest token from search page
[2022-12-27 18:26:17,106] {base.py:56} INFO - Retrieving https://twitter.com/search?f=live&lang=en&q=from%3Arogerkver%0Abtc+since%3A2022-12-26+until%3A2022-12-27&src=spelling_expansion_revert_click
[2022-12-27 18:26:17,854] {twitter.py:135} INFO - Retrieving scroll page None
[2022-12-27 18:26:17,856] {base.py:56} INFO - Retrieving https://api.twitter.com/2/search/adaptive.json?include_profile_interstitial_type=1&include_blocking=1&include_blocked_by=1&include_followed_by=1&include_want_retweets=1&include_mute_edge=1&include_can_dm=1&include_can_media_tag=1&skip_status=1&cards_platform=Web-12&include_cards=1&include_composer_source=true&include_ext_alt_text=true&include_reply_count=1&tweet_mode=extended&include_entities=true&include_user_entities=true&include_ext_media_color=true&include_ext_media_availability=true&send_error_codes=true&simple_quoted_tweets=true&q=from%3Arogerkver%0Abtc+since%3A2022-12-26+until%3A2022-12-27&tweet_search_mode=live&count=100&query_source=spelling_expansion_revert_click&pc=1&spelling_corrections=1&ext=mediaStats%252CcameraMoment
[2022-12-27 18:26:18,265] {twitter.py:135} INFO - Retrieving scroll page scroll:thGAVUV0VFVBYBFgEScRWAiXoVgIl6GARVU0VSNQEVABUAAA==
[2022-12-27 18:26:18,267] {base.py:56} INFO - Retrieving https://api.twitter.com/2/search/adaptive.json?include_profile_interstitial_type=1&include_blocking=1&include_blocked_by=1&include_followed_by=1&include_want_retweets=1&include_mute_edge=1&include_can_dm=1&include_can_media_tag=1&skip_status=1&cards_platform=Web-12&include_cards=1&include_composer_source=true&include_ext_alt_text=true&include_reply_count=1&tweet_mode=extended&include_entities=true&include_user_entities=true&include_ext_media_color=true&include_ext_media_availability=true&send_error_codes=true&simple_quoted_tweets=true&q=from%3Arogerkver%0Abtc+since%3A2022-12-26+until%3A2022-12-27&tweet_search_mode=live&count=100&query_source=spelling_expansion_revert_click&cursor=scroll%3AthGAVUV0VFVBYBFgEScRWAiXoVgIl6GARVU0VSNQEVABUAAA%3D%3D&pc=1&spelling_corrections=1&ext=mediaStats%252CcameraMoment
[2022-12-27 18:26:18,537] {logging_mixin.py:104} INFO - scrawling for Apompliano
[2022-12-27 18:26:18,538] {logging_mixin.py:104} INFO - 
[2022-12-27 18:26:18,538] {twitter.py:100} INFO - Retrieving guest token from search page
[2022-12-27 18:26:18,539] {base.py:56} INFO - Retrieving https://twitter.com/search?f=live&lang=en&q=from%3AApompliano%0Abitcoin+since%3A2022-12-26+until%3A2022-12-27&src=spelling_expansion_revert_click
[2022-12-27 18:26:19,191] {twitter.py:135} INFO - Retrieving scroll page None
[2022-12-27 18:26:19,193] {base.py:56} INFO - Retrieving https://api.twitter.com/2/search/adaptive.json?include_profile_interstitial_type=1&include_blocking=1&include_blocked_by=1&include_followed_by=1&include_want_retweets=1&include_mute_edge=1&include_can_dm=1&include_can_media_tag=1&skip_status=1&cards_platform=Web-12&include_cards=1&include_composer_source=true&include_ext_alt_text=true&include_reply_count=1&tweet_mode=extended&include_entities=true&include_user_entities=true&include_ext_media_color=true&include_ext_media_availability=true&send_error_codes=true&simple_quoted_tweets=true&q=from%3AApompliano%0Abitcoin+since%3A2022-12-26+until%3A2022-12-27&tweet_search_mode=live&count=100&query_source=spelling_expansion_revert_click&pc=1&spelling_corrections=1&ext=mediaStats%252CcameraMoment
[2022-12-27 18:26:19,521] {twitter.py:135} INFO - Retrieving scroll page scroll:thGAVUV0VFVBYBFgEScRWAiXoVgIl6GARVU0VSNQEVABUAAA==
[2022-12-27 18:26:19,522] {base.py:56} INFO - Retrieving https://api.twitter.com/2/search/adaptive.json?include_profile_interstitial_type=1&include_blocking=1&include_blocked_by=1&include_followed_by=1&include_want_retweets=1&include_mute_edge=1&include_can_dm=1&include_can_media_tag=1&skip_status=1&cards_platform=Web-12&include_cards=1&include_composer_source=true&include_ext_alt_text=true&include_reply_count=1&tweet_mode=extended&include_entities=true&include_user_entities=true&include_ext_media_color=true&include_ext_media_availability=true&send_error_codes=true&simple_quoted_tweets=true&q=from%3AApompliano%0Abitcoin+since%3A2022-12-26+until%3A2022-12-27&tweet_search_mode=live&count=100&query_source=spelling_expansion_revert_click&cursor=scroll%3AthGAVUV0VFVBYBFgEScRWAiXoVgIl6GARVU0VSNQEVABUAAA%3D%3D&pc=1&spelling_corrections=1&ext=mediaStats%252CcameraMoment
[2022-12-27 18:26:19,762] {twitter.py:100} INFO - Retrieving guest token from search page
[2022-12-27 18:26:19,763] {base.py:56} INFO - Retrieving https://twitter.com/search?f=live&lang=en&q=from%3AApompliano%0Abtc+since%3A2022-12-26+until%3A2022-12-27&src=spelling_expansion_revert_click
[2022-12-27 18:26:20,428] {twitter.py:135} INFO - Retrieving scroll page None
[2022-12-27 18:26:20,430] {base.py:56} INFO - Retrieving https://api.twitter.com/2/search/adaptive.json?include_profile_interstitial_type=1&include_blocking=1&include_blocked_by=1&include_followed_by=1&include_want_retweets=1&include_mute_edge=1&include_can_dm=1&include_can_media_tag=1&skip_status=1&cards_platform=Web-12&include_cards=1&include_composer_source=true&include_ext_alt_text=true&include_reply_count=1&tweet_mode=extended&include_entities=true&include_user_entities=true&include_ext_media_color=true&include_ext_media_availability=true&send_error_codes=true&simple_quoted_tweets=true&q=from%3AApompliano%0Abtc+since%3A2022-12-26+until%3A2022-12-27&tweet_search_mode=live&count=100&query_source=spelling_expansion_revert_click&pc=1&spelling_corrections=1&ext=mediaStats%252CcameraMoment
[2022-12-27 18:26:20,809] {twitter.py:135} INFO - Retrieving scroll page scroll:thGAVUV0VFVBYBFgEScRWAiXoVgIl6GARVU0VSNQEVABUAAA==
[2022-12-27 18:26:20,811] {base.py:56} INFO - Retrieving https://api.twitter.com/2/search/adaptive.json?include_profile_interstitial_type=1&include_blocking=1&include_blocked_by=1&include_followed_by=1&include_want_retweets=1&include_mute_edge=1&include_can_dm=1&include_can_media_tag=1&skip_status=1&cards_platform=Web-12&include_cards=1&include_composer_source=true&include_ext_alt_text=true&include_reply_count=1&tweet_mode=extended&include_entities=true&include_user_entities=true&include_ext_media_color=true&include_ext_media_availability=true&send_error_codes=true&simple_quoted_tweets=true&q=from%3AApompliano%0Abtc+since%3A2022-12-26+until%3A2022-12-27&tweet_search_mode=live&count=100&query_source=spelling_expansion_revert_click&cursor=scroll%3AthGAVUV0VFVBYBFgEScRWAiXoVgIl6GARVU0VSNQEVABUAAA%3D%3D&pc=1&spelling_corrections=1&ext=mediaStats%252CcameraMoment
[2022-12-27 18:26:21,071] {logging_mixin.py:104} INFO - scrawling for brian_armstrong
[2022-12-27 18:26:21,072] {logging_mixin.py:104} INFO - 
[2022-12-27 18:26:21,072] {twitter.py:100} INFO - Retrieving guest token from search page
[2022-12-27 18:26:21,073] {base.py:56} INFO - Retrieving https://twitter.com/search?f=live&lang=en&q=from%3Abrian_armstrong%0Abitcoin+since%3A2022-12-26+until%3A2022-12-27&src=spelling_expansion_revert_click
[2022-12-27 18:26:21,732] {twitter.py:135} INFO - Retrieving scroll page None
[2022-12-27 18:26:21,733] {base.py:56} INFO - Retrieving https://api.twitter.com/2/search/adaptive.json?include_profile_interstitial_type=1&include_blocking=1&include_blocked_by=1&include_followed_by=1&include_want_retweets=1&include_mute_edge=1&include_can_dm=1&include_can_media_tag=1&skip_status=1&cards_platform=Web-12&include_cards=1&include_composer_source=true&include_ext_alt_text=true&include_reply_count=1&tweet_mode=extended&include_entities=true&include_user_entities=true&include_ext_media_color=true&include_ext_media_availability=true&send_error_codes=true&simple_quoted_tweets=true&q=from%3Abrian_armstrong%0Abitcoin+since%3A2022-12-26+until%3A2022-12-27&tweet_search_mode=live&count=100&query_source=spelling_expansion_revert_click&pc=1&spelling_corrections=1&ext=mediaStats%252CcameraMoment
[2022-12-27 18:26:22,094] {twitter.py:135} INFO - Retrieving scroll page scroll:thGAVUV0VFVBYBFgEScRWAiXoVgIl6GARVU0VSNQEVABUAAA==
[2022-12-27 18:26:22,096] {base.py:56} INFO - Retrieving https://api.twitter.com/2/search/adaptive.json?include_profile_interstitial_type=1&include_blocking=1&include_blocked_by=1&include_followed_by=1&include_want_retweets=1&include_mute_edge=1&include_can_dm=1&include_can_media_tag=1&skip_status=1&cards_platform=Web-12&include_cards=1&include_composer_source=true&include_ext_alt_text=true&include_reply_count=1&tweet_mode=extended&include_entities=true&include_user_entities=true&include_ext_media_color=true&include_ext_media_availability=true&send_error_codes=true&simple_quoted_tweets=true&q=from%3Abrian_armstrong%0Abitcoin+since%3A2022-12-26+until%3A2022-12-27&tweet_search_mode=live&count=100&query_source=spelling_expansion_revert_click&cursor=scroll%3AthGAVUV0VFVBYBFgEScRWAiXoVgIl6GARVU0VSNQEVABUAAA%3D%3D&pc=1&spelling_corrections=1&ext=mediaStats%252CcameraMoment
[2022-12-27 18:26:22,354] {twitter.py:100} INFO - Retrieving guest token from search page
[2022-12-27 18:26:22,355] {base.py:56} INFO - Retrieving https://twitter.com/search?f=live&lang=en&q=from%3Abrian_armstrong%0Abtc+since%3A2022-12-26+until%3A2022-12-27&src=spelling_expansion_revert_click
[2022-12-27 18:26:23,068] {twitter.py:135} INFO - Retrieving scroll page None
[2022-12-27 18:26:23,069] {base.py:56} INFO - Retrieving https://api.twitter.com/2/search/adaptive.json?include_profile_interstitial_type=1&include_blocking=1&include_blocked_by=1&include_followed_by=1&include_want_retweets=1&include_mute_edge=1&include_can_dm=1&include_can_media_tag=1&skip_status=1&cards_platform=Web-12&include_cards=1&include_composer_source=true&include_ext_alt_text=true&include_reply_count=1&tweet_mode=extended&include_entities=true&include_user_entities=true&include_ext_media_color=true&include_ext_media_availability=true&send_error_codes=true&simple_quoted_tweets=true&q=from%3Abrian_armstrong%0Abtc+since%3A2022-12-26+until%3A2022-12-27&tweet_search_mode=live&count=100&query_source=spelling_expansion_revert_click&pc=1&spelling_corrections=1&ext=mediaStats%252CcameraMoment
[2022-12-27 18:26:23,404] {twitter.py:135} INFO - Retrieving scroll page scroll:thGAVUV0VFVBYBFgEScRWAiXoVgIl6GARVU0VSNQEVABUAAA==
[2022-12-27 18:26:23,406] {base.py:56} INFO - Retrieving https://api.twitter.com/2/search/adaptive.json?include_profile_interstitial_type=1&include_blocking=1&include_blocked_by=1&include_followed_by=1&include_want_retweets=1&include_mute_edge=1&include_can_dm=1&include_can_media_tag=1&skip_status=1&cards_platform=Web-12&include_cards=1&include_composer_source=true&include_ext_alt_text=true&include_reply_count=1&tweet_mode=extended&include_entities=true&include_user_entities=true&include_ext_media_color=true&include_ext_media_availability=true&send_error_codes=true&simple_quoted_tweets=true&q=from%3Abrian_armstrong%0Abtc+since%3A2022-12-26+until%3A2022-12-27&tweet_search_mode=live&count=100&query_source=spelling_expansion_revert_click&cursor=scroll%3AthGAVUV0VFVBYBFgEScRWAiXoVgIl6GARVU0VSNQEVABUAAA%3D%3D&pc=1&spelling_corrections=1&ext=mediaStats%252CcameraMoment
[2022-12-27 18:26:23,633] {logging_mixin.py:104} INFO - scrawling for BarrySilbert
[2022-12-27 18:26:23,634] {logging_mixin.py:104} INFO - 
[2022-12-27 18:26:23,634] {twitter.py:100} INFO - Retrieving guest token from search page
[2022-12-27 18:26:23,635] {base.py:56} INFO - Retrieving https://twitter.com/search?f=live&lang=en&q=from%3ABarrySilbert%0Abitcoin+since%3A2022-12-26+until%3A2022-12-27&src=spelling_expansion_revert_click
[2022-12-27 18:26:24,318] {twitter.py:135} INFO - Retrieving scroll page None
[2022-12-27 18:26:24,320] {base.py:56} INFO - Retrieving https://api.twitter.com/2/search/adaptive.json?include_profile_interstitial_type=1&include_blocking=1&include_blocked_by=1&include_followed_by=1&include_want_retweets=1&include_mute_edge=1&include_can_dm=1&include_can_media_tag=1&skip_status=1&cards_platform=Web-12&include_cards=1&include_composer_source=true&include_ext_alt_text=true&include_reply_count=1&tweet_mode=extended&include_entities=true&include_user_entities=true&include_ext_media_color=true&include_ext_media_availability=true&send_error_codes=true&simple_quoted_tweets=true&q=from%3ABarrySilbert%0Abitcoin+since%3A2022-12-26+until%3A2022-12-27&tweet_search_mode=live&count=100&query_source=spelling_expansion_revert_click&pc=1&spelling_corrections=1&ext=mediaStats%252CcameraMoment
[2022-12-27 18:26:24,726] {twitter.py:135} INFO - Retrieving scroll page scroll:thGAVUV0VFVBYBFgEScRWAiXoVgIl6GARVU0VSNQEVABUAAA==
[2022-12-27 18:26:24,727] {base.py:56} INFO - Retrieving https://api.twitter.com/2/search/adaptive.json?include_profile_interstitial_type=1&include_blocking=1&include_blocked_by=1&include_followed_by=1&include_want_retweets=1&include_mute_edge=1&include_can_dm=1&include_can_media_tag=1&skip_status=1&cards_platform=Web-12&include_cards=1&include_composer_source=true&include_ext_alt_text=true&include_reply_count=1&tweet_mode=extended&include_entities=true&include_user_entities=true&include_ext_media_color=true&include_ext_media_availability=true&send_error_codes=true&simple_quoted_tweets=true&q=from%3ABarrySilbert%0Abitcoin+since%3A2022-12-26+until%3A2022-12-27&tweet_search_mode=live&count=100&query_source=spelling_expansion_revert_click&cursor=scroll%3AthGAVUV0VFVBYBFgEScRWAiXoVgIl6GARVU0VSNQEVABUAAA%3D%3D&pc=1&spelling_corrections=1&ext=mediaStats%252CcameraMoment
[2022-12-27 18:26:24,970] {twitter.py:100} INFO - Retrieving guest token from search page
[2022-12-27 18:26:24,971] {base.py:56} INFO - Retrieving https://twitter.com/search?f=live&lang=en&q=from%3ABarrySilbert%0Abtc+since%3A2022-12-26+until%3A2022-12-27&src=spelling_expansion_revert_click
[2022-12-27 18:26:25,622] {twitter.py:135} INFO - Retrieving scroll page None
[2022-12-27 18:26:25,624] {base.py:56} INFO - Retrieving https://api.twitter.com/2/search/adaptive.json?include_profile_interstitial_type=1&include_blocking=1&include_blocked_by=1&include_followed_by=1&include_want_retweets=1&include_mute_edge=1&include_can_dm=1&include_can_media_tag=1&skip_status=1&cards_platform=Web-12&include_cards=1&include_composer_source=true&include_ext_alt_text=true&include_reply_count=1&tweet_mode=extended&include_entities=true&include_user_entities=true&include_ext_media_color=true&include_ext_media_availability=true&send_error_codes=true&simple_quoted_tweets=true&q=from%3ABarrySilbert%0Abtc+since%3A2022-12-26+until%3A2022-12-27&tweet_search_mode=live&count=100&query_source=spelling_expansion_revert_click&pc=1&spelling_corrections=1&ext=mediaStats%252CcameraMoment
[2022-12-27 18:26:26,003] {twitter.py:135} INFO - Retrieving scroll page scroll:thGAVUV0VFVBYBFgEScRWAiXoVgIl6GARVU0VSNQEVABUAAA==
[2022-12-27 18:26:26,005] {base.py:56} INFO - Retrieving https://api.twitter.com/2/search/adaptive.json?include_profile_interstitial_type=1&include_blocking=1&include_blocked_by=1&include_followed_by=1&include_want_retweets=1&include_mute_edge=1&include_can_dm=1&include_can_media_tag=1&skip_status=1&cards_platform=Web-12&include_cards=1&include_composer_source=true&include_ext_alt_text=true&include_reply_count=1&tweet_mode=extended&include_entities=true&include_user_entities=true&include_ext_media_color=true&include_ext_media_availability=true&send_error_codes=true&simple_quoted_tweets=true&q=from%3ABarrySilbert%0Abtc+since%3A2022-12-26+until%3A2022-12-27&tweet_search_mode=live&count=100&query_source=spelling_expansion_revert_click&cursor=scroll%3AthGAVUV0VFVBYBFgEScRWAiXoVgIl6GARVU0VSNQEVABUAAA%3D%3D&pc=1&spelling_corrections=1&ext=mediaStats%252CcameraMoment
[2022-12-27 18:26:26,273] {logging_mixin.py:104} INFO - scrawling for aantonop
[2022-12-27 18:26:26,277] {logging_mixin.py:104} INFO - 
[2022-12-27 18:26:26,277] {twitter.py:100} INFO - Retrieving guest token from search page
[2022-12-27 18:26:26,278] {base.py:56} INFO - Retrieving https://twitter.com/search?f=live&lang=en&q=from%3Aaantonop%0Abitcoin+since%3A2022-12-26+until%3A2022-12-27&src=spelling_expansion_revert_click
[2022-12-27 18:26:26,935] {twitter.py:135} INFO - Retrieving scroll page None
[2022-12-27 18:26:26,936] {base.py:56} INFO - Retrieving https://api.twitter.com/2/search/adaptive.json?include_profile_interstitial_type=1&include_blocking=1&include_blocked_by=1&include_followed_by=1&include_want_retweets=1&include_mute_edge=1&include_can_dm=1&include_can_media_tag=1&skip_status=1&cards_platform=Web-12&include_cards=1&include_composer_source=true&include_ext_alt_text=true&include_reply_count=1&tweet_mode=extended&include_entities=true&include_user_entities=true&include_ext_media_color=true&include_ext_media_availability=true&send_error_codes=true&simple_quoted_tweets=true&q=from%3Aaantonop%0Abitcoin+since%3A2022-12-26+until%3A2022-12-27&tweet_search_mode=live&count=100&query_source=spelling_expansion_revert_click&pc=1&spelling_corrections=1&ext=mediaStats%252CcameraMoment
[2022-12-27 18:26:27,344] {twitter.py:135} INFO - Retrieving scroll page scroll:thGAVUV0VFVBYBFgEScRWAiXoVgIl6GARVU0VSNQEVABUAAA==
[2022-12-27 18:26:27,345] {base.py:56} INFO - Retrieving https://api.twitter.com/2/search/adaptive.json?include_profile_interstitial_type=1&include_blocking=1&include_blocked_by=1&include_followed_by=1&include_want_retweets=1&include_mute_edge=1&include_can_dm=1&include_can_media_tag=1&skip_status=1&cards_platform=Web-12&include_cards=1&include_composer_source=true&include_ext_alt_text=true&include_reply_count=1&tweet_mode=extended&include_entities=true&include_user_entities=true&include_ext_media_color=true&include_ext_media_availability=true&send_error_codes=true&simple_quoted_tweets=true&q=from%3Aaantonop%0Abitcoin+since%3A2022-12-26+until%3A2022-12-27&tweet_search_mode=live&count=100&query_source=spelling_expansion_revert_click&cursor=scroll%3AthGAVUV0VFVBYBFgEScRWAiXoVgIl6GARVU0VSNQEVABUAAA%3D%3D&pc=1&spelling_corrections=1&ext=mediaStats%252CcameraMoment
[2022-12-27 18:26:27,585] {twitter.py:100} INFO - Retrieving guest token from search page
[2022-12-27 18:26:27,586] {base.py:56} INFO - Retrieving https://twitter.com/search?f=live&lang=en&q=from%3Aaantonop%0Abtc+since%3A2022-12-26+until%3A2022-12-27&src=spelling_expansion_revert_click
[2022-12-27 18:26:28,303] {twitter.py:135} INFO - Retrieving scroll page None
[2022-12-27 18:26:28,305] {base.py:56} INFO - Retrieving https://api.twitter.com/2/search/adaptive.json?include_profile_interstitial_type=1&include_blocking=1&include_blocked_by=1&include_followed_by=1&include_want_retweets=1&include_mute_edge=1&include_can_dm=1&include_can_media_tag=1&skip_status=1&cards_platform=Web-12&include_cards=1&include_composer_source=true&include_ext_alt_text=true&include_reply_count=1&tweet_mode=extended&include_entities=true&include_user_entities=true&include_ext_media_color=true&include_ext_media_availability=true&send_error_codes=true&simple_quoted_tweets=true&q=from%3Aaantonop%0Abtc+since%3A2022-12-26+until%3A2022-12-27&tweet_search_mode=live&count=100&query_source=spelling_expansion_revert_click&pc=1&spelling_corrections=1&ext=mediaStats%252CcameraMoment
[2022-12-27 18:26:28,839] {twitter.py:135} INFO - Retrieving scroll page scroll:thGAVUV0VFVBYBFgEScRWAiXoVgIl6GARVU0VSNQEVABUAAA==
[2022-12-27 18:26:28,841] {base.py:56} INFO - Retrieving https://api.twitter.com/2/search/adaptive.json?include_profile_interstitial_type=1&include_blocking=1&include_blocked_by=1&include_followed_by=1&include_want_retweets=1&include_mute_edge=1&include_can_dm=1&include_can_media_tag=1&skip_status=1&cards_platform=Web-12&include_cards=1&include_composer_source=true&include_ext_alt_text=true&include_reply_count=1&tweet_mode=extended&include_entities=true&include_user_entities=true&include_ext_media_color=true&include_ext_media_availability=true&send_error_codes=true&simple_quoted_tweets=true&q=from%3Aaantonop%0Abtc+since%3A2022-12-26+until%3A2022-12-27&tweet_search_mode=live&count=100&query_source=spelling_expansion_revert_click&cursor=scroll%3AthGAVUV0VFVBYBFgEScRWAiXoVgIl6GARVU0VSNQEVABUAAA%3D%3D&pc=1&spelling_corrections=1&ext=mediaStats%252CcameraMoment
[2022-12-27 18:26:29,090] {logging_mixin.py:104} INFO - scrawling for saylor
[2022-12-27 18:26:29,090] {logging_mixin.py:104} INFO - 
[2022-12-27 18:26:29,090] {twitter.py:100} INFO - Retrieving guest token from search page
[2022-12-27 18:26:29,091] {base.py:56} INFO - Retrieving https://twitter.com/search?f=live&lang=en&q=from%3Asaylor%0Abitcoin+since%3A2022-12-26+until%3A2022-12-27&src=spelling_expansion_revert_click
[2022-12-27 18:26:29,789] {twitter.py:135} INFO - Retrieving scroll page None
[2022-12-27 18:26:29,791] {base.py:56} INFO - Retrieving https://api.twitter.com/2/search/adaptive.json?include_profile_interstitial_type=1&include_blocking=1&include_blocked_by=1&include_followed_by=1&include_want_retweets=1&include_mute_edge=1&include_can_dm=1&include_can_media_tag=1&skip_status=1&cards_platform=Web-12&include_cards=1&include_composer_source=true&include_ext_alt_text=true&include_reply_count=1&tweet_mode=extended&include_entities=true&include_user_entities=true&include_ext_media_color=true&include_ext_media_availability=true&send_error_codes=true&simple_quoted_tweets=true&q=from%3Asaylor%0Abitcoin+since%3A2022-12-26+until%3A2022-12-27&tweet_search_mode=live&count=100&query_source=spelling_expansion_revert_click&pc=1&spelling_corrections=1&ext=mediaStats%252CcameraMoment
[2022-12-27 18:26:30,298] {twitter.py:135} INFO - Retrieving scroll page scroll:thGAVUV0VFVBaEgLP574fGziwWhIDTrfeTy84sEnEV2Ih6FYCJehgEVVNFUjUBFQAVAAA=
[2022-12-27 18:26:30,300] {base.py:56} INFO - Retrieving https://api.twitter.com/2/search/adaptive.json?include_profile_interstitial_type=1&include_blocking=1&include_blocked_by=1&include_followed_by=1&include_want_retweets=1&include_mute_edge=1&include_can_dm=1&include_can_media_tag=1&skip_status=1&cards_platform=Web-12&include_cards=1&include_composer_source=true&include_ext_alt_text=true&include_reply_count=1&tweet_mode=extended&include_entities=true&include_user_entities=true&include_ext_media_color=true&include_ext_media_availability=true&send_error_codes=true&simple_quoted_tweets=true&q=from%3Asaylor%0Abitcoin+since%3A2022-12-26+until%3A2022-12-27&tweet_search_mode=live&count=100&query_source=spelling_expansion_revert_click&cursor=scroll%3AthGAVUV0VFVBaEgLP574fGziwWhIDTrfeTy84sEnEV2Ih6FYCJehgEVVNFUjUBFQAVAAA%3D&pc=1&spelling_corrections=1&ext=mediaStats%252CcameraMoment
[2022-12-27 18:26:30,587] {twitter.py:100} INFO - Retrieving guest token from search page
[2022-12-27 18:26:30,588] {base.py:56} INFO - Retrieving https://twitter.com/search?f=live&lang=en&q=from%3Asaylor%0Abtc+since%3A2022-12-26+until%3A2022-12-27&src=spelling_expansion_revert_click
[2022-12-27 18:26:31,972] {twitter.py:135} INFO - Retrieving scroll page None
[2022-12-27 18:26:31,974] {base.py:56} INFO - Retrieving https://api.twitter.com/2/search/adaptive.json?include_profile_interstitial_type=1&include_blocking=1&include_blocked_by=1&include_followed_by=1&include_want_retweets=1&include_mute_edge=1&include_can_dm=1&include_can_media_tag=1&skip_status=1&cards_platform=Web-12&include_cards=1&include_composer_source=true&include_ext_alt_text=true&include_reply_count=1&tweet_mode=extended&include_entities=true&include_user_entities=true&include_ext_media_color=true&include_ext_media_availability=true&send_error_codes=true&simple_quoted_tweets=true&q=from%3Asaylor%0Abtc+since%3A2022-12-26+until%3A2022-12-27&tweet_search_mode=live&count=100&query_source=spelling_expansion_revert_click&pc=1&spelling_corrections=1&ext=mediaStats%252CcameraMoment
[2022-12-27 18:26:32,375] {twitter.py:135} INFO - Retrieving scroll page scroll:thGAVUV0VFVBYBFgEScRWAiXoVgIl6GARVU0VSNQEVABUAAA==
[2022-12-27 18:26:32,376] {base.py:56} INFO - Retrieving https://api.twitter.com/2/search/adaptive.json?include_profile_interstitial_type=1&include_blocking=1&include_blocked_by=1&include_followed_by=1&include_want_retweets=1&include_mute_edge=1&include_can_dm=1&include_can_media_tag=1&skip_status=1&cards_platform=Web-12&include_cards=1&include_composer_source=true&include_ext_alt_text=true&include_reply_count=1&tweet_mode=extended&include_entities=true&include_user_entities=true&include_ext_media_color=true&include_ext_media_availability=true&send_error_codes=true&simple_quoted_tweets=true&q=from%3Asaylor%0Abtc+since%3A2022-12-26+until%3A2022-12-27&tweet_search_mode=live&count=100&query_source=spelling_expansion_revert_click&cursor=scroll%3AthGAVUV0VFVBYBFgEScRWAiXoVgIl6GARVU0VSNQEVABUAAA%3D%3D&pc=1&spelling_corrections=1&ext=mediaStats%252CcameraMoment
[2022-12-27 18:26:32,630] {logging_mixin.py:104} INFO - scrawling for TimDraper
[2022-12-27 18:26:32,631] {logging_mixin.py:104} INFO - 
[2022-12-27 18:26:32,631] {twitter.py:100} INFO - Retrieving guest token from search page
[2022-12-27 18:26:32,632] {base.py:56} INFO - Retrieving https://twitter.com/search?f=live&lang=en&q=from%3ATimDraper%0Abitcoin+since%3A2022-12-26+until%3A2022-12-27&src=spelling_expansion_revert_click
[2022-12-27 18:26:33,402] {twitter.py:135} INFO - Retrieving scroll page None
[2022-12-27 18:26:33,403] {base.py:56} INFO - Retrieving https://api.twitter.com/2/search/adaptive.json?include_profile_interstitial_type=1&include_blocking=1&include_blocked_by=1&include_followed_by=1&include_want_retweets=1&include_mute_edge=1&include_can_dm=1&include_can_media_tag=1&skip_status=1&cards_platform=Web-12&include_cards=1&include_composer_source=true&include_ext_alt_text=true&include_reply_count=1&tweet_mode=extended&include_entities=true&include_user_entities=true&include_ext_media_color=true&include_ext_media_availability=true&send_error_codes=true&simple_quoted_tweets=true&q=from%3ATimDraper%0Abitcoin+since%3A2022-12-26+until%3A2022-12-27&tweet_search_mode=live&count=100&query_source=spelling_expansion_revert_click&pc=1&spelling_corrections=1&ext=mediaStats%252CcameraMoment
[2022-12-27 18:26:33,980] {twitter.py:135} INFO - Retrieving scroll page scroll:thGAVUV0VFVBYBFgEScRWAiXoVgIl6GARVU0VSNQEVABUAAA==
[2022-12-27 18:26:33,981] {base.py:56} INFO - Retrieving https://api.twitter.com/2/search/adaptive.json?include_profile_interstitial_type=1&include_blocking=1&include_blocked_by=1&include_followed_by=1&include_want_retweets=1&include_mute_edge=1&include_can_dm=1&include_can_media_tag=1&skip_status=1&cards_platform=Web-12&include_cards=1&include_composer_source=true&include_ext_alt_text=true&include_reply_count=1&tweet_mode=extended&include_entities=true&include_user_entities=true&include_ext_media_color=true&include_ext_media_availability=true&send_error_codes=true&simple_quoted_tweets=true&q=from%3ATimDraper%0Abitcoin+since%3A2022-12-26+until%3A2022-12-27&tweet_search_mode=live&count=100&query_source=spelling_expansion_revert_click&cursor=scroll%3AthGAVUV0VFVBYBFgEScRWAiXoVgIl6GARVU0VSNQEVABUAAA%3D%3D&pc=1&spelling_corrections=1&ext=mediaStats%252CcameraMoment
[2022-12-27 18:26:34,241] {twitter.py:100} INFO - Retrieving guest token from search page
[2022-12-27 18:26:34,242] {base.py:56} INFO - Retrieving https://twitter.com/search?f=live&lang=en&q=from%3ATimDraper%0Abtc+since%3A2022-12-26+until%3A2022-12-27&src=spelling_expansion_revert_click
[2022-12-27 18:26:35,021] {twitter.py:135} INFO - Retrieving scroll page None
[2022-12-27 18:26:35,023] {base.py:56} INFO - Retrieving https://api.twitter.com/2/search/adaptive.json?include_profile_interstitial_type=1&include_blocking=1&include_blocked_by=1&include_followed_by=1&include_want_retweets=1&include_mute_edge=1&include_can_dm=1&include_can_media_tag=1&skip_status=1&cards_platform=Web-12&include_cards=1&include_composer_source=true&include_ext_alt_text=true&include_reply_count=1&tweet_mode=extended&include_entities=true&include_user_entities=true&include_ext_media_color=true&include_ext_media_availability=true&send_error_codes=true&simple_quoted_tweets=true&q=from%3ATimDraper%0Abtc+since%3A2022-12-26+until%3A2022-12-27&tweet_search_mode=live&count=100&query_source=spelling_expansion_revert_click&pc=1&spelling_corrections=1&ext=mediaStats%252CcameraMoment
[2022-12-27 18:26:35,494] {twitter.py:135} INFO - Retrieving scroll page scroll:thGAVUV0VFVBYBFgEScRWAiXoVgIl6GARVU0VSNQEVABUAAA==
[2022-12-27 18:26:35,496] {base.py:56} INFO - Retrieving https://api.twitter.com/2/search/adaptive.json?include_profile_interstitial_type=1&include_blocking=1&include_blocked_by=1&include_followed_by=1&include_want_retweets=1&include_mute_edge=1&include_can_dm=1&include_can_media_tag=1&skip_status=1&cards_platform=Web-12&include_cards=1&include_composer_source=true&include_ext_alt_text=true&include_reply_count=1&tweet_mode=extended&include_entities=true&include_user_entities=true&include_ext_media_color=true&include_ext_media_availability=true&send_error_codes=true&simple_quoted_tweets=true&q=from%3ATimDraper%0Abtc+since%3A2022-12-26+until%3A2022-12-27&tweet_search_mode=live&count=100&query_source=spelling_expansion_revert_click&cursor=scroll%3AthGAVUV0VFVBYBFgEScRWAiXoVgIl6GARVU0VSNQEVABUAAA%3D%3D&pc=1&spelling_corrections=1&ext=mediaStats%252CcameraMoment
[2022-12-27 18:26:35,737] {logging_mixin.py:104} INFO - scrawling for SatoshiLite
[2022-12-27 18:26:35,738] {logging_mixin.py:104} INFO - 
[2022-12-27 18:26:35,739] {twitter.py:100} INFO - Retrieving guest token from search page
[2022-12-27 18:26:35,739] {base.py:56} INFO - Retrieving https://twitter.com/search?f=live&lang=en&q=from%3ASatoshiLite%0Abitcoin+since%3A2022-12-26+until%3A2022-12-27&src=spelling_expansion_revert_click
[2022-12-27 18:26:36,446] {twitter.py:135} INFO - Retrieving scroll page None
[2022-12-27 18:26:36,447] {base.py:56} INFO - Retrieving https://api.twitter.com/2/search/adaptive.json?include_profile_interstitial_type=1&include_blocking=1&include_blocked_by=1&include_followed_by=1&include_want_retweets=1&include_mute_edge=1&include_can_dm=1&include_can_media_tag=1&skip_status=1&cards_platform=Web-12&include_cards=1&include_composer_source=true&include_ext_alt_text=true&include_reply_count=1&tweet_mode=extended&include_entities=true&include_user_entities=true&include_ext_media_color=true&include_ext_media_availability=true&send_error_codes=true&simple_quoted_tweets=true&q=from%3ASatoshiLite%0Abitcoin+since%3A2022-12-26+until%3A2022-12-27&tweet_search_mode=live&count=100&query_source=spelling_expansion_revert_click&pc=1&spelling_corrections=1&ext=mediaStats%252CcameraMoment
[2022-12-27 18:26:36,873] {twitter.py:135} INFO - Retrieving scroll page scroll:thGAVUV0VFVBYBFgEScRWAiXoVgIl6GARVU0VSNQEVABUAAA==
[2022-12-27 18:26:36,875] {base.py:56} INFO - Retrieving https://api.twitter.com/2/search/adaptive.json?include_profile_interstitial_type=1&include_blocking=1&include_blocked_by=1&include_followed_by=1&include_want_retweets=1&include_mute_edge=1&include_can_dm=1&include_can_media_tag=1&skip_status=1&cards_platform=Web-12&include_cards=1&include_composer_source=true&include_ext_alt_text=true&include_reply_count=1&tweet_mode=extended&include_entities=true&include_user_entities=true&include_ext_media_color=true&include_ext_media_availability=true&send_error_codes=true&simple_quoted_tweets=true&q=from%3ASatoshiLite%0Abitcoin+since%3A2022-12-26+until%3A2022-12-27&tweet_search_mode=live&count=100&query_source=spelling_expansion_revert_click&cursor=scroll%3AthGAVUV0VFVBYBFgEScRWAiXoVgIl6GARVU0VSNQEVABUAAA%3D%3D&pc=1&spelling_corrections=1&ext=mediaStats%252CcameraMoment
[2022-12-27 18:26:37,172] {twitter.py:100} INFO - Retrieving guest token from search page
[2022-12-27 18:26:37,173] {base.py:56} INFO - Retrieving https://twitter.com/search?f=live&lang=en&q=from%3ASatoshiLite%0Abtc+since%3A2022-12-26+until%3A2022-12-27&src=spelling_expansion_revert_click
[2022-12-27 18:26:37,889] {twitter.py:135} INFO - Retrieving scroll page None
[2022-12-27 18:26:37,891] {base.py:56} INFO - Retrieving https://api.twitter.com/2/search/adaptive.json?include_profile_interstitial_type=1&include_blocking=1&include_blocked_by=1&include_followed_by=1&include_want_retweets=1&include_mute_edge=1&include_can_dm=1&include_can_media_tag=1&skip_status=1&cards_platform=Web-12&include_cards=1&include_composer_source=true&include_ext_alt_text=true&include_reply_count=1&tweet_mode=extended&include_entities=true&include_user_entities=true&include_ext_media_color=true&include_ext_media_availability=true&send_error_codes=true&simple_quoted_tweets=true&q=from%3ASatoshiLite%0Abtc+since%3A2022-12-26+until%3A2022-12-27&tweet_search_mode=live&count=100&query_source=spelling_expansion_revert_click&pc=1&spelling_corrections=1&ext=mediaStats%252CcameraMoment
[2022-12-27 18:26:38,425] {twitter.py:135} INFO - Retrieving scroll page scroll:thGAVUV0VFVBYBFgEScRWAiXoVgIl6GARVU0VSNQEVABUAAA==
[2022-12-27 18:26:38,427] {base.py:56} INFO - Retrieving https://api.twitter.com/2/search/adaptive.json?include_profile_interstitial_type=1&include_blocking=1&include_blocked_by=1&include_followed_by=1&include_want_retweets=1&include_mute_edge=1&include_can_dm=1&include_can_media_tag=1&skip_status=1&cards_platform=Web-12&include_cards=1&include_composer_source=true&include_ext_alt_text=true&include_reply_count=1&tweet_mode=extended&include_entities=true&include_user_entities=true&include_ext_media_color=true&include_ext_media_availability=true&send_error_codes=true&simple_quoted_tweets=true&q=from%3ASatoshiLite%0Abtc+since%3A2022-12-26+until%3A2022-12-27&tweet_search_mode=live&count=100&query_source=spelling_expansion_revert_click&cursor=scroll%3AthGAVUV0VFVBYBFgEScRWAiXoVgIl6GARVU0VSNQEVABUAAA%3D%3D&pc=1&spelling_corrections=1&ext=mediaStats%252CcameraMoment
[2022-12-27 18:26:38,689] {logging_mixin.py:104} INFO - scrawling for elonmusk
[2022-12-27 18:26:38,689] {logging_mixin.py:104} INFO - 
[2022-12-27 18:26:38,690] {twitter.py:100} INFO - Retrieving guest token from search page
[2022-12-27 18:26:38,691] {base.py:56} INFO - Retrieving https://twitter.com/search?f=live&lang=en&q=from%3Aelonmusk%0Abitcoin+since%3A2022-12-26+until%3A2022-12-27&src=spelling_expansion_revert_click
[2022-12-27 18:26:39,396] {twitter.py:135} INFO - Retrieving scroll page None
[2022-12-27 18:26:39,397] {base.py:56} INFO - Retrieving https://api.twitter.com/2/search/adaptive.json?include_profile_interstitial_type=1&include_blocking=1&include_blocked_by=1&include_followed_by=1&include_want_retweets=1&include_mute_edge=1&include_can_dm=1&include_can_media_tag=1&skip_status=1&cards_platform=Web-12&include_cards=1&include_composer_source=true&include_ext_alt_text=true&include_reply_count=1&tweet_mode=extended&include_entities=true&include_user_entities=true&include_ext_media_color=true&include_ext_media_availability=true&send_error_codes=true&simple_quoted_tweets=true&q=from%3Aelonmusk%0Abitcoin+since%3A2022-12-26+until%3A2022-12-27&tweet_search_mode=live&count=100&query_source=spelling_expansion_revert_click&pc=1&spelling_corrections=1&ext=mediaStats%252CcameraMoment
[2022-12-27 18:26:39,802] {twitter.py:135} INFO - Retrieving scroll page scroll:thGAVUV0VFVBYBFgEScRWAiXoVgIl6GARVU0VSNQEVABUAAA==
[2022-12-27 18:26:39,804] {base.py:56} INFO - Retrieving https://api.twitter.com/2/search/adaptive.json?include_profile_interstitial_type=1&include_blocking=1&include_blocked_by=1&include_followed_by=1&include_want_retweets=1&include_mute_edge=1&include_can_dm=1&include_can_media_tag=1&skip_status=1&cards_platform=Web-12&include_cards=1&include_composer_source=true&include_ext_alt_text=true&include_reply_count=1&tweet_mode=extended&include_entities=true&include_user_entities=true&include_ext_media_color=true&include_ext_media_availability=true&send_error_codes=true&simple_quoted_tweets=true&q=from%3Aelonmusk%0Abitcoin+since%3A2022-12-26+until%3A2022-12-27&tweet_search_mode=live&count=100&query_source=spelling_expansion_revert_click&cursor=scroll%3AthGAVUV0VFVBYBFgEScRWAiXoVgIl6GARVU0VSNQEVABUAAA%3D%3D&pc=1&spelling_corrections=1&ext=mediaStats%252CcameraMoment
[2022-12-27 18:26:40,056] {twitter.py:100} INFO - Retrieving guest token from search page
[2022-12-27 18:26:40,057] {base.py:56} INFO - Retrieving https://twitter.com/search?f=live&lang=en&q=from%3Aelonmusk%0Abtc+since%3A2022-12-26+until%3A2022-12-27&src=spelling_expansion_revert_click
[2022-12-27 18:26:40,747] {twitter.py:135} INFO - Retrieving scroll page None
[2022-12-27 18:26:40,748] {base.py:56} INFO - Retrieving https://api.twitter.com/2/search/adaptive.json?include_profile_interstitial_type=1&include_blocking=1&include_blocked_by=1&include_followed_by=1&include_want_retweets=1&include_mute_edge=1&include_can_dm=1&include_can_media_tag=1&skip_status=1&cards_platform=Web-12&include_cards=1&include_composer_source=true&include_ext_alt_text=true&include_reply_count=1&tweet_mode=extended&include_entities=true&include_user_entities=true&include_ext_media_color=true&include_ext_media_availability=true&send_error_codes=true&simple_quoted_tweets=true&q=from%3Aelonmusk%0Abtc+since%3A2022-12-26+until%3A2022-12-27&tweet_search_mode=live&count=100&query_source=spelling_expansion_revert_click&pc=1&spelling_corrections=1&ext=mediaStats%252CcameraMoment
[2022-12-27 18:26:41,108] {twitter.py:135} INFO - Retrieving scroll page scroll:thGAVUV0VFVBYBFgEScRWAiXoVgIl6GARVU0VSNQEVABUAAA==
[2022-12-27 18:26:41,109] {base.py:56} INFO - Retrieving https://api.twitter.com/2/search/adaptive.json?include_profile_interstitial_type=1&include_blocking=1&include_blocked_by=1&include_followed_by=1&include_want_retweets=1&include_mute_edge=1&include_can_dm=1&include_can_media_tag=1&skip_status=1&cards_platform=Web-12&include_cards=1&include_composer_source=true&include_ext_alt_text=true&include_reply_count=1&tweet_mode=extended&include_entities=true&include_user_entities=true&include_ext_media_color=true&include_ext_media_availability=true&send_error_codes=true&simple_quoted_tweets=true&q=from%3Aelonmusk%0Abtc+since%3A2022-12-26+until%3A2022-12-27&tweet_search_mode=live&count=100&query_source=spelling_expansion_revert_click&cursor=scroll%3AthGAVUV0VFVBYBFgEScRWAiXoVgIl6GARVU0VSNQEVABUAAA%3D%3D&pc=1&spelling_corrections=1&ext=mediaStats%252CcameraMoment
[2022-12-27 18:26:41,347] {logging_mixin.py:104} INFO - scrawling for ToneVays
[2022-12-27 18:26:41,347] {logging_mixin.py:104} INFO - 
[2022-12-27 18:26:41,348] {twitter.py:100} INFO - Retrieving guest token from search page
[2022-12-27 18:26:41,348] {base.py:56} INFO - Retrieving https://twitter.com/search?f=live&lang=en&q=from%3AToneVays%0Abitcoin+since%3A2022-12-26+until%3A2022-12-27&src=spelling_expansion_revert_click
[2022-12-27 18:26:42,067] {twitter.py:135} INFO - Retrieving scroll page None
[2022-12-27 18:26:42,068] {base.py:56} INFO - Retrieving https://api.twitter.com/2/search/adaptive.json?include_profile_interstitial_type=1&include_blocking=1&include_blocked_by=1&include_followed_by=1&include_want_retweets=1&include_mute_edge=1&include_can_dm=1&include_can_media_tag=1&skip_status=1&cards_platform=Web-12&include_cards=1&include_composer_source=true&include_ext_alt_text=true&include_reply_count=1&tweet_mode=extended&include_entities=true&include_user_entities=true&include_ext_media_color=true&include_ext_media_availability=true&send_error_codes=true&simple_quoted_tweets=true&q=from%3AToneVays%0Abitcoin+since%3A2022-12-26+until%3A2022-12-27&tweet_search_mode=live&count=100&query_source=spelling_expansion_revert_click&pc=1&spelling_corrections=1&ext=mediaStats%252CcameraMoment
[2022-12-27 18:26:42,454] {twitter.py:135} INFO - Retrieving scroll page scroll:thGAVUV0VFVBaAgNOF9pX3ziwWgIDThfaV984sEnEV7Ih6FYCJehgEVVNFUjUBFQAVAAA=
[2022-12-27 18:26:42,455] {base.py:56} INFO - Retrieving https://api.twitter.com/2/search/adaptive.json?include_profile_interstitial_type=1&include_blocking=1&include_blocked_by=1&include_followed_by=1&include_want_retweets=1&include_mute_edge=1&include_can_dm=1&include_can_media_tag=1&skip_status=1&cards_platform=Web-12&include_cards=1&include_composer_source=true&include_ext_alt_text=true&include_reply_count=1&tweet_mode=extended&include_entities=true&include_user_entities=true&include_ext_media_color=true&include_ext_media_availability=true&send_error_codes=true&simple_quoted_tweets=true&q=from%3AToneVays%0Abitcoin+since%3A2022-12-26+until%3A2022-12-27&tweet_search_mode=live&count=100&query_source=spelling_expansion_revert_click&cursor=scroll%3AthGAVUV0VFVBaAgNOF9pX3ziwWgIDThfaV984sEnEV7Ih6FYCJehgEVVNFUjUBFQAVAAA%3D&pc=1&spelling_corrections=1&ext=mediaStats%252CcameraMoment
[2022-12-27 18:26:42,710] {twitter.py:100} INFO - Retrieving guest token from search page
[2022-12-27 18:26:42,711] {base.py:56} INFO - Retrieving https://twitter.com/search?f=live&lang=en&q=from%3AToneVays%0Abtc+since%3A2022-12-26+until%3A2022-12-27&src=spelling_expansion_revert_click
[2022-12-27 18:26:43,422] {twitter.py:135} INFO - Retrieving scroll page None
[2022-12-27 18:26:43,423] {base.py:56} INFO - Retrieving https://api.twitter.com/2/search/adaptive.json?include_profile_interstitial_type=1&include_blocking=1&include_blocked_by=1&include_followed_by=1&include_want_retweets=1&include_mute_edge=1&include_can_dm=1&include_can_media_tag=1&skip_status=1&cards_platform=Web-12&include_cards=1&include_composer_source=true&include_ext_alt_text=true&include_reply_count=1&tweet_mode=extended&include_entities=true&include_user_entities=true&include_ext_media_color=true&include_ext_media_availability=true&send_error_codes=true&simple_quoted_tweets=true&q=from%3AToneVays%0Abtc+since%3A2022-12-26+until%3A2022-12-27&tweet_search_mode=live&count=100&query_source=spelling_expansion_revert_click&pc=1&spelling_corrections=1&ext=mediaStats%252CcameraMoment
[2022-12-27 18:26:43,741] {twitter.py:135} INFO - Retrieving scroll page scroll:thGAVUV0VFVBYBFgEScRWAiXoVgIl6GARVU0VSNQEVABUAAA==
[2022-12-27 18:26:43,742] {base.py:56} INFO - Retrieving https://api.twitter.com/2/search/adaptive.json?include_profile_interstitial_type=1&include_blocking=1&include_blocked_by=1&include_followed_by=1&include_want_retweets=1&include_mute_edge=1&include_can_dm=1&include_can_media_tag=1&skip_status=1&cards_platform=Web-12&include_cards=1&include_composer_source=true&include_ext_alt_text=true&include_reply_count=1&tweet_mode=extended&include_entities=true&include_user_entities=true&include_ext_media_color=true&include_ext_media_availability=true&send_error_codes=true&simple_quoted_tweets=true&q=from%3AToneVays%0Abtc+since%3A2022-12-26+until%3A2022-12-27&tweet_search_mode=live&count=100&query_source=spelling_expansion_revert_click&cursor=scroll%3AthGAVUV0VFVBYBFgEScRWAiXoVgIl6GARVU0VSNQEVABUAAA%3D%3D&pc=1&spelling_corrections=1&ext=mediaStats%252CcameraMoment
[2022-12-27 18:26:43,975] {logging_mixin.py:104} INFO - scrawling for CathieDWood
[2022-12-27 18:26:43,975] {logging_mixin.py:104} INFO - 
[2022-12-27 18:26:43,976] {twitter.py:100} INFO - Retrieving guest token from search page
[2022-12-27 18:26:43,976] {base.py:56} INFO - Retrieving https://twitter.com/search?f=live&lang=en&q=from%3ACathieDWood%0Abitcoin+since%3A2022-12-26+until%3A2022-12-27&src=spelling_expansion_revert_click
[2022-12-27 18:26:44,656] {twitter.py:135} INFO - Retrieving scroll page None
[2022-12-27 18:26:44,658] {base.py:56} INFO - Retrieving https://api.twitter.com/2/search/adaptive.json?include_profile_interstitial_type=1&include_blocking=1&include_blocked_by=1&include_followed_by=1&include_want_retweets=1&include_mute_edge=1&include_can_dm=1&include_can_media_tag=1&skip_status=1&cards_platform=Web-12&include_cards=1&include_composer_source=true&include_ext_alt_text=true&include_reply_count=1&tweet_mode=extended&include_entities=true&include_user_entities=true&include_ext_media_color=true&include_ext_media_availability=true&send_error_codes=true&simple_quoted_tweets=true&q=from%3ACathieDWood%0Abitcoin+since%3A2022-12-26+until%3A2022-12-27&tweet_search_mode=live&count=100&query_source=spelling_expansion_revert_click&pc=1&spelling_corrections=1&ext=mediaStats%252CcameraMoment
[2022-12-27 18:26:45,058] {twitter.py:135} INFO - Retrieving scroll page scroll:thGAVUV0VFVBYBFgEScRWAiXoVgIl6GARVU0VSNQEVABUAAA==
[2022-12-27 18:26:45,059] {base.py:56} INFO - Retrieving https://api.twitter.com/2/search/adaptive.json?include_profile_interstitial_type=1&include_blocking=1&include_blocked_by=1&include_followed_by=1&include_want_retweets=1&include_mute_edge=1&include_can_dm=1&include_can_media_tag=1&skip_status=1&cards_platform=Web-12&include_cards=1&include_composer_source=true&include_ext_alt_text=true&include_reply_count=1&tweet_mode=extended&include_entities=true&include_user_entities=true&include_ext_media_color=true&include_ext_media_availability=true&send_error_codes=true&simple_quoted_tweets=true&q=from%3ACathieDWood%0Abitcoin+since%3A2022-12-26+until%3A2022-12-27&tweet_search_mode=live&count=100&query_source=spelling_expansion_revert_click&cursor=scroll%3AthGAVUV0VFVBYBFgEScRWAiXoVgIl6GARVU0VSNQEVABUAAA%3D%3D&pc=1&spelling_corrections=1&ext=mediaStats%252CcameraMoment
[2022-12-27 18:26:45,304] {twitter.py:100} INFO - Retrieving guest token from search page
[2022-12-27 18:26:45,305] {base.py:56} INFO - Retrieving https://twitter.com/search?f=live&lang=en&q=from%3ACathieDWood%0Abtc+since%3A2022-12-26+until%3A2022-12-27&src=spelling_expansion_revert_click
[2022-12-27 18:26:45,998] {twitter.py:135} INFO - Retrieving scroll page None
[2022-12-27 18:26:46,000] {base.py:56} INFO - Retrieving https://api.twitter.com/2/search/adaptive.json?include_profile_interstitial_type=1&include_blocking=1&include_blocked_by=1&include_followed_by=1&include_want_retweets=1&include_mute_edge=1&include_can_dm=1&include_can_media_tag=1&skip_status=1&cards_platform=Web-12&include_cards=1&include_composer_source=true&include_ext_alt_text=true&include_reply_count=1&tweet_mode=extended&include_entities=true&include_user_entities=true&include_ext_media_color=true&include_ext_media_availability=true&send_error_codes=true&simple_quoted_tweets=true&q=from%3ACathieDWood%0Abtc+since%3A2022-12-26+until%3A2022-12-27&tweet_search_mode=live&count=100&query_source=spelling_expansion_revert_click&pc=1&spelling_corrections=1&ext=mediaStats%252CcameraMoment
[2022-12-27 18:26:46,334] {twitter.py:135} INFO - Retrieving scroll page scroll:thGAVUV0VFVBYBFgEScRWAiXoVgIl6GARVU0VSNQEVABUAAA==
[2022-12-27 18:26:46,335] {base.py:56} INFO - Retrieving https://api.twitter.com/2/search/adaptive.json?include_profile_interstitial_type=1&include_blocking=1&include_blocked_by=1&include_followed_by=1&include_want_retweets=1&include_mute_edge=1&include_can_dm=1&include_can_media_tag=1&skip_status=1&cards_platform=Web-12&include_cards=1&include_composer_source=true&include_ext_alt_text=true&include_reply_count=1&tweet_mode=extended&include_entities=true&include_user_entities=true&include_ext_media_color=true&include_ext_media_availability=true&send_error_codes=true&simple_quoted_tweets=true&q=from%3ACathieDWood%0Abtc+since%3A2022-12-26+until%3A2022-12-27&tweet_search_mode=live&count=100&query_source=spelling_expansion_revert_click&cursor=scroll%3AthGAVUV0VFVBYBFgEScRWAiXoVgIl6GARVU0VSNQEVABUAAA%3D%3D&pc=1&spelling_corrections=1&ext=mediaStats%252CcameraMoment
[2022-12-27 18:26:46,567] {logging_mixin.py:104} INFO - scrawling for jack
[2022-12-27 18:26:46,567] {logging_mixin.py:104} INFO - 
[2022-12-27 18:26:46,568] {twitter.py:100} INFO - Retrieving guest token from search page
[2022-12-27 18:26:46,568] {base.py:56} INFO - Retrieving https://twitter.com/search?f=live&lang=en&q=from%3Ajack%0Abitcoin+since%3A2022-12-26+until%3A2022-12-27&src=spelling_expansion_revert_click
[2022-12-27 18:26:47,183] {base.py:69} WARNING - Error retrieving https://twitter.com/search?f=live&lang=en&q=from%3Ajack%0Abitcoin+since%3A2022-12-26+until%3A2022-12-27&src=spelling_expansion_revert_click: ChunkedEncodingError(ProtocolError('Connection broken: IncompleteRead(0 bytes read)', IncompleteRead(0 bytes read)),), retrying
[2022-12-27 18:26:47,189] {base.py:90} INFO - Waiting 1 seconds
[2022-12-27 18:26:48,196] {base.py:56} INFO - Retrieving https://twitter.com/search?f=live&lang=en&q=from%3Ajack%0Abitcoin+since%3A2022-12-26+until%3A2022-12-27&src=spelling_expansion_revert_click
[2022-12-27 18:26:48,200] {base.py:69} WARNING - Error retrieving https://twitter.com/search?f=live&lang=en&q=from%3Ajack%0Abitcoin+since%3A2022-12-26+until%3A2022-12-27&src=spelling_expansion_revert_click: ConnectionError(MaxRetryError("HTTPSConnectionPool(host='twitter.com', port=443): Max retries exceeded with url: /search?f=live&lang=en&q=from%3Ajack%0Abitcoin+since%3A2022-12-26+until%3A2022-12-27&src=spelling_expansion_revert_click (Caused by NewConnectionError('<urllib3.connection.HTTPSConnection object at 0x7fa186abc1d0>: Failed to establish a new connection: [Errno -2] Name or service not known',))",),), retrying
[2022-12-27 18:26:48,201] {base.py:90} INFO - Waiting 2 seconds
[2022-12-27 18:26:50,204] {base.py:56} INFO - Retrieving https://twitter.com/search?f=live&lang=en&q=from%3Ajack%0Abitcoin+since%3A2022-12-26+until%3A2022-12-27&src=spelling_expansion_revert_click
[2022-12-27 18:26:50,209] {base.py:69} WARNING - Error retrieving https://twitter.com/search?f=live&lang=en&q=from%3Ajack%0Abitcoin+since%3A2022-12-26+until%3A2022-12-27&src=spelling_expansion_revert_click: ConnectionError(MaxRetryError("HTTPSConnectionPool(host='twitter.com', port=443): Max retries exceeded with url: /search?f=live&lang=en&q=from%3Ajack%0Abitcoin+since%3A2022-12-26+until%3A2022-12-27&src=spelling_expansion_revert_click (Caused by NewConnectionError('<urllib3.connection.HTTPSConnection object at 0x7fa186abc780>: Failed to establish a new connection: [Errno -2] Name or service not known',))",),), retrying
[2022-12-27 18:26:50,209] {base.py:90} INFO - Waiting 4 seconds
[2022-12-27 18:26:54,214] {base.py:56} INFO - Retrieving https://twitter.com/search?f=live&lang=en&q=from%3Ajack%0Abitcoin+since%3A2022-12-26+until%3A2022-12-27&src=spelling_expansion_revert_click
[2022-12-27 18:26:54,954] {twitter.py:135} INFO - Retrieving scroll page None
[2022-12-27 18:26:54,955] {base.py:56} INFO - Retrieving https://api.twitter.com/2/search/adaptive.json?include_profile_interstitial_type=1&include_blocking=1&include_blocked_by=1&include_followed_by=1&include_want_retweets=1&include_mute_edge=1&include_can_dm=1&include_can_media_tag=1&skip_status=1&cards_platform=Web-12&include_cards=1&include_composer_source=true&include_ext_alt_text=true&include_reply_count=1&tweet_mode=extended&include_entities=true&include_user_entities=true&include_ext_media_color=true&include_ext_media_availability=true&send_error_codes=true&simple_quoted_tweets=true&q=from%3Ajack%0Abitcoin+since%3A2022-12-26+until%3A2022-12-27&tweet_search_mode=live&count=100&query_source=spelling_expansion_revert_click&pc=1&spelling_corrections=1&ext=mediaStats%252CcameraMoment
[2022-12-27 18:26:55,342] {twitter.py:135} INFO - Retrieving scroll page scroll:thGAVUV0VFVBYBFgEScRWAiXoVgIl6GARVU0VSNQEVABUAAA==
[2022-12-27 18:26:55,343] {base.py:56} INFO - Retrieving https://api.twitter.com/2/search/adaptive.json?include_profile_interstitial_type=1&include_blocking=1&include_blocked_by=1&include_followed_by=1&include_want_retweets=1&include_mute_edge=1&include_can_dm=1&include_can_media_tag=1&skip_status=1&cards_platform=Web-12&include_cards=1&include_composer_source=true&include_ext_alt_text=true&include_reply_count=1&tweet_mode=extended&include_entities=true&include_user_entities=true&include_ext_media_color=true&include_ext_media_availability=true&send_error_codes=true&simple_quoted_tweets=true&q=from%3Ajack%0Abitcoin+since%3A2022-12-26+until%3A2022-12-27&tweet_search_mode=live&count=100&query_source=spelling_expansion_revert_click&cursor=scroll%3AthGAVUV0VFVBYBFgEScRWAiXoVgIl6GARVU0VSNQEVABUAAA%3D%3D&pc=1&spelling_corrections=1&ext=mediaStats%252CcameraMoment
[2022-12-27 18:26:55,585] {twitter.py:100} INFO - Retrieving guest token from search page
[2022-12-27 18:26:55,590] {base.py:56} INFO - Retrieving https://twitter.com/search?f=live&lang=en&q=from%3Ajack%0Abtc+since%3A2022-12-26+until%3A2022-12-27&src=spelling_expansion_revert_click
[2022-12-27 18:26:56,289] {twitter.py:135} INFO - Retrieving scroll page None
[2022-12-27 18:26:56,290] {base.py:56} INFO - Retrieving https://api.twitter.com/2/search/adaptive.json?include_profile_interstitial_type=1&include_blocking=1&include_blocked_by=1&include_followed_by=1&include_want_retweets=1&include_mute_edge=1&include_can_dm=1&include_can_media_tag=1&skip_status=1&cards_platform=Web-12&include_cards=1&include_composer_source=true&include_ext_alt_text=true&include_reply_count=1&tweet_mode=extended&include_entities=true&include_user_entities=true&include_ext_media_color=true&include_ext_media_availability=true&send_error_codes=true&simple_quoted_tweets=true&q=from%3Ajack%0Abtc+since%3A2022-12-26+until%3A2022-12-27&tweet_search_mode=live&count=100&query_source=spelling_expansion_revert_click&pc=1&spelling_corrections=1&ext=mediaStats%252CcameraMoment
[2022-12-27 18:26:56,682] {twitter.py:135} INFO - Retrieving scroll page scroll:thGAVUV0VFVBYBFgEScRWAiXoVgIl6GARVU0VSNQEVABUAAA==
[2022-12-27 18:26:56,683] {base.py:56} INFO - Retrieving https://api.twitter.com/2/search/adaptive.json?include_profile_interstitial_type=1&include_blocking=1&include_blocked_by=1&include_followed_by=1&include_want_retweets=1&include_mute_edge=1&include_can_dm=1&include_can_media_tag=1&skip_status=1&cards_platform=Web-12&include_cards=1&include_composer_source=true&include_ext_alt_text=true&include_reply_count=1&tweet_mode=extended&include_entities=true&include_user_entities=true&include_ext_media_color=true&include_ext_media_availability=true&send_error_codes=true&simple_quoted_tweets=true&q=from%3Ajack%0Abtc+since%3A2022-12-26+until%3A2022-12-27&tweet_search_mode=live&count=100&query_source=spelling_expansion_revert_click&cursor=scroll%3AthGAVUV0VFVBYBFgEScRWAiXoVgIl6GARVU0VSNQEVABUAAA%3D%3D&pc=1&spelling_corrections=1&ext=mediaStats%252CcameraMoment
[2022-12-27 18:26:56,930] {logging_mixin.py:104} INFO - scrawling for ErikVoorhees
[2022-12-27 18:26:56,930] {logging_mixin.py:104} INFO - 
[2022-12-27 18:26:56,931] {twitter.py:100} INFO - Retrieving guest token from search page
[2022-12-27 18:26:56,931] {base.py:56} INFO - Retrieving https://twitter.com/search?f=live&lang=en&q=from%3AErikVoorhees%0Abitcoin+since%3A2022-12-26+until%3A2022-12-27&src=spelling_expansion_revert_click
[2022-12-27 18:26:57,664] {twitter.py:135} INFO - Retrieving scroll page None
[2022-12-27 18:26:57,673] {base.py:56} INFO - Retrieving https://api.twitter.com/2/search/adaptive.json?include_profile_interstitial_type=1&include_blocking=1&include_blocked_by=1&include_followed_by=1&include_want_retweets=1&include_mute_edge=1&include_can_dm=1&include_can_media_tag=1&skip_status=1&cards_platform=Web-12&include_cards=1&include_composer_source=true&include_ext_alt_text=true&include_reply_count=1&tweet_mode=extended&include_entities=true&include_user_entities=true&include_ext_media_color=true&include_ext_media_availability=true&send_error_codes=true&simple_quoted_tweets=true&q=from%3AErikVoorhees%0Abitcoin+since%3A2022-12-26+until%3A2022-12-27&tweet_search_mode=live&count=100&query_source=spelling_expansion_revert_click&pc=1&spelling_corrections=1&ext=mediaStats%252CcameraMoment
[2022-12-27 18:26:58,138] {twitter.py:135} INFO - Retrieving scroll page scroll:thGAVUV0VFVBYBFgEScRWAiXoVgIl6GARVU0VSNQEVABUAAA==
[2022-12-27 18:26:58,140] {base.py:56} INFO - Retrieving https://api.twitter.com/2/search/adaptive.json?include_profile_interstitial_type=1&include_blocking=1&include_blocked_by=1&include_followed_by=1&include_want_retweets=1&include_mute_edge=1&include_can_dm=1&include_can_media_tag=1&skip_status=1&cards_platform=Web-12&include_cards=1&include_composer_source=true&include_ext_alt_text=true&include_reply_count=1&tweet_mode=extended&include_entities=true&include_user_entities=true&include_ext_media_color=true&include_ext_media_availability=true&send_error_codes=true&simple_quoted_tweets=true&q=from%3AErikVoorhees%0Abitcoin+since%3A2022-12-26+until%3A2022-12-27&tweet_search_mode=live&count=100&query_source=spelling_expansion_revert_click&cursor=scroll%3AthGAVUV0VFVBYBFgEScRWAiXoVgIl6GARVU0VSNQEVABUAAA%3D%3D&pc=1&spelling_corrections=1&ext=mediaStats%252CcameraMoment
[2022-12-27 18:26:58,385] {twitter.py:100} INFO - Retrieving guest token from search page
[2022-12-27 18:26:58,386] {base.py:56} INFO - Retrieving https://twitter.com/search?f=live&lang=en&q=from%3AErikVoorhees%0Abtc+since%3A2022-12-26+until%3A2022-12-27&src=spelling_expansion_revert_click
[2022-12-27 18:26:59,046] {twitter.py:135} INFO - Retrieving scroll page None
[2022-12-27 18:26:59,048] {base.py:56} INFO - Retrieving https://api.twitter.com/2/search/adaptive.json?include_profile_interstitial_type=1&include_blocking=1&include_blocked_by=1&include_followed_by=1&include_want_retweets=1&include_mute_edge=1&include_can_dm=1&include_can_media_tag=1&skip_status=1&cards_platform=Web-12&include_cards=1&include_composer_source=true&include_ext_alt_text=true&include_reply_count=1&tweet_mode=extended&include_entities=true&include_user_entities=true&include_ext_media_color=true&include_ext_media_availability=true&send_error_codes=true&simple_quoted_tweets=true&q=from%3AErikVoorhees%0Abtc+since%3A2022-12-26+until%3A2022-12-27&tweet_search_mode=live&count=100&query_source=spelling_expansion_revert_click&pc=1&spelling_corrections=1&ext=mediaStats%252CcameraMoment
[2022-12-27 18:26:59,426] {twitter.py:135} INFO - Retrieving scroll page scroll:thGAVUV0VFVBYBFgEScRWAiXoVgIl6GARVU0VSNQEVABUAAA==
[2022-12-27 18:26:59,427] {base.py:56} INFO - Retrieving https://api.twitter.com/2/search/adaptive.json?include_profile_interstitial_type=1&include_blocking=1&include_blocked_by=1&include_followed_by=1&include_want_retweets=1&include_mute_edge=1&include_can_dm=1&include_can_media_tag=1&skip_status=1&cards_platform=Web-12&include_cards=1&include_composer_source=true&include_ext_alt_text=true&include_reply_count=1&tweet_mode=extended&include_entities=true&include_user_entities=true&include_ext_media_color=true&include_ext_media_availability=true&send_error_codes=true&simple_quoted_tweets=true&q=from%3AErikVoorhees%0Abtc+since%3A2022-12-26+until%3A2022-12-27&tweet_search_mode=live&count=100&query_source=spelling_expansion_revert_click&cursor=scroll%3AthGAVUV0VFVBYBFgEScRWAiXoVgIl6GARVU0VSNQEVABUAAA%3D%3D&pc=1&spelling_corrections=1&ext=mediaStats%252CcameraMoment
[2022-12-27 18:26:59,704] {logging_mixin.py:104} INFO - scrawling for Bitboy_Crypto
[2022-12-27 18:26:59,705] {logging_mixin.py:104} INFO - 
[2022-12-27 18:26:59,705] {twitter.py:100} INFO - Retrieving guest token from search page
[2022-12-27 18:26:59,706] {base.py:56} INFO - Retrieving https://twitter.com/search?f=live&lang=en&q=from%3ABitboy_Crypto%0Abitcoin+since%3A2022-12-26+until%3A2022-12-27&src=spelling_expansion_revert_click
[2022-12-27 18:27:00,450] {twitter.py:135} INFO - Retrieving scroll page None
[2022-12-27 18:27:00,452] {base.py:56} INFO - Retrieving https://api.twitter.com/2/search/adaptive.json?include_profile_interstitial_type=1&include_blocking=1&include_blocked_by=1&include_followed_by=1&include_want_retweets=1&include_mute_edge=1&include_can_dm=1&include_can_media_tag=1&skip_status=1&cards_platform=Web-12&include_cards=1&include_composer_source=true&include_ext_alt_text=true&include_reply_count=1&tweet_mode=extended&include_entities=true&include_user_entities=true&include_ext_media_color=true&include_ext_media_availability=true&send_error_codes=true&simple_quoted_tweets=true&q=from%3ABitboy_Crypto%0Abitcoin+since%3A2022-12-26+until%3A2022-12-27&tweet_search_mode=live&count=100&query_source=spelling_expansion_revert_click&pc=1&spelling_corrections=1&ext=mediaStats%252CcameraMoment
[2022-12-27 18:27:00,928] {twitter.py:135} INFO - Retrieving scroll page scroll:thGAVUV0VFVBaCgLChr5f3zSwWhMDSybL87M4sEnEVkId6FYCJehgEVVNFUjUBFQAVAAA=
[2022-12-27 18:27:00,929] {base.py:56} INFO - Retrieving https://api.twitter.com/2/search/adaptive.json?include_profile_interstitial_type=1&include_blocking=1&include_blocked_by=1&include_followed_by=1&include_want_retweets=1&include_mute_edge=1&include_can_dm=1&include_can_media_tag=1&skip_status=1&cards_platform=Web-12&include_cards=1&include_composer_source=true&include_ext_alt_text=true&include_reply_count=1&tweet_mode=extended&include_entities=true&include_user_entities=true&include_ext_media_color=true&include_ext_media_availability=true&send_error_codes=true&simple_quoted_tweets=true&q=from%3ABitboy_Crypto%0Abitcoin+since%3A2022-12-26+until%3A2022-12-27&tweet_search_mode=live&count=100&query_source=spelling_expansion_revert_click&cursor=scroll%3AthGAVUV0VFVBaCgLChr5f3zSwWhMDSybL87M4sEnEVkId6FYCJehgEVVNFUjUBFQAVAAA%3D&pc=1&spelling_corrections=1&ext=mediaStats%252CcameraMoment
[2022-12-27 18:27:01,185] {twitter.py:100} INFO - Retrieving guest token from search page
[2022-12-27 18:27:01,187] {base.py:56} INFO - Retrieving https://twitter.com/search?f=live&lang=en&q=from%3ABitboy_Crypto%0Abtc+since%3A2022-12-26+until%3A2022-12-27&src=spelling_expansion_revert_click
[2022-12-27 18:27:02,057] {twitter.py:135} INFO - Retrieving scroll page None
[2022-12-27 18:27:02,059] {base.py:56} INFO - Retrieving https://api.twitter.com/2/search/adaptive.json?include_profile_interstitial_type=1&include_blocking=1&include_blocked_by=1&include_followed_by=1&include_want_retweets=1&include_mute_edge=1&include_can_dm=1&include_can_media_tag=1&skip_status=1&cards_platform=Web-12&include_cards=1&include_composer_source=true&include_ext_alt_text=true&include_reply_count=1&tweet_mode=extended&include_entities=true&include_user_entities=true&include_ext_media_color=true&include_ext_media_availability=true&send_error_codes=true&simple_quoted_tweets=true&q=from%3ABitboy_Crypto%0Abtc+since%3A2022-12-26+until%3A2022-12-27&tweet_search_mode=live&count=100&query_source=spelling_expansion_revert_click&pc=1&spelling_corrections=1&ext=mediaStats%252CcameraMoment
[2022-12-27 18:27:02,723] {twitter.py:135} INFO - Retrieving scroll page scroll:thGAVUV0VFVBaEgLzpm7PDziwWhIC86Zuzw84sEnEV7Ih6FYCJehgEVVNFUjUBFQAVAAA=
[2022-12-27 18:27:02,725] {base.py:56} INFO - Retrieving https://api.twitter.com/2/search/adaptive.json?include_profile_interstitial_type=1&include_blocking=1&include_blocked_by=1&include_followed_by=1&include_want_retweets=1&include_mute_edge=1&include_can_dm=1&include_can_media_tag=1&skip_status=1&cards_platform=Web-12&include_cards=1&include_composer_source=true&include_ext_alt_text=true&include_reply_count=1&tweet_mode=extended&include_entities=true&include_user_entities=true&include_ext_media_color=true&include_ext_media_availability=true&send_error_codes=true&simple_quoted_tweets=true&q=from%3ABitboy_Crypto%0Abtc+since%3A2022-12-26+until%3A2022-12-27&tweet_search_mode=live&count=100&query_source=spelling_expansion_revert_click&cursor=scroll%3AthGAVUV0VFVBaEgLzpm7PDziwWhIC86Zuzw84sEnEV7Ih6FYCJehgEVVNFUjUBFQAVAAA%3D&pc=1&spelling_corrections=1&ext=mediaStats%252CcameraMoment
[2022-12-27 18:27:02,996] {logging_mixin.py:104} INFO - scrawling for NickSzabo4
[2022-12-27 18:27:02,997] {twitter.py:100} INFO - Retrieving guest token from search page
[2022-12-27 18:27:02,997] {base.py:56} INFO - Retrieving https://twitter.com/search?f=live&lang=en&q=from%3ANickSzabo4bitcoin+since%3A2022-12-26+until%3A2022-12-27&src=spelling_expansion_revert_click
[2022-12-27 18:27:03,867] {twitter.py:135} INFO - Retrieving scroll page None
[2022-12-27 18:27:03,869] {base.py:56} INFO - Retrieving https://api.twitter.com/2/search/adaptive.json?include_profile_interstitial_type=1&include_blocking=1&include_blocked_by=1&include_followed_by=1&include_want_retweets=1&include_mute_edge=1&include_can_dm=1&include_can_media_tag=1&skip_status=1&cards_platform=Web-12&include_cards=1&include_composer_source=true&include_ext_alt_text=true&include_reply_count=1&tweet_mode=extended&include_entities=true&include_user_entities=true&include_ext_media_color=true&include_ext_media_availability=true&send_error_codes=true&simple_quoted_tweets=true&q=from%3ANickSzabo4bitcoin+since%3A2022-12-26+until%3A2022-12-27&tweet_search_mode=live&count=100&query_source=spelling_expansion_revert_click&pc=1&spelling_corrections=1&ext=mediaStats%252CcameraMoment
[2022-12-27 18:27:04,490] {twitter.py:135} INFO - Retrieving scroll page scroll:thGAVUV0VFVBYBFgEScRWAiXoVgIl6GAdERUZBVUxUNQEVABUAAA==
[2022-12-27 18:27:04,496] {base.py:56} INFO - Retrieving https://api.twitter.com/2/search/adaptive.json?include_profile_interstitial_type=1&include_blocking=1&include_blocked_by=1&include_followed_by=1&include_want_retweets=1&include_mute_edge=1&include_can_dm=1&include_can_media_tag=1&skip_status=1&cards_platform=Web-12&include_cards=1&include_composer_source=true&include_ext_alt_text=true&include_reply_count=1&tweet_mode=extended&include_entities=true&include_user_entities=true&include_ext_media_color=true&include_ext_media_availability=true&send_error_codes=true&simple_quoted_tweets=true&q=from%3ANickSzabo4bitcoin+since%3A2022-12-26+until%3A2022-12-27&tweet_search_mode=live&count=100&query_source=spelling_expansion_revert_click&cursor=scroll%3AthGAVUV0VFVBYBFgEScRWAiXoVgIl6GAdERUZBVUxUNQEVABUAAA%3D%3D&pc=1&spelling_corrections=1&ext=mediaStats%252CcameraMoment
[2022-12-27 18:27:04,745] {twitter.py:100} INFO - Retrieving guest token from search page
[2022-12-27 18:27:04,746] {base.py:56} INFO - Retrieving https://twitter.com/search?f=live&lang=en&q=from%3ANickSzabo4btc+since%3A2022-12-26+until%3A2022-12-27&src=spelling_expansion_revert_click
[2022-12-27 18:27:05,424] {twitter.py:135} INFO - Retrieving scroll page None
[2022-12-27 18:27:05,426] {base.py:56} INFO - Retrieving https://api.twitter.com/2/search/adaptive.json?include_profile_interstitial_type=1&include_blocking=1&include_blocked_by=1&include_followed_by=1&include_want_retweets=1&include_mute_edge=1&include_can_dm=1&include_can_media_tag=1&skip_status=1&cards_platform=Web-12&include_cards=1&include_composer_source=true&include_ext_alt_text=true&include_reply_count=1&tweet_mode=extended&include_entities=true&include_user_entities=true&include_ext_media_color=true&include_ext_media_availability=true&send_error_codes=true&simple_quoted_tweets=true&q=from%3ANickSzabo4btc+since%3A2022-12-26+until%3A2022-12-27&tweet_search_mode=live&count=100&query_source=spelling_expansion_revert_click&pc=1&spelling_corrections=1&ext=mediaStats%252CcameraMoment
[2022-12-27 18:27:05,797] {twitter.py:135} INFO - Retrieving scroll page scroll:thGAVUV0VFVBYBFgEScRWAiXoVgIl6GAdERUZBVUxUNQEVABUAAA==
[2022-12-27 18:27:05,798] {base.py:56} INFO - Retrieving https://api.twitter.com/2/search/adaptive.json?include_profile_interstitial_type=1&include_blocking=1&include_blocked_by=1&include_followed_by=1&include_want_retweets=1&include_mute_edge=1&include_can_dm=1&include_can_media_tag=1&skip_status=1&cards_platform=Web-12&include_cards=1&include_composer_source=true&include_ext_alt_text=true&include_reply_count=1&tweet_mode=extended&include_entities=true&include_user_entities=true&include_ext_media_color=true&include_ext_media_availability=true&send_error_codes=true&simple_quoted_tweets=true&q=from%3ANickSzabo4btc+since%3A2022-12-26+until%3A2022-12-27&tweet_search_mode=live&count=100&query_source=spelling_expansion_revert_click&cursor=scroll%3AthGAVUV0VFVBYBFgEScRWAiXoVgIl6GAdERUZBVUxUNQEVABUAAA%3D%3D&pc=1&spelling_corrections=1&ext=mediaStats%252CcameraMoment
[2022-12-27 18:27:06,287] {logging_mixin.py:104} INFO - the dataframe is inserted
[2022-12-27 18:27:06,288] {python.py:118} INFO - Done. Returned value was: None
[2022-12-27 18:27:06,295] {taskinstance.py:1166} INFO - Marking task as SUCCESS. dag_id=crypto_data_etl_auto_train_model, task_id=get_tweet_and_analysis_sentiment, execution_date=20221226T070000, start_date=20221227T182613, end_date=20221227T182706
[2022-12-27 18:27:06,322] {taskinstance.py:1220} INFO - 1 downstream tasks scheduled from follow-on schedule check
[2022-12-27 18:27:06,336] {local_task_job.py:146} INFO - Task exited with return code 0
